2025-10-15 20:42:20,648 — InnovativeAnalyzer — INFO — Initializing BaseAnalyzer
2025-10-15 20:42:20,648 — InnovativeAnalyzer — INFO — Starting JSON load
2025-10-15 20:42:20,668 — InnovativeAnalyzer — INFO — JSON loaded: meta=True, dep=30, emp=755, proj=100, eq=200
2025-10-15 20:42:20,684 — InnovativeAnalyzer — INFO — Employees DF built: 21 rows for department_id=26
2025-10-15 20:42:20,694 — InnovativeAnalyzer — INFO — Projects DF built: 8 rows with department_id=26 participation
2025-10-15 20:42:20,695 — InnovativeAnalyzer — INFO — DF ready: employees=21 rows; projects=8 rows
2025-10-15 20:42:20,703 — InnovativeAnalyzer — INFO — Starting Innovation Effectiveness (global cohorts) analysis
2025-10-15 20:42:20,796 — InnovativeAnalyzer — INFO — Innovation Effectiveness (global cohorts) analysis completed successfully
2025-10-15 20:58:08,118 — InnovativeAnalyzer — INFO — Initializing BaseAnalyzer
2025-10-15 20:58:08,119 — InnovativeAnalyzer — INFO — Starting JSON load
2025-10-15 20:58:08,141 — InnovativeAnalyzer — INFO — JSON loaded: meta=True, dep=30, emp=755, proj=100, eq=200
2025-10-15 20:58:08,155 — InnovativeAnalyzer — INFO — Employees DF built: 21 rows for department_id=26
2025-10-15 20:58:08,164 — InnovativeAnalyzer — INFO — Projects DF built: 8 rows with department_id=26 participation
2025-10-15 20:58:08,165 — InnovativeAnalyzer — INFO — DF ready: employees=21 rows; projects=8 rows
2025-10-15 20:58:08,166 — InnovativeAnalyzer — INFO — Starting Innovation Effectiveness (global cohorts) analysis
2025-10-15 20:58:08,275 — InnovativeAnalyzer — INFO — Innovation Effectiveness (global cohorts) analysis completed successfully
2025-10-15 21:21:17,671 — InnovativeAnalyzer — INFO — Initializing BaseAnalyzer
2025-10-15 21:21:17,671 — InnovativeAnalyzer — INFO — Starting JSON load
2025-10-15 21:21:17,690 — InnovativeAnalyzer — INFO — JSON loaded: meta=True, dep=30, emp=755, proj=100, eq=200
2025-10-15 21:21:17,706 — InnovativeAnalyzer — INFO — Employees DF built: 21 rows for department_id=26
2025-10-15 21:21:17,715 — InnovativeAnalyzer — INFO — Projects DF built: 8 rows with department_id=26 participation
2025-10-15 21:21:17,715 — InnovativeAnalyzer — INFO — DF ready: employees=21 rows; projects=8 rows
2025-10-15 21:21:17,716 — InnovativeAnalyzer — INFO — Starting Innovation Effectiveness analysis
2025-10-15 21:21:17,817 — InnovativeAnalyzer — INFO — Innovation Effectiveness (global cohorts) analysis completed successfully
2025-10-15 21:23:03,483 — InnovativeAnalyzer — INFO — Initializing BaseAnalyzer
2025-10-15 21:23:03,484 — InnovativeAnalyzer — INFO — Starting JSON load
2025-10-15 21:23:03,506 — InnovativeAnalyzer — INFO — JSON loaded: meta=True, dep=30, emp=755, proj=100, eq=200
2025-10-15 21:23:03,520 — InnovativeAnalyzer — INFO — Employees DF built: 21 rows for department_id=26
2025-10-15 21:23:03,530 — InnovativeAnalyzer — INFO — Projects DF built: 8 rows with department_id=26 participation
2025-10-15 21:23:03,531 — InnovativeAnalyzer — INFO — DF ready: employees=21 rows; projects=8 rows
2025-10-15 21:23:03,531 — InnovativeAnalyzer — INFO — Starting Innovation Effectiveness analysis
2025-10-15 21:23:03,629 — InnovativeAnalyzer — INFO — Innovation Effectiveness (global cohorts) analysis completed successfully
2025-10-15 21:23:17,696 — InnovativeAnalyzer — INFO — Initializing BaseAnalyzer
2025-10-15 21:23:17,697 — InnovativeAnalyzer — INFO — Starting JSON load
2025-10-15 21:23:17,719 — InnovativeAnalyzer — INFO — JSON loaded: meta=True, dep=30, emp=755, proj=100, eq=200
2025-10-15 21:23:17,732 — InnovativeAnalyzer — INFO — Employees DF built: 21 rows for department_id=26
2025-10-15 21:23:17,741 — InnovativeAnalyzer — INFO — Projects DF built: 8 rows with department_id=26 participation
2025-10-15 21:23:17,742 — InnovativeAnalyzer — INFO — DF ready: employees=21 rows; projects=8 rows
2025-10-15 21:23:17,742 — InnovativeAnalyzer — INFO — Starting Innovation Effectiveness analysis
2025-10-15 21:23:17,837 — InnovativeAnalyzer — INFO — Innovation Effectiveness (global cohorts) analysis completed successfully
2025-10-15 21:23:24,416 — InnovativeAnalyzer — INFO — Initializing BaseAnalyzer
2025-10-15 21:23:24,416 — InnovativeAnalyzer — INFO — Starting JSON load
2025-10-15 21:23:24,435 — InnovativeAnalyzer — INFO — JSON loaded: meta=True, dep=30, emp=755, proj=100, eq=200
2025-10-15 21:23:24,451 — InnovativeAnalyzer — INFO — Employees DF built: 21 rows for department_id=26
2025-10-15 21:23:24,462 — InnovativeAnalyzer — INFO — Projects DF built: 8 rows with department_id=26 participation
2025-10-15 21:23:24,462 — InnovativeAnalyzer — INFO — DF ready: employees=21 rows; projects=8 rows
2025-10-15 21:23:24,463 — InnovativeAnalyzer — INFO — Starting Innovation Effectiveness analysis
2025-10-15 21:23:24,560 — InnovativeAnalyzer — INFO — Innovation Effectiveness (global cohorts) analysis completed successfully
2025-10-15 21:30:58,014 — InnovativeAnalyzer — INFO — Initializing BaseAnalyzer
2025-10-15 21:30:58,015 — InnovativeAnalyzer — INFO — Starting JSON load
2025-10-15 21:30:58,036 — InnovativeAnalyzer — INFO — JSON loaded: meta=True, dep=30, emp=755, proj=100, eq=200
2025-10-15 21:30:58,052 — InnovativeAnalyzer — INFO — Employees DF built: 21 rows for department_id=26
2025-10-15 21:30:58,061 — InnovativeAnalyzer — INFO — Projects DF built: 8 rows with department_id=26 participation
2025-10-15 21:30:58,062 — InnovativeAnalyzer — INFO — DF ready: employees=21 rows; projects=8 rows
2025-10-15 21:30:58,062 — InnovativeAnalyzer — INFO — Starting Innovation Effectiveness analysis
2025-10-15 21:30:58,160 — InnovativeAnalyzer — INFO — Innovation Effectiveness (global cohorts) analysis completed successfully
2025-10-15 21:31:31,876 — InnovativeAnalyzer — INFO — Initializing BaseAnalyzer
2025-10-15 21:31:31,876 — InnovativeAnalyzer — INFO — Starting JSON load
2025-10-15 21:31:31,897 — InnovativeAnalyzer — INFO — JSON loaded: meta=True, dep=30, emp=755, proj=100, eq=200
2025-10-15 21:31:31,911 — InnovativeAnalyzer — INFO — Employees DF built: 21 rows for department_id=26
2025-10-15 21:31:31,920 — InnovativeAnalyzer — INFO — Projects DF built: 8 rows with department_id=26 participation
2025-10-15 21:31:31,920 — InnovativeAnalyzer — INFO — DF ready: employees=21 rows; projects=8 rows
2025-10-15 21:31:31,920 — InnovativeAnalyzer — INFO — Starting Innovation Effectiveness analysis
2025-10-15 21:31:32,009 — InnovativeAnalyzer — INFO — Innovation Effectiveness (global cohorts) analysis completed successfully
2025-10-15 21:34:52,578 — InnovativeAnalyzer — INFO — Initializing BaseAnalyzer
2025-10-15 21:34:52,578 — InnovativeAnalyzer — INFO — Starting JSON load
2025-10-15 21:34:52,597 — InnovativeAnalyzer — INFO — JSON loaded: meta=True, dep=30, emp=755, proj=100, eq=200
2025-10-15 21:34:52,611 — InnovativeAnalyzer — INFO — Employees DF built: 21 rows for department_id=26
2025-10-15 21:34:52,620 — InnovativeAnalyzer — INFO — Projects DF built: 8 rows with department_id=26 participation
2025-10-15 21:34:52,621 — InnovativeAnalyzer — INFO — DF ready: employees=21 rows; projects=8 rows
2025-10-15 21:34:52,621 — InnovativeAnalyzer — INFO — Starting Innovation Effectiveness analysis
2025-10-15 21:34:52,713 — InnovativeAnalyzer — INFO — Innovation Effectiveness (global cohorts) analysis completed successfully
2025-10-15 21:37:47,633 — InnovativeAnalyzer — INFO — Initializing BaseAnalyzer
2025-10-15 21:37:47,633 — InnovativeAnalyzer — INFO — Starting JSON load
2025-10-15 21:37:47,652 — InnovativeAnalyzer — INFO — JSON loaded: meta=True, dep=30, emp=755, proj=100, eq=200
2025-10-15 21:37:47,672 — InnovativeAnalyzer — INFO — Employees DF built: 21 rows for department_id=26
2025-10-15 21:37:47,682 — InnovativeAnalyzer — INFO — Projects DF built: 8 rows with department_id=26 participation
2025-10-15 21:37:47,682 — InnovativeAnalyzer — INFO — DF ready: employees=21 rows; projects=8 rows
2025-10-15 21:37:47,683 — InnovativeAnalyzer — INFO — Starting Innovation Effectiveness analysis
2025-10-15 21:37:47,787 — InnovativeAnalyzer — INFO — Innovation Effectiveness (global cohorts) analysis completed successfully
2025-10-15 21:41:56,372 — InnovativeAnalyzer — INFO — Initializing BaseAnalyzer
2025-10-15 21:41:56,373 — InnovativeAnalyzer — INFO — Starting JSON load
2025-10-15 21:41:56,395 — InnovativeAnalyzer — INFO — JSON loaded: meta=True, dep=30, emp=755, proj=100, eq=200
2025-10-15 21:41:56,411 — InnovativeAnalyzer — INFO — Employees DF built: 21 rows for department_id=26
2025-10-15 21:41:56,423 — InnovativeAnalyzer — INFO — Projects DF built: 8 rows with department_id=26 participation
2025-10-15 21:41:56,424 — InnovativeAnalyzer — INFO — DF ready: employees=21 rows; projects=8 rows
2025-10-15 21:41:56,424 — InnovativeAnalyzer — INFO — Starting Innovation Effectiveness analysis
2025-10-15 21:41:56,527 — InnovativeAnalyzer — INFO — Innovation Effectiveness (global cohorts) analysis completed successfully
2025-10-15 21:44:12,588 — InnovativeAnalyzer — INFO — Initializing BaseAnalyzer
2025-10-15 21:44:12,589 — InnovativeAnalyzer — INFO — Starting JSON load
2025-10-15 21:44:12,610 — InnovativeAnalyzer — INFO — JSON loaded: meta=True, dep=30, emp=755, proj=100, eq=200
2025-10-15 21:44:12,629 — InnovativeAnalyzer — INFO — Employees DF built: 21 rows for department_id=26
2025-10-15 21:44:12,642 — InnovativeAnalyzer — INFO — Projects DF built: 8 rows with department_id=26 participation
2025-10-15 21:44:12,642 — InnovativeAnalyzer — INFO — DF ready: employees=21 rows; projects=8 rows
2025-10-15 21:44:12,643 — InnovativeAnalyzer — INFO — Starting Innovation Effectiveness analysis
2025-10-15 21:44:12,735 — InnovativeAnalyzer — INFO — Innovation Effectiveness (global cohorts) analysis completed successfully
2025-10-15 21:48:15,414 — InnovativeAnalyzer — INFO — Initializing BaseAnalyzer
2025-10-15 21:48:15,415 — InnovativeAnalyzer — INFO — Starting JSON load
2025-10-15 21:48:15,437 — InnovativeAnalyzer — INFO — JSON loaded: meta=True, dep=30, emp=755, proj=100, eq=200
2025-10-15 21:48:15,454 — InnovativeAnalyzer — INFO — Employees DF built: 21 rows for department_id=26
2025-10-15 21:48:15,464 — InnovativeAnalyzer — INFO — Projects DF built: 8 rows with department_id=26 participation
2025-10-15 21:48:15,465 — InnovativeAnalyzer — INFO — DF ready: employees=21 rows; projects=8 rows
2025-10-15 21:48:15,465 — InnovativeAnalyzer — INFO — Starting Innovation Effectiveness analysis
2025-10-15 21:48:15,568 — InnovativeAnalyzer — INFO — Innovation Effectiveness (global cohorts) analysis completed successfully
2025-10-15 21:56:34,926 — InnovativeAnalyzer — INFO — Initializing BaseAnalyzer
2025-10-15 21:56:34,926 — InnovativeAnalyzer — INFO — Starting JSON load
2025-10-15 21:56:34,949 — InnovativeAnalyzer — INFO — JSON loaded: meta=True, dep=30, emp=755, proj=100, eq=200
2025-10-15 21:56:34,964 — InnovativeAnalyzer — INFO — Employees DF built: 21 rows for department_id=26
2025-10-15 21:56:34,973 — InnovativeAnalyzer — INFO — Projects DF built: 8 rows with department_id=26 participation
2025-10-15 21:56:34,973 — InnovativeAnalyzer — INFO — DF ready: employees=21 rows; projects=8 rows
2025-10-15 21:56:34,974 — InnovativeAnalyzer — INFO — Starting Innovation Effectiveness analysis
2025-10-15 21:56:35,071 — InnovativeAnalyzer — INFO — Innovation Effectiveness (global cohorts) analysis completed successfully
2025-10-15 21:56:59,103 — InnovativeAnalyzer — INFO — Initializing BaseAnalyzer
2025-10-15 21:56:59,104 — InnovativeAnalyzer — INFO — Starting JSON load
2025-10-15 21:56:59,125 — InnovativeAnalyzer — INFO — JSON loaded: meta=True, dep=30, emp=755, proj=100, eq=200
2025-10-15 21:56:59,138 — InnovativeAnalyzer — INFO — Employees DF built: 21 rows for department_id=26
2025-10-15 21:56:59,148 — InnovativeAnalyzer — INFO — Projects DF built: 8 rows with department_id=26 participation
2025-10-15 21:56:59,148 — InnovativeAnalyzer — INFO — DF ready: employees=21 rows; projects=8 rows
2025-10-15 21:56:59,149 — InnovativeAnalyzer — INFO — Starting Innovation Effectiveness analysis
2025-10-15 21:56:59,246 — InnovativeAnalyzer — INFO — Innovation Effectiveness (global cohorts) analysis completed successfully
2025-10-15 22:00:05,005 — InnovativeAnalyzer — INFO — Initializing BaseAnalyzer
2025-10-15 22:00:05,005 — InnovativeAnalyzer — INFO — Starting JSON load
2025-10-15 22:00:05,027 — InnovativeAnalyzer — INFO — JSON loaded: meta=True, dep=30, emp=755, proj=100, eq=200
2025-10-15 22:00:05,042 — InnovativeAnalyzer — INFO — Employees DF built: 21 rows for department_id=26
2025-10-15 22:00:05,051 — InnovativeAnalyzer — INFO — Projects DF built: 8 rows with department_id=26 participation
2025-10-15 22:00:05,052 — InnovativeAnalyzer — INFO — DF ready: employees=21 rows; projects=8 rows
2025-10-15 22:00:05,052 — InnovativeAnalyzer — INFO — Starting Innovation Effectiveness analysis
2025-10-15 22:00:05,162 — InnovativeAnalyzer — INFO — Innovation Effectiveness (global cohorts) analysis completed successfully
2025-10-15 22:01:00,835 — InnovativeAnalyzer — INFO — Initializing BaseAnalyzer
2025-10-15 22:01:00,836 — InnovativeAnalyzer — INFO — Starting JSON load
2025-10-15 22:01:00,858 — InnovativeAnalyzer — INFO — JSON loaded: meta=True, dep=30, emp=755, proj=100, eq=200
2025-10-15 22:01:00,876 — InnovativeAnalyzer — INFO — Employees DF built: 21 rows for department_id=26
2025-10-15 22:01:00,890 — InnovativeAnalyzer — INFO — Projects DF built: 8 rows with department_id=26 participation
2025-10-15 22:01:00,891 — InnovativeAnalyzer — INFO — DF ready: employees=21 rows; projects=8 rows
2025-10-15 22:01:00,891 — InnovativeAnalyzer — INFO — Starting Innovation Effectiveness analysis
2025-10-15 22:01:00,990 — InnovativeAnalyzer — INFO — Innovation Effectiveness (global cohorts) analysis completed successfully
2025-10-15 22:10:20,529 — InnovativeAnalyzer — INFO — Initializing BaseAnalyzer
2025-10-15 22:10:20,530 — InnovativeAnalyzer — INFO — Starting JSON load
2025-10-15 22:10:20,548 — InnovativeAnalyzer — INFO — JSON loaded: meta=True, dep=30, emp=755, proj=100, eq=200
2025-10-15 22:10:20,562 — InnovativeAnalyzer — INFO — Employees DF built: 21 rows for department_id=26
2025-10-15 22:10:20,571 — InnovativeAnalyzer — INFO — Projects DF built: 8 rows with department_id=26 participation
2025-10-15 22:10:20,571 — InnovativeAnalyzer — INFO — DF ready: employees=21 rows; projects=8 rows
2025-10-15 22:10:20,571 — InnovativeAnalyzer — INFO — Starting Innovation Effectiveness analysis
2025-10-15 22:10:20,673 — InnovativeAnalyzer — INFO — Innovation Effectiveness (global cohorts) analysis completed successfully
2025-10-15 22:10:55,105 — InnovativeAnalyzer — INFO — Initializing BaseAnalyzer
2025-10-15 22:10:55,106 — InnovativeAnalyzer — INFO — Starting JSON load
2025-10-15 22:10:55,129 — InnovativeAnalyzer — INFO — JSON loaded: meta=True, dep=30, emp=755, proj=100, eq=200
2025-10-15 22:10:55,145 — InnovativeAnalyzer — INFO — Employees DF built: 21 rows for department_id=26
2025-10-15 22:10:55,155 — InnovativeAnalyzer — INFO — Projects DF built: 8 rows with department_id=26 participation
2025-10-15 22:10:55,155 — InnovativeAnalyzer — INFO — DF ready: employees=21 rows; projects=8 rows
2025-10-15 22:10:55,155 — InnovativeAnalyzer — INFO — Starting Innovation Effectiveness analysis
2025-10-15 22:10:55,251 — InnovativeAnalyzer — INFO — Innovation Effectiveness (global cohorts) analysis completed successfully
2025-10-15 22:18:54,913 — InnovativeAnalyzer — INFO — Initializing BaseAnalyzer
2025-10-15 22:18:54,919 — InnovativeAnalyzer — INFO — Starting JSON load
2025-10-15 22:18:54,937 — InnovativeAnalyzer — INFO — JSON loaded: meta=True, dep=30, emp=755, proj=100, eq=200
2025-10-15 22:18:54,952 — InnovativeAnalyzer — INFO — Employees DF built: 21 rows for department_id=26
2025-10-15 22:18:54,963 — InnovativeAnalyzer — INFO — Projects DF built: 8 rows with department_id=26 participation
2025-10-15 22:18:54,964 — InnovativeAnalyzer — INFO — DF ready: employees=21 rows; projects=8 rows
2025-10-15 22:18:54,965 — InnovativeAnalyzer — INFO — Starting Innovation Effectiveness analysis
2025-10-15 22:18:55,071 — InnovativeAnalyzer — INFO — Innovation Effectiveness (global cohorts) analysis completed successfully
2025-10-15 22:25:55,519 — InnovativeAnalyzer — INFO — Initializing BaseAnalyzer
2025-10-15 22:25:55,520 — InnovativeAnalyzer — INFO — Starting JSON load
2025-10-15 22:25:55,540 — InnovativeAnalyzer — INFO — JSON loaded: meta=True, dep=30, emp=755, proj=100, eq=200
2025-10-15 22:25:55,559 — InnovativeAnalyzer — INFO — Employees DF built: 21 rows for department_id=26
2025-10-15 22:25:55,569 — InnovativeAnalyzer — INFO — Projects DF built: 8 rows with department_id=26 participation
2025-10-15 22:25:55,570 — InnovativeAnalyzer — INFO — DF ready: employees=21 rows; projects=8 rows
2025-10-15 22:25:55,570 — InnovativeAnalyzer — INFO — Starting Innovation Effectiveness analysis
2025-10-15 22:25:55,668 — InnovativeAnalyzer — INFO — Innovation Effectiveness (global cohorts) analysis completed successfully
2025-10-15 22:27:10,239 — InnovativeAnalyzer — INFO — Initializing BaseAnalyzer
2025-10-15 22:27:10,240 — InnovativeAnalyzer — INFO — Starting JSON load
2025-10-15 22:27:10,264 — InnovativeAnalyzer — INFO — JSON loaded: meta=True, dep=30, emp=755, proj=100, eq=200
2025-10-15 22:27:10,281 — InnovativeAnalyzer — INFO — Employees DF built: 21 rows for department_id=26
2025-10-15 22:27:10,292 — InnovativeAnalyzer — INFO — Projects DF built: 8 rows with department_id=26 participation
2025-10-15 22:27:10,292 — InnovativeAnalyzer — INFO — DF ready: employees=21 rows; projects=8 rows
2025-10-15 22:27:10,293 — InnovativeAnalyzer — INFO — Starting Innovation Effectiveness analysis
2025-10-15 22:27:10,383 — InnovativeAnalyzer — INFO — Innovation Effectiveness (global cohorts) analysis completed successfully
2025-10-15 22:41:25,986 — InnovativeAnalyzer — INFO — Initializing BaseAnalyzer
2025-10-15 22:41:25,986 — InnovativeAnalyzer — INFO — Starting JSON load
2025-10-15 22:41:26,011 — InnovativeAnalyzer — INFO — JSON loaded: meta=True, dep=30, emp=755, proj=100, eq=200
2025-10-15 22:41:26,029 — InnovativeAnalyzer — INFO — Employees DF built: 21 rows for department_id=26
2025-10-15 22:41:26,041 — InnovativeAnalyzer — INFO — Projects DF built: 8 rows with department_id=26 participation
2025-10-15 22:41:26,041 — InnovativeAnalyzer — INFO — DF ready: employees=21 rows; projects=8 rows
2025-10-15 22:41:26,042 — InnovativeAnalyzer — INFO — Starting Innovation Effectiveness analysis
2025-10-15 22:41:26,149 — InnovativeAnalyzer — INFO — Innovation Effectiveness (global cohorts) analysis completed successfully
2025-10-15 22:42:18,709 — InnovativeAnalyzer — INFO — Initializing BaseAnalyzer
2025-10-15 22:42:18,710 — InnovativeAnalyzer — INFO — Starting JSON load
2025-10-15 22:42:18,731 — InnovativeAnalyzer — INFO — JSON loaded: meta=True, dep=30, emp=755, proj=100, eq=200
2025-10-15 22:42:18,748 — InnovativeAnalyzer — INFO — Employees DF built: 21 rows for department_id=26
2025-10-15 22:42:18,757 — InnovativeAnalyzer — INFO — Projects DF built: 8 rows with department_id=26 participation
2025-10-15 22:42:18,758 — InnovativeAnalyzer — INFO — DF ready: employees=21 rows; projects=8 rows
2025-10-15 22:42:18,758 — InnovativeAnalyzer — INFO — Starting Innovation Effectiveness analysis
2025-10-15 22:42:18,853 — InnovativeAnalyzer — INFO — Innovation Effectiveness (global cohorts) analysis completed successfully
2025-10-15 22:54:16,087 — InnovativeAnalyzer — INFO — Initializing BaseAnalyzer
2025-10-15 22:54:16,088 — InnovativeAnalyzer — INFO — Starting JSON load
2025-10-15 22:54:16,106 — InnovativeAnalyzer — INFO — JSON loaded: meta=True, dep=30, emp=755, proj=100, eq=200
2025-10-15 22:54:16,122 — InnovativeAnalyzer — INFO — Employees DF built: 21 rows for department_id=26
2025-10-15 22:54:16,133 — InnovativeAnalyzer — INFO — Projects DF built: 8 rows with department_id=26 participation
2025-10-15 22:54:16,135 — InnovativeAnalyzer — INFO — DF ready: employees=21 rows; projects=8 rows
2025-10-15 22:54:16,136 — InnovativeAnalyzer — INFO — Starting Innovation Effectiveness analysis
2025-10-15 22:54:16,248 — InnovativeAnalyzer — INFO — Innovation Effectiveness (global cohorts) analysis completed successfully
2025-10-15 23:08:04,474 — InnovativeAnalyzer — INFO — Initializing BaseAnalyzer
2025-10-15 23:08:04,475 — InnovativeAnalyzer — INFO — Starting JSON load
2025-10-15 23:08:04,500 — InnovativeAnalyzer — INFO — JSON loaded: meta=True, dep=30, emp=755, proj=100, eq=200
2025-10-15 23:08:04,521 — InnovativeAnalyzer — INFO — Employees DF built: 21 rows for department_id=26
2025-10-15 23:08:04,533 — InnovativeAnalyzer — INFO — Projects DF built: 8 rows with department_id=26 participation
2025-10-15 23:08:04,534 — InnovativeAnalyzer — INFO — DF ready: employees=21 rows; projects=8 rows
2025-10-15 23:08:04,535 — InnovativeAnalyzer — INFO — Starting Innovation Effectiveness analysis
2025-10-15 23:08:04,654 — InnovativeAnalyzer — INFO — Innovation Effectiveness (global cohorts) analysis completed successfully
2025-10-15 23:08:35,894 — InnovativeAnalyzer — INFO — Initializing BaseAnalyzer
2025-10-15 23:08:35,895 — InnovativeAnalyzer — INFO — Starting JSON load
2025-10-15 23:08:35,918 — InnovativeAnalyzer — INFO — JSON loaded: meta=True, dep=30, emp=755, proj=100, eq=200
2025-10-15 23:08:35,935 — InnovativeAnalyzer — INFO — Employees DF built: 21 rows for department_id=26
2025-10-15 23:08:35,949 — InnovativeAnalyzer — INFO — Projects DF built: 8 rows with department_id=26 participation
2025-10-15 23:08:35,949 — InnovativeAnalyzer — INFO — DF ready: employees=21 rows; projects=8 rows
2025-10-15 23:08:35,950 — InnovativeAnalyzer — INFO — Starting Innovation Effectiveness analysis
2025-10-15 23:08:36,059 — InnovativeAnalyzer — INFO — Innovation Effectiveness (global cohorts) analysis completed successfully
2025-10-15 23:16:32,541 — InnovativeAnalyzer — INFO — Initializing BaseAnalyzer
2025-10-15 23:16:32,542 — InnovativeAnalyzer — INFO — Starting JSON load
2025-10-15 23:16:32,569 — InnovativeAnalyzer — INFO — JSON loaded: meta=True, dep=30, emp=755, proj=100, eq=200
2025-10-15 23:16:32,584 — InnovativeAnalyzer — INFO — Employees DF built: 21 rows for department_id=26
2025-10-15 23:16:32,596 — InnovativeAnalyzer — INFO — Projects DF built: 8 rows with department_id=26 participation
2025-10-15 23:16:32,596 — InnovativeAnalyzer — INFO — DF ready: employees=21 rows; projects=8 rows
2025-10-15 23:16:32,596 — InnovativeAnalyzer — INFO — Starting Innovation Effectiveness analysis
2025-10-15 23:16:32,702 — InnovativeAnalyzer — INFO — Innovation Effectiveness (global cohorts) analysis completed successfully
2025-10-15 23:21:44,081 — InnovativeAnalyzer — INFO — Initializing BaseAnalyzer
2025-10-15 23:21:44,081 — InnovativeAnalyzer — INFO — Starting JSON load
2025-10-15 23:21:44,106 — InnovativeAnalyzer — INFO — JSON loaded: meta=True, dep=30, emp=755, proj=100, eq=200
2025-10-15 23:21:44,123 — InnovativeAnalyzer — INFO — Employees DF built: 21 rows for department_id=26
2025-10-15 23:21:44,131 — InnovativeAnalyzer — INFO — Projects DF built: 8 rows with department_id=26 participation
2025-10-15 23:21:44,132 — InnovativeAnalyzer — INFO — DF ready: employees=21 rows; projects=8 rows
2025-10-15 23:21:44,132 — InnovativeAnalyzer — INFO — Starting Innovation Effectiveness analysis
2025-10-15 23:21:44,245 — InnovativeAnalyzer — INFO — Innovation Effectiveness (global cohorts) analysis completed successfully
2025-10-15 23:25:03,246 — InnovativeAnalyzer — INFO — Initializing BaseAnalyzer
2025-10-15 23:25:03,247 — InnovativeAnalyzer — INFO — Starting JSON load
2025-10-15 23:25:03,267 — InnovativeAnalyzer — INFO — JSON loaded: meta=True, dep=30, emp=755, proj=100, eq=200
2025-10-15 23:25:03,284 — InnovativeAnalyzer — INFO — Employees DF built: 21 rows for department_id=26
2025-10-15 23:25:03,293 — InnovativeAnalyzer — INFO — Projects DF built: 8 rows with department_id=26 participation
2025-10-15 23:25:03,294 — InnovativeAnalyzer — INFO — DF ready: employees=21 rows; projects=8 rows
2025-10-15 23:25:03,294 — InnovativeAnalyzer — INFO — Starting Innovation Effectiveness analysis
2025-10-15 23:25:03,402 — InnovativeAnalyzer — INFO — Innovation Effectiveness (global cohorts) analysis completed successfully
2025-10-15 23:31:04,883 — InnovativeAnalyzer — INFO — Initializing BaseAnalyzer
2025-10-15 23:31:04,883 — InnovativeAnalyzer — INFO — Starting JSON load
2025-10-15 23:31:04,904 — InnovativeAnalyzer — INFO — JSON loaded: meta=True, dep=30, emp=755, proj=100, eq=200
2025-10-15 23:31:04,918 — InnovativeAnalyzer — INFO — Employees DF built: 21 rows for department_id=26
2025-10-15 23:31:04,930 — InnovativeAnalyzer — INFO — Projects DF built: 8 rows with department_id=26 participation
2025-10-15 23:31:04,931 — InnovativeAnalyzer — INFO — DF ready: employees=21 rows; projects=8 rows
2025-10-15 23:31:04,931 — InnovativeAnalyzer — INFO — Starting Innovation Effectiveness analysis
2025-10-15 23:31:05,031 — InnovativeAnalyzer — INFO — Innovation Effectiveness (global cohorts) analysis completed successfully
2025-10-15 23:31:43,679 — InnovativeAnalyzer — INFO — Initializing BaseAnalyzer
2025-10-15 23:31:43,679 — InnovativeAnalyzer — INFO — Starting JSON load
2025-10-15 23:31:43,699 — InnovativeAnalyzer — INFO — JSON loaded: meta=True, dep=30, emp=755, proj=100, eq=200
2025-10-15 23:31:43,717 — InnovativeAnalyzer — INFO — Employees DF built: 21 rows for department_id=26
2025-10-15 23:31:43,729 — InnovativeAnalyzer — INFO — Projects DF built: 8 rows with department_id=26 participation
2025-10-15 23:31:43,730 — InnovativeAnalyzer — INFO — DF ready: employees=21 rows; projects=8 rows
2025-10-15 23:31:43,730 — InnovativeAnalyzer — INFO — Starting Innovation Effectiveness analysis
2025-10-15 23:31:43,836 — InnovativeAnalyzer — INFO — Innovation Effectiveness (global cohorts) analysis completed successfully
2025-10-15 23:33:08,980 — InnovativeAnalyzer — INFO — Initializing BaseAnalyzer
2025-10-15 23:33:08,981 — InnovativeAnalyzer — INFO — Starting JSON load
2025-10-15 23:33:09,001 — InnovativeAnalyzer — INFO — JSON loaded: meta=True, dep=30, emp=755, proj=100, eq=200
2025-10-15 23:33:09,014 — InnovativeAnalyzer — INFO — Employees DF built: 21 rows for department_id=26
2025-10-15 23:33:09,027 — InnovativeAnalyzer — INFO — Projects DF built: 8 rows with department_id=26 participation
2025-10-15 23:33:09,027 — InnovativeAnalyzer — INFO — DF ready: employees=21 rows; projects=8 rows
2025-10-15 23:33:09,028 — InnovativeAnalyzer — INFO — Starting Innovation Effectiveness analysis
2025-10-15 23:33:09,125 — InnovativeAnalyzer — INFO — Innovation Effectiveness (global cohorts) analysis completed successfully
2025-10-15 23:43:09,576 — InnovativeAnalyzer — INFO — Initializing BaseAnalyzer
2025-10-15 23:43:09,576 — InnovativeAnalyzer — INFO — Starting JSON load
2025-10-15 23:43:09,595 — InnovativeAnalyzer — INFO — JSON loaded: meta=True, dep=30, emp=755, proj=100, eq=200
2025-10-15 23:43:09,610 — InnovativeAnalyzer — INFO — Employees DF built: 21 rows for department_id=26
2025-10-15 23:43:09,624 — InnovativeAnalyzer — INFO — Projects DF built: 8 rows with department_id=26 participation
2025-10-15 23:43:09,624 — InnovativeAnalyzer — INFO — DF ready: employees=21 rows; projects=8 rows
2025-10-15 23:43:09,624 — InnovativeAnalyzer — INFO — Starting Innovation Effectiveness analysis
2025-10-15 23:43:09,726 — InnovativeAnalyzer — INFO — Innovation Effectiveness (global cohorts) analysis completed successfully
2025-10-15 23:46:10,657 — InnovativeAnalyzer — INFO — Initializing BaseAnalyzer
2025-10-15 23:46:10,658 — InnovativeAnalyzer — INFO — Starting JSON load
2025-10-15 23:46:10,679 — InnovativeAnalyzer — INFO — JSON loaded: meta=True, dep=30, emp=755, proj=100, eq=200
2025-10-15 23:46:10,696 — InnovativeAnalyzer — INFO — Employees DF built: 21 rows for department_id=26
2025-10-15 23:46:10,709 — InnovativeAnalyzer — INFO — Projects DF built: 8 rows with department_id=26 participation
2025-10-15 23:46:10,709 — InnovativeAnalyzer — INFO — DF ready: employees=21 rows; projects=8 rows
2025-10-15 23:46:10,709 — InnovativeAnalyzer — INFO — Starting Innovation Effectiveness analysis
2025-10-15 23:46:10,809 — InnovativeAnalyzer — INFO — Innovation Effectiveness (global cohorts) analysis completed successfully
2025-10-15 23:50:56,797 — InnovativeAnalyzer — INFO — Initializing BaseAnalyzer
2025-10-15 23:50:56,798 — InnovativeAnalyzer — INFO — Starting JSON load
2025-10-15 23:50:56,818 — InnovativeAnalyzer — INFO — JSON loaded: meta=True, dep=30, emp=755, proj=100, eq=200
2025-10-15 23:50:56,835 — InnovativeAnalyzer — INFO — Employees DF built: 21 rows for department_id=26
2025-10-15 23:50:56,844 — InnovativeAnalyzer — INFO — Projects DF built: 8 rows with department_id=26 participation
2025-10-15 23:50:56,845 — InnovativeAnalyzer — INFO — DF ready: employees=21 rows; projects=8 rows
2025-10-15 23:50:56,847 — InnovativeAnalyzer — INFO — Starting Innovation Effectiveness analysis
2025-10-15 23:50:56,955 — InnovativeAnalyzer — INFO — Innovation Effectiveness (global cohorts) analysis completed successfully
