2025-10-15 20:42:20,800 — InterdepartmentalAnalyzer — INFO — Initializing BaseAnalyzer
2025-10-15 20:42:20,801 — InterdepartmentalAnalyzer — INFO — Starting JSON load
2025-10-15 20:42:20,824 — InterdepartmentalAnalyzer — INFO — JSON loaded: meta=True, dep=30, emp=755, proj=100, eq=200
2025-10-15 20:42:20,837 — InterdepartmentalAnalyzer — INFO — Employees DF built: 21 rows for department_id=26
2025-10-15 20:42:20,849 — InterdepartmentalAnalyzer — INFO — Projects DF built: 8 rows with department_id=26 participation
2025-10-15 20:42:20,860 — InterdepartmentalAnalyzer — INFO — DF ready: employees=21 rows; projects=8 rows
2025-10-15 20:42:20,860 — InterdepartmentalAnalyzer — INFO — Starting Interdepartmental Collaboration analysis
2025-10-15 20:42:20,861 — InterdepartmentalAnalyzer — INFO — Calculating metric: collaboration_rate_percent
2025-10-15 20:42:20,862 — InterdepartmentalAnalyzer — INFO — Metric calculated: collaboration_rate_percent = 87.5%
2025-10-15 20:42:20,896 — InterdepartmentalAnalyzer — INFO — Interdepartmental Collaboration analysis completed successfully
2025-10-15 20:58:08,277 — InterdepartmentalAnalyzer — INFO — Initializing BaseAnalyzer
2025-10-15 20:58:08,278 — InterdepartmentalAnalyzer — INFO — Starting JSON load
2025-10-15 20:58:08,297 — InterdepartmentalAnalyzer — INFO — JSON loaded: meta=True, dep=30, emp=755, proj=100, eq=200
2025-10-15 20:58:08,317 — InterdepartmentalAnalyzer — INFO — Employees DF built: 21 rows for department_id=26
2025-10-15 20:58:08,327 — InterdepartmentalAnalyzer — INFO — Projects DF built: 8 rows with department_id=26 participation
2025-10-15 20:58:08,329 — InterdepartmentalAnalyzer — INFO — DF ready: employees=21 rows; projects=8 rows
2025-10-15 20:58:08,330 — InterdepartmentalAnalyzer — INFO — Starting Interdepartmental Collaboration analysis
2025-10-15 20:58:08,330 — InterdepartmentalAnalyzer — INFO — Calculating metric: collaboration_rate_percent
2025-10-15 20:58:08,331 — InterdepartmentalAnalyzer — INFO — Metric calculated: collaboration_rate_percent = 87.5%
2025-10-15 20:58:08,360 — InterdepartmentalAnalyzer — INFO — Interdepartmental Collaboration analysis completed successfully
2025-10-15 21:23:03,631 — InterdepartmentalAnalyzer — INFO — Initializing BaseAnalyzer
2025-10-15 21:23:03,632 — InterdepartmentalAnalyzer — INFO — Starting JSON load
2025-10-15 21:23:03,651 — InterdepartmentalAnalyzer — INFO — JSON loaded: meta=True, dep=30, emp=755, proj=100, eq=200
2025-10-15 21:23:03,666 — InterdepartmentalAnalyzer — INFO — Employees DF built: 21 rows for department_id=26
2025-10-15 21:23:03,676 — InterdepartmentalAnalyzer — INFO — Projects DF built: 8 rows with department_id=26 participation
2025-10-15 21:23:03,676 — InterdepartmentalAnalyzer — INFO — DF ready: employees=21 rows; projects=8 rows
2025-10-15 21:23:03,676 — InterdepartmentalAnalyzer — INFO — Starting Interdepartmental Collaboration analysis
2025-10-15 21:23:03,678 — InterdepartmentalAnalyzer — INFO — Calculating metric: collaboration_rate_percent
2025-10-15 21:23:03,679 — InterdepartmentalAnalyzer — INFO — Metric calculated: collaboration_rate_percent = 87.5%
2025-10-15 21:23:03,710 — InterdepartmentalAnalyzer — INFO — Interdepartmental Collaboration analysis completed successfully
2025-10-15 21:23:17,842 — InterdepartmentalAnalyzer — INFO — Initializing BaseAnalyzer
2025-10-15 21:23:17,843 — InterdepartmentalAnalyzer — INFO — Starting JSON load
2025-10-15 21:23:17,867 — InterdepartmentalAnalyzer — INFO — JSON loaded: meta=True, dep=30, emp=755, proj=100, eq=200
2025-10-15 21:23:17,882 — InterdepartmentalAnalyzer — INFO — Employees DF built: 21 rows for department_id=26
2025-10-15 21:23:17,892 — InterdepartmentalAnalyzer — INFO — Projects DF built: 8 rows with department_id=26 participation
2025-10-15 21:23:17,892 — InterdepartmentalAnalyzer — INFO — DF ready: employees=21 rows; projects=8 rows
2025-10-15 21:23:17,893 — InterdepartmentalAnalyzer — INFO — Starting Interdepartmental Collaboration analysis
2025-10-15 21:23:17,893 — InterdepartmentalAnalyzer — INFO — Calculating metric: collaboration_rate_percent
2025-10-15 21:23:17,893 — InterdepartmentalAnalyzer — INFO — Metric calculated: collaboration_rate_percent = 87.5%
2025-10-15 21:23:17,926 — InterdepartmentalAnalyzer — INFO — Interdepartmental Collaboration analysis completed successfully
2025-10-15 21:23:24,563 — InterdepartmentalAnalyzer — INFO — Initializing BaseAnalyzer
2025-10-15 21:23:24,563 — InterdepartmentalAnalyzer — INFO — Starting JSON load
2025-10-15 21:23:24,584 — InterdepartmentalAnalyzer — INFO — JSON loaded: meta=True, dep=30, emp=755, proj=100, eq=200
2025-10-15 21:23:24,599 — InterdepartmentalAnalyzer — INFO — Employees DF built: 21 rows for department_id=26
2025-10-15 21:23:24,607 — InterdepartmentalAnalyzer — INFO — Projects DF built: 8 rows with department_id=26 participation
2025-10-15 21:23:24,608 — InterdepartmentalAnalyzer — INFO — DF ready: employees=21 rows; projects=8 rows
2025-10-15 21:23:24,608 — InterdepartmentalAnalyzer — INFO — Starting Interdepartmental Collaboration analysis
2025-10-15 21:23:24,608 — InterdepartmentalAnalyzer — INFO — Calculating metric: collaboration_rate_percent
2025-10-15 21:23:24,609 — InterdepartmentalAnalyzer — INFO — Metric calculated: collaboration_rate_percent = 87.5%
2025-10-15 21:23:24,636 — InterdepartmentalAnalyzer — INFO — Interdepartmental Collaboration analysis completed successfully
2025-10-15 21:30:58,163 — InterdepartmentalAnalyzer — INFO — Initializing BaseAnalyzer
2025-10-15 21:30:58,163 — InterdepartmentalAnalyzer — INFO — Starting JSON load
2025-10-15 21:30:58,181 — InterdepartmentalAnalyzer — INFO — JSON loaded: meta=True, dep=30, emp=755, proj=100, eq=200
2025-10-15 21:30:58,195 — InterdepartmentalAnalyzer — INFO — Employees DF built: 21 rows for department_id=26
2025-10-15 21:30:58,206 — InterdepartmentalAnalyzer — INFO — Projects DF built: 8 rows with department_id=26 participation
2025-10-15 21:30:58,206 — InterdepartmentalAnalyzer — INFO — DF ready: employees=21 rows; projects=8 rows
2025-10-15 21:30:58,207 — InterdepartmentalAnalyzer — INFO — Starting Interdepartmental Collaboration analysis
2025-10-15 21:30:58,207 — InterdepartmentalAnalyzer — INFO — Calculating metric: collaboration_rate_percent
2025-10-15 21:30:58,209 — InterdepartmentalAnalyzer — INFO — Metric calculated: collaboration_rate_percent = 87.5%
2025-10-15 21:30:58,241 — InterdepartmentalAnalyzer — INFO — Interdepartmental Collaboration analysis completed successfully
2025-10-15 21:31:32,012 — InterdepartmentalAnalyzer — INFO — Initializing BaseAnalyzer
2025-10-15 21:31:32,012 — InterdepartmentalAnalyzer — INFO — Starting JSON load
2025-10-15 21:31:32,036 — InterdepartmentalAnalyzer — INFO — JSON loaded: meta=True, dep=30, emp=755, proj=100, eq=200
2025-10-15 21:31:32,054 — InterdepartmentalAnalyzer — INFO — Employees DF built: 21 rows for department_id=26
2025-10-15 21:31:32,066 — InterdepartmentalAnalyzer — INFO — Projects DF built: 8 rows with department_id=26 participation
2025-10-15 21:31:32,066 — InterdepartmentalAnalyzer — INFO — DF ready: employees=21 rows; projects=8 rows
2025-10-15 21:31:32,066 — InterdepartmentalAnalyzer — INFO — Starting Interdepartmental Collaboration analysis
2025-10-15 21:31:32,067 — InterdepartmentalAnalyzer — INFO — Calculating metric: collaboration_rate_percent
2025-10-15 21:31:32,068 — InterdepartmentalAnalyzer — INFO — Metric calculated: collaboration_rate_percent = 87.5%
2025-10-15 21:31:32,105 — InterdepartmentalAnalyzer — INFO — Interdepartmental Collaboration analysis completed successfully
2025-10-15 21:34:52,715 — InterdepartmentalAnalyzer — INFO — Initializing BaseAnalyzer
2025-10-15 21:34:52,716 — InterdepartmentalAnalyzer — INFO — Starting JSON load
2025-10-15 21:34:52,735 — InterdepartmentalAnalyzer — INFO — JSON loaded: meta=True, dep=30, emp=755, proj=100, eq=200
2025-10-15 21:34:52,750 — InterdepartmentalAnalyzer — INFO — Employees DF built: 21 rows for department_id=26
2025-10-15 21:34:52,760 — InterdepartmentalAnalyzer — INFO — Projects DF built: 8 rows with department_id=26 participation
2025-10-15 21:34:52,761 — InterdepartmentalAnalyzer — INFO — DF ready: employees=21 rows; projects=8 rows
2025-10-15 21:34:52,761 — InterdepartmentalAnalyzer — INFO — Starting Interdepartmental Collaboration analysis
2025-10-15 21:34:52,762 — InterdepartmentalAnalyzer — INFO — Calculating metric: collaboration_rate_percent
2025-10-15 21:34:52,763 — InterdepartmentalAnalyzer — INFO — Metric calculated: collaboration_rate_percent = 87.5%
2025-10-15 21:34:52,790 — InterdepartmentalAnalyzer — INFO — Interdepartmental Collaboration analysis completed successfully
2025-10-15 21:37:47,789 — InterdepartmentalAnalyzer — INFO — Initializing BaseAnalyzer
2025-10-15 21:37:47,790 — InterdepartmentalAnalyzer — INFO — Starting JSON load
2025-10-15 21:37:47,807 — InterdepartmentalAnalyzer — INFO — JSON loaded: meta=True, dep=30, emp=755, proj=100, eq=200
2025-10-15 21:37:47,825 — InterdepartmentalAnalyzer — INFO — Employees DF built: 21 rows for department_id=26
2025-10-15 21:37:47,837 — InterdepartmentalAnalyzer — INFO — Projects DF built: 8 rows with department_id=26 participation
2025-10-15 21:37:47,838 — InterdepartmentalAnalyzer — INFO — DF ready: employees=21 rows; projects=8 rows
2025-10-15 21:37:47,838 — InterdepartmentalAnalyzer — INFO — Starting Interdepartmental Collaboration analysis
2025-10-15 21:37:47,839 — InterdepartmentalAnalyzer — INFO — Calculating metric: collaboration_rate_percent
2025-10-15 21:37:47,841 — InterdepartmentalAnalyzer — INFO — Metric calculated: collaboration_rate_percent = 87.5%
2025-10-15 21:37:47,876 — InterdepartmentalAnalyzer — INFO — Interdepartmental Collaboration analysis completed successfully
2025-10-15 21:41:56,529 — InterdepartmentalAnalyzer — INFO — Initializing BaseAnalyzer
2025-10-15 21:41:56,530 — InterdepartmentalAnalyzer — INFO — Starting JSON load
2025-10-15 21:41:56,551 — InterdepartmentalAnalyzer — INFO — JSON loaded: meta=True, dep=30, emp=755, proj=100, eq=200
2025-10-15 21:41:56,566 — InterdepartmentalAnalyzer — INFO — Employees DF built: 21 rows for department_id=26
2025-10-15 21:41:56,578 — InterdepartmentalAnalyzer — INFO — Projects DF built: 8 rows with department_id=26 participation
2025-10-15 21:41:56,579 — InterdepartmentalAnalyzer — INFO — DF ready: employees=21 rows; projects=8 rows
2025-10-15 21:41:56,579 — InterdepartmentalAnalyzer — INFO — Starting Interdepartmental Collaboration analysis
2025-10-15 21:41:56,579 — InterdepartmentalAnalyzer — INFO — Calculating metric: collaboration_rate_percent
2025-10-15 21:41:56,580 — InterdepartmentalAnalyzer — INFO — Metric calculated: collaboration_rate_percent = 87.5%
2025-10-15 21:41:56,609 — InterdepartmentalAnalyzer — INFO — Interdepartmental Collaboration analysis completed successfully
2025-10-15 21:44:12,738 — InterdepartmentalAnalyzer — INFO — Initializing BaseAnalyzer
2025-10-15 21:44:12,738 — InterdepartmentalAnalyzer — INFO — Starting JSON load
2025-10-15 21:44:12,771 — InterdepartmentalAnalyzer — INFO — JSON loaded: meta=True, dep=30, emp=755, proj=100, eq=200
2025-10-15 21:44:12,788 — InterdepartmentalAnalyzer — INFO — Employees DF built: 21 rows for department_id=26
2025-10-15 21:44:12,796 — InterdepartmentalAnalyzer — INFO — Projects DF built: 8 rows with department_id=26 participation
2025-10-15 21:44:12,797 — InterdepartmentalAnalyzer — INFO — DF ready: employees=21 rows; projects=8 rows
2025-10-15 21:44:12,797 — InterdepartmentalAnalyzer — INFO — Starting Interdepartmental Collaboration analysis
2025-10-15 21:44:12,798 — InterdepartmentalAnalyzer — INFO — Calculating metric: collaboration_rate_percent
2025-10-15 21:44:12,800 — InterdepartmentalAnalyzer — INFO — Metric calculated: collaboration_rate_percent = 87.5%
2025-10-15 21:44:12,837 — InterdepartmentalAnalyzer — INFO — Interdepartmental Collaboration analysis completed successfully
2025-10-15 21:48:15,570 — InterdepartmentalAnalyzer — INFO — Initializing BaseAnalyzer
2025-10-15 21:48:15,571 — InterdepartmentalAnalyzer — INFO — Starting JSON load
2025-10-15 21:48:15,598 — InterdepartmentalAnalyzer — INFO — JSON loaded: meta=True, dep=30, emp=755, proj=100, eq=200
2025-10-15 21:48:15,614 — InterdepartmentalAnalyzer — INFO — Employees DF built: 21 rows for department_id=26
2025-10-15 21:48:15,622 — InterdepartmentalAnalyzer — INFO — Projects DF built: 8 rows with department_id=26 participation
2025-10-15 21:48:15,623 — InterdepartmentalAnalyzer — INFO — DF ready: employees=21 rows; projects=8 rows
2025-10-15 21:48:15,623 — InterdepartmentalAnalyzer — INFO — Starting Interdepartmental Collaboration analysis
2025-10-15 21:48:15,624 — InterdepartmentalAnalyzer — INFO — Calculating metric: collaboration_rate_percent
2025-10-15 21:48:15,625 — InterdepartmentalAnalyzer — INFO — Metric calculated: collaboration_rate_percent = 87.5%
2025-10-15 21:48:15,662 — InterdepartmentalAnalyzer — INFO — Interdepartmental Collaboration analysis completed successfully
2025-10-15 21:56:35,073 — InterdepartmentalAnalyzer — INFO — Initializing BaseAnalyzer
2025-10-15 21:56:35,074 — InterdepartmentalAnalyzer — INFO — Starting JSON load
2025-10-15 21:56:35,095 — InterdepartmentalAnalyzer — INFO — JSON loaded: meta=True, dep=30, emp=755, proj=100, eq=200
2025-10-15 21:56:35,113 — InterdepartmentalAnalyzer — INFO — Employees DF built: 21 rows for department_id=26
2025-10-15 21:56:35,123 — InterdepartmentalAnalyzer — INFO — Projects DF built: 8 rows with department_id=26 participation
2025-10-15 21:56:35,123 — InterdepartmentalAnalyzer — INFO — DF ready: employees=21 rows; projects=8 rows
2025-10-15 21:56:35,124 — InterdepartmentalAnalyzer — INFO — Starting Interdepartmental Collaboration analysis
2025-10-15 21:56:35,125 — InterdepartmentalAnalyzer — INFO — Calculating metric: collaboration_rate_percent
2025-10-15 21:56:35,126 — InterdepartmentalAnalyzer — INFO — Metric calculated: collaboration_rate_percent = 87.5%
2025-10-15 21:56:35,159 — InterdepartmentalAnalyzer — INFO — Interdepartmental Collaboration analysis completed successfully
2025-10-15 21:56:59,249 — InterdepartmentalAnalyzer — INFO — Initializing BaseAnalyzer
2025-10-15 21:56:59,249 — InterdepartmentalAnalyzer — INFO — Starting JSON load
2025-10-15 21:56:59,272 — InterdepartmentalAnalyzer — INFO — JSON loaded: meta=True, dep=30, emp=755, proj=100, eq=200
2025-10-15 21:56:59,289 — InterdepartmentalAnalyzer — INFO — Employees DF built: 21 rows for department_id=26
2025-10-15 21:56:59,300 — InterdepartmentalAnalyzer — INFO — Projects DF built: 8 rows with department_id=26 participation
2025-10-15 21:56:59,301 — InterdepartmentalAnalyzer — INFO — DF ready: employees=21 rows; projects=8 rows
2025-10-15 21:56:59,301 — InterdepartmentalAnalyzer — INFO — Starting Interdepartmental Collaboration analysis
2025-10-15 21:56:59,302 — InterdepartmentalAnalyzer — INFO — Calculating metric: collaboration_rate_percent
2025-10-15 21:56:59,303 — InterdepartmentalAnalyzer — INFO — Metric calculated: collaboration_rate_percent = 87.5%
2025-10-15 21:56:59,333 — InterdepartmentalAnalyzer — INFO — Interdepartmental Collaboration analysis completed successfully
2025-10-15 22:00:05,165 — InterdepartmentalAnalyzer — INFO — Initializing BaseAnalyzer
2025-10-15 22:00:05,166 — InterdepartmentalAnalyzer — INFO — Starting JSON load
2025-10-15 22:00:05,191 — InterdepartmentalAnalyzer — INFO — JSON loaded: meta=True, dep=30, emp=755, proj=100, eq=200
2025-10-15 22:00:05,206 — InterdepartmentalAnalyzer — INFO — Employees DF built: 21 rows for department_id=26
2025-10-15 22:00:05,215 — InterdepartmentalAnalyzer — INFO — Projects DF built: 8 rows with department_id=26 participation
2025-10-15 22:00:05,216 — InterdepartmentalAnalyzer — INFO — DF ready: employees=21 rows; projects=8 rows
2025-10-15 22:00:05,216 — InterdepartmentalAnalyzer — INFO — Starting Interdepartmental Collaboration analysis
2025-10-15 22:00:05,217 — InterdepartmentalAnalyzer — INFO — Calculating metric: collaboration_rate_percent
2025-10-15 22:00:05,219 — InterdepartmentalAnalyzer — INFO — Metric calculated: collaboration_rate_percent = 87.5%
2025-10-15 22:00:05,251 — InterdepartmentalAnalyzer — INFO — Interdepartmental Collaboration analysis completed successfully
2025-10-15 22:01:00,993 — InterdepartmentalAnalyzer — INFO — Initializing BaseAnalyzer
2025-10-15 22:01:00,994 — InterdepartmentalAnalyzer — INFO — Starting JSON load
2025-10-15 22:01:01,017 — InterdepartmentalAnalyzer — INFO — JSON loaded: meta=True, dep=30, emp=755, proj=100, eq=200
2025-10-15 22:01:01,034 — InterdepartmentalAnalyzer — INFO — Employees DF built: 21 rows for department_id=26
2025-10-15 22:01:01,046 — InterdepartmentalAnalyzer — INFO — Projects DF built: 8 rows with department_id=26 participation
2025-10-15 22:01:01,047 — InterdepartmentalAnalyzer — INFO — DF ready: employees=21 rows; projects=8 rows
2025-10-15 22:01:01,047 — InterdepartmentalAnalyzer — INFO — Starting Interdepartmental Collaboration analysis
2025-10-15 22:01:01,047 — InterdepartmentalAnalyzer — INFO — Calculating metric: collaboration_rate_percent
2025-10-15 22:01:01,048 — InterdepartmentalAnalyzer — INFO — Metric calculated: collaboration_rate_percent = 87.5%
2025-10-15 22:01:01,081 — InterdepartmentalAnalyzer — INFO — Interdepartmental Collaboration analysis completed successfully
2025-10-15 22:10:20,676 — InterdepartmentalAnalyzer — INFO — Initializing BaseAnalyzer
2025-10-15 22:10:20,676 — InterdepartmentalAnalyzer — INFO — Starting JSON load
2025-10-15 22:10:20,694 — InterdepartmentalAnalyzer — INFO — JSON loaded: meta=True, dep=30, emp=755, proj=100, eq=200
2025-10-15 22:10:20,711 — InterdepartmentalAnalyzer — INFO — Employees DF built: 21 rows for department_id=26
2025-10-15 22:10:20,721 — InterdepartmentalAnalyzer — INFO — Projects DF built: 8 rows with department_id=26 participation
2025-10-15 22:10:20,721 — InterdepartmentalAnalyzer — INFO — DF ready: employees=21 rows; projects=8 rows
2025-10-15 22:10:20,721 — InterdepartmentalAnalyzer — INFO — Starting Interdepartmental Collaboration analysis
2025-10-15 22:10:20,723 — InterdepartmentalAnalyzer — INFO — Calculating metric: collaboration_rate_percent
2025-10-15 22:10:20,723 — InterdepartmentalAnalyzer — INFO — Metric calculated: collaboration_rate_percent = 87.5%
2025-10-15 22:10:20,754 — InterdepartmentalAnalyzer — INFO — Interdepartmental Collaboration analysis completed successfully
2025-10-15 22:10:55,253 — InterdepartmentalAnalyzer — INFO — Initializing BaseAnalyzer
2025-10-15 22:10:55,254 — InterdepartmentalAnalyzer — INFO — Starting JSON load
2025-10-15 22:10:55,276 — InterdepartmentalAnalyzer — INFO — JSON loaded: meta=True, dep=30, emp=755, proj=100, eq=200
2025-10-15 22:10:55,292 — InterdepartmentalAnalyzer — INFO — Employees DF built: 21 rows for department_id=26
2025-10-15 22:10:55,304 — InterdepartmentalAnalyzer — INFO — Projects DF built: 8 rows with department_id=26 participation
2025-10-15 22:10:55,304 — InterdepartmentalAnalyzer — INFO — DF ready: employees=21 rows; projects=8 rows
2025-10-15 22:10:55,305 — InterdepartmentalAnalyzer — INFO — Starting Interdepartmental Collaboration analysis
2025-10-15 22:10:55,305 — InterdepartmentalAnalyzer — INFO — Calculating metric: collaboration_rate_percent
2025-10-15 22:10:55,306 — InterdepartmentalAnalyzer — INFO — Metric calculated: collaboration_rate_percent = 87.5%
2025-10-15 22:10:55,337 — InterdepartmentalAnalyzer — INFO — Interdepartmental Collaboration analysis completed successfully
2025-10-15 22:18:55,073 — InterdepartmentalAnalyzer — INFO — Initializing BaseAnalyzer
2025-10-15 22:18:55,074 — InterdepartmentalAnalyzer — INFO — Starting JSON load
2025-10-15 22:18:55,093 — InterdepartmentalAnalyzer — INFO — JSON loaded: meta=True, dep=30, emp=755, proj=100, eq=200
2025-10-15 22:18:55,107 — InterdepartmentalAnalyzer — INFO — Employees DF built: 21 rows for department_id=26
2025-10-15 22:18:55,121 — InterdepartmentalAnalyzer — INFO — Projects DF built: 8 rows with department_id=26 participation
2025-10-15 22:18:55,121 — InterdepartmentalAnalyzer — INFO — DF ready: employees=21 rows; projects=8 rows
2025-10-15 22:18:55,121 — InterdepartmentalAnalyzer — INFO — Starting Interdepartmental Collaboration analysis
2025-10-15 22:18:55,122 — InterdepartmentalAnalyzer — INFO — Calculating metric: collaboration_rate_percent
2025-10-15 22:18:55,123 — InterdepartmentalAnalyzer — INFO — Metric calculated: collaboration_rate_percent = 87.5%
2025-10-15 22:18:55,152 — InterdepartmentalAnalyzer — INFO — Interdepartmental Collaboration analysis completed successfully
2025-10-15 22:25:55,671 — InterdepartmentalAnalyzer — INFO — Initializing BaseAnalyzer
2025-10-15 22:25:55,672 — InterdepartmentalAnalyzer — INFO — Starting JSON load
2025-10-15 22:25:55,692 — InterdepartmentalAnalyzer — INFO — JSON loaded: meta=True, dep=30, emp=755, proj=100, eq=200
2025-10-15 22:25:55,707 — InterdepartmentalAnalyzer — INFO — Employees DF built: 21 rows for department_id=26
2025-10-15 22:25:55,717 — InterdepartmentalAnalyzer — INFO — Projects DF built: 8 rows with department_id=26 participation
2025-10-15 22:25:55,717 — InterdepartmentalAnalyzer — INFO — DF ready: employees=21 rows; projects=8 rows
2025-10-15 22:25:55,717 — InterdepartmentalAnalyzer — INFO — Starting Interdepartmental Collaboration analysis
2025-10-15 22:25:55,718 — InterdepartmentalAnalyzer — INFO — Calculating metric: collaboration_rate_percent
2025-10-15 22:25:55,718 — InterdepartmentalAnalyzer — INFO — Metric calculated: collaboration_rate_percent = 87.5%
2025-10-15 22:25:55,746 — InterdepartmentalAnalyzer — INFO — Interdepartmental Collaboration analysis completed successfully
2025-10-15 22:27:10,385 — InterdepartmentalAnalyzer — INFO — Initializing BaseAnalyzer
2025-10-15 22:27:10,386 — InterdepartmentalAnalyzer — INFO — Starting JSON load
2025-10-15 22:27:10,404 — InterdepartmentalAnalyzer — INFO — JSON loaded: meta=True, dep=30, emp=755, proj=100, eq=200
2025-10-15 22:27:10,420 — InterdepartmentalAnalyzer — INFO — Employees DF built: 21 rows for department_id=26
2025-10-15 22:27:10,430 — InterdepartmentalAnalyzer — INFO — Projects DF built: 8 rows with department_id=26 participation
2025-10-15 22:27:10,430 — InterdepartmentalAnalyzer — INFO — DF ready: employees=21 rows; projects=8 rows
2025-10-15 22:27:10,431 — InterdepartmentalAnalyzer — INFO — Starting Interdepartmental Collaboration analysis
2025-10-15 22:27:10,432 — InterdepartmentalAnalyzer — INFO — Calculating metric: collaboration_rate_percent
2025-10-15 22:27:10,433 — InterdepartmentalAnalyzer — INFO — Metric calculated: collaboration_rate_percent = 87.5%
2025-10-15 22:27:10,465 — InterdepartmentalAnalyzer — INFO — Interdepartmental Collaboration analysis completed successfully
2025-10-15 22:41:27,489 — InterdepartmentalAnalyzer — INFO — Initializing BaseAnalyzer
2025-10-15 22:41:27,490 — InterdepartmentalAnalyzer — INFO — Starting JSON load
2025-10-15 22:41:27,509 — InterdepartmentalAnalyzer — INFO — JSON loaded: meta=True, dep=30, emp=755, proj=100, eq=200
2025-10-15 22:41:27,531 — InterdepartmentalAnalyzer — INFO — Employees DF built: 21 rows for department_id=26
2025-10-15 22:41:27,543 — InterdepartmentalAnalyzer — INFO — Projects DF built: 8 rows with department_id=26 participation
2025-10-15 22:41:27,544 — InterdepartmentalAnalyzer — INFO — DF ready: employees=21 rows; projects=8 rows
2025-10-15 22:41:27,544 — InterdepartmentalAnalyzer — INFO — Starting Interdepartmental Collaboration analysis
2025-10-15 22:41:27,545 — InterdepartmentalAnalyzer — INFO — Calculating metric: collaboration_rate_percent
2025-10-15 22:41:27,546 — InterdepartmentalAnalyzer — INFO — Metric calculated: collaboration_rate_percent = 87.5%
2025-10-15 22:41:27,584 — InterdepartmentalAnalyzer — INFO — Interdepartmental Collaboration analysis completed successfully
2025-10-15 22:42:20,052 — InterdepartmentalAnalyzer — INFO — Initializing BaseAnalyzer
2025-10-15 22:42:20,052 — InterdepartmentalAnalyzer — INFO — Starting JSON load
2025-10-15 22:42:20,072 — InterdepartmentalAnalyzer — INFO — JSON loaded: meta=True, dep=30, emp=755, proj=100, eq=200
2025-10-15 22:42:20,090 — InterdepartmentalAnalyzer — INFO — Employees DF built: 21 rows for department_id=26
2025-10-15 22:42:20,101 — InterdepartmentalAnalyzer — INFO — Projects DF built: 8 rows with department_id=26 participation
2025-10-15 22:42:20,102 — InterdepartmentalAnalyzer — INFO — DF ready: employees=21 rows; projects=8 rows
2025-10-15 22:42:20,102 — InterdepartmentalAnalyzer — INFO — Starting Interdepartmental Collaboration analysis
2025-10-15 22:42:20,103 — InterdepartmentalAnalyzer — INFO — Calculating metric: collaboration_rate_percent
2025-10-15 22:42:20,104 — InterdepartmentalAnalyzer — INFO — Metric calculated: collaboration_rate_percent = 87.5%
2025-10-15 22:42:20,134 — InterdepartmentalAnalyzer — INFO — Interdepartmental Collaboration analysis completed successfully
2025-10-15 22:54:17,524 — InterdepartmentalAnalyzer — INFO — Initializing BaseAnalyzer
2025-10-15 22:54:17,524 — InterdepartmentalAnalyzer — INFO — Starting JSON load
2025-10-15 22:54:17,544 — InterdepartmentalAnalyzer — INFO — JSON loaded: meta=True, dep=30, emp=755, proj=100, eq=200
2025-10-15 22:54:17,560 — InterdepartmentalAnalyzer — INFO — Employees DF built: 21 rows for department_id=26
2025-10-15 22:54:17,573 — InterdepartmentalAnalyzer — INFO — Projects DF built: 8 rows with department_id=26 participation
2025-10-15 22:54:17,573 — InterdepartmentalAnalyzer — INFO — DF ready: employees=21 rows; projects=8 rows
2025-10-15 22:54:17,574 — InterdepartmentalAnalyzer — INFO — Starting Interdepartmental Collaboration analysis
2025-10-15 22:54:17,574 — InterdepartmentalAnalyzer — INFO — Calculating metric: collaboration_rate_percent
2025-10-15 22:54:17,575 — InterdepartmentalAnalyzer — INFO — Metric calculated: collaboration_rate_percent = 87.5%
2025-10-15 22:54:17,610 — InterdepartmentalAnalyzer — INFO — Interdepartmental Collaboration analysis completed successfully
2025-10-15 23:08:05,897 — InterdepartmentalAnalyzer — INFO — Initializing BaseAnalyzer
2025-10-15 23:08:05,897 — InterdepartmentalAnalyzer — INFO — Starting JSON load
2025-10-15 23:08:05,918 — InterdepartmentalAnalyzer — INFO — JSON loaded: meta=True, dep=30, emp=755, proj=100, eq=200
2025-10-15 23:08:05,939 — InterdepartmentalAnalyzer — INFO — Employees DF built: 21 rows for department_id=26
2025-10-15 23:08:05,950 — InterdepartmentalAnalyzer — INFO — Projects DF built: 8 rows with department_id=26 participation
2025-10-15 23:08:05,950 — InterdepartmentalAnalyzer — INFO — DF ready: employees=21 rows; projects=8 rows
2025-10-15 23:08:05,950 — InterdepartmentalAnalyzer — INFO — Starting Interdepartmental Collaboration analysis
2025-10-15 23:08:05,952 — InterdepartmentalAnalyzer — INFO — Calculating metric: collaboration_rate_percent
2025-10-15 23:08:05,953 — InterdepartmentalAnalyzer — INFO — Metric calculated: collaboration_rate_percent = 87.5%
2025-10-15 23:08:05,991 — InterdepartmentalAnalyzer — INFO — Interdepartmental Collaboration analysis completed successfully
2025-10-15 23:08:37,314 — InterdepartmentalAnalyzer — INFO — Initializing BaseAnalyzer
2025-10-15 23:08:37,314 — InterdepartmentalAnalyzer — INFO — Starting JSON load
2025-10-15 23:08:37,339 — InterdepartmentalAnalyzer — INFO — JSON loaded: meta=True, dep=30, emp=755, proj=100, eq=200
2025-10-15 23:08:37,354 — InterdepartmentalAnalyzer — INFO — Employees DF built: 21 rows for department_id=26
2025-10-15 23:08:37,366 — InterdepartmentalAnalyzer — INFO — Projects DF built: 8 rows with department_id=26 participation
2025-10-15 23:08:37,367 — InterdepartmentalAnalyzer — INFO — DF ready: employees=21 rows; projects=8 rows
2025-10-15 23:08:37,367 — InterdepartmentalAnalyzer — INFO — Starting Interdepartmental Collaboration analysis
2025-10-15 23:08:37,368 — InterdepartmentalAnalyzer — INFO — Calculating metric: collaboration_rate_percent
2025-10-15 23:08:37,369 — InterdepartmentalAnalyzer — INFO — Metric calculated: collaboration_rate_percent = 87.5%
2025-10-15 23:08:37,408 — InterdepartmentalAnalyzer — INFO — Interdepartmental Collaboration analysis completed successfully
2025-10-15 23:16:33,871 — InterdepartmentalAnalyzer — INFO — Initializing BaseAnalyzer
2025-10-15 23:16:33,872 — InterdepartmentalAnalyzer — INFO — Starting JSON load
2025-10-15 23:16:33,895 — InterdepartmentalAnalyzer — INFO — JSON loaded: meta=True, dep=30, emp=755, proj=100, eq=200
2025-10-15 23:16:33,908 — InterdepartmentalAnalyzer — INFO — Employees DF built: 21 rows for department_id=26
2025-10-15 23:16:33,920 — InterdepartmentalAnalyzer — INFO — Projects DF built: 8 rows with department_id=26 participation
2025-10-15 23:16:33,920 — InterdepartmentalAnalyzer — INFO — DF ready: employees=21 rows; projects=8 rows
2025-10-15 23:16:33,920 — InterdepartmentalAnalyzer — INFO — Starting Interdepartmental Collaboration analysis
2025-10-15 23:16:33,921 — InterdepartmentalAnalyzer — INFO — Calculating metric: collaboration_rate_percent
2025-10-15 23:16:33,922 — InterdepartmentalAnalyzer — INFO — Metric calculated: collaboration_rate_percent = 87.5%
2025-10-15 23:16:33,954 — InterdepartmentalAnalyzer — INFO — Interdepartmental Collaboration analysis completed successfully
2025-10-15 23:21:45,695 — InterdepartmentalAnalyzer — INFO — Initializing BaseAnalyzer
2025-10-15 23:21:45,696 — InterdepartmentalAnalyzer — INFO — Starting JSON load
2025-10-15 23:21:45,719 — InterdepartmentalAnalyzer — INFO — JSON loaded: meta=True, dep=30, emp=755, proj=100, eq=200
2025-10-15 23:21:45,740 — InterdepartmentalAnalyzer — INFO — Employees DF built: 21 rows for department_id=26
2025-10-15 23:21:45,751 — InterdepartmentalAnalyzer — INFO — Projects DF built: 8 rows with department_id=26 participation
2025-10-15 23:21:45,751 — InterdepartmentalAnalyzer — INFO — DF ready: employees=21 rows; projects=8 rows
2025-10-15 23:21:45,752 — InterdepartmentalAnalyzer — INFO — Starting Interdepartmental Collaboration analysis
2025-10-15 23:21:45,754 — InterdepartmentalAnalyzer — INFO — Calculating metric: collaboration_rate_percent
2025-10-15 23:21:45,756 — InterdepartmentalAnalyzer — INFO — Metric calculated: collaboration_rate_percent = 87.5%
2025-10-15 23:21:45,794 — InterdepartmentalAnalyzer — INFO — Interdepartmental Collaboration analysis completed successfully
2025-10-15 23:25:04,759 — InterdepartmentalAnalyzer — INFO — Initializing BaseAnalyzer
2025-10-15 23:25:04,759 — InterdepartmentalAnalyzer — INFO — Starting JSON load
2025-10-15 23:25:04,782 — InterdepartmentalAnalyzer — INFO — JSON loaded: meta=True, dep=30, emp=755, proj=100, eq=200
2025-10-15 23:25:04,798 — InterdepartmentalAnalyzer — INFO — Employees DF built: 21 rows for department_id=26
2025-10-15 23:25:04,810 — InterdepartmentalAnalyzer — INFO — Projects DF built: 8 rows with department_id=26 participation
2025-10-15 23:25:04,811 — InterdepartmentalAnalyzer — INFO — DF ready: employees=21 rows; projects=8 rows
2025-10-15 23:25:04,812 — InterdepartmentalAnalyzer — INFO — Starting Interdepartmental Collaboration analysis
2025-10-15 23:25:04,813 — InterdepartmentalAnalyzer — INFO — Calculating metric: collaboration_rate_percent
2025-10-15 23:25:04,814 — InterdepartmentalAnalyzer — INFO — Metric calculated: collaboration_rate_percent = 87.5%
2025-10-15 23:25:04,846 — InterdepartmentalAnalyzer — INFO — Interdepartmental Collaboration analysis completed successfully
2025-10-15 23:31:06,229 — InterdepartmentalAnalyzer — INFO — Initializing BaseAnalyzer
2025-10-15 23:31:06,229 — InterdepartmentalAnalyzer — INFO — Starting JSON load
2025-10-15 23:31:06,248 — InterdepartmentalAnalyzer — INFO — JSON loaded: meta=True, dep=30, emp=755, proj=100, eq=200
2025-10-15 23:31:06,273 — InterdepartmentalAnalyzer — INFO — Employees DF built: 21 rows for department_id=26
2025-10-15 23:31:06,282 — InterdepartmentalAnalyzer — INFO — Projects DF built: 8 rows with department_id=26 participation
2025-10-15 23:31:06,282 — InterdepartmentalAnalyzer — INFO — DF ready: employees=21 rows; projects=8 rows
2025-10-15 23:31:06,283 — InterdepartmentalAnalyzer — INFO — Starting Interdepartmental Collaboration analysis
2025-10-15 23:31:06,283 — InterdepartmentalAnalyzer — INFO — Calculating metric: collaboration_rate_percent
2025-10-15 23:31:06,284 — InterdepartmentalAnalyzer — INFO — Metric calculated: collaboration_rate_percent = 87.5%
2025-10-15 23:31:06,317 — InterdepartmentalAnalyzer — INFO — Interdepartmental Collaboration analysis completed successfully
2025-10-15 23:31:45,071 — InterdepartmentalAnalyzer — INFO — Initializing BaseAnalyzer
2025-10-15 23:31:45,071 — InterdepartmentalAnalyzer — INFO — Starting JSON load
2025-10-15 23:31:45,092 — InterdepartmentalAnalyzer — INFO — JSON loaded: meta=True, dep=30, emp=755, proj=100, eq=200
2025-10-15 23:31:45,110 — InterdepartmentalAnalyzer — INFO — Employees DF built: 21 rows for department_id=26
2025-10-15 23:31:45,120 — InterdepartmentalAnalyzer — INFO — Projects DF built: 8 rows with department_id=26 participation
2025-10-15 23:31:45,121 — InterdepartmentalAnalyzer — INFO — DF ready: employees=21 rows; projects=8 rows
2025-10-15 23:31:45,121 — InterdepartmentalAnalyzer — INFO — Starting Interdepartmental Collaboration analysis
2025-10-15 23:31:45,121 — InterdepartmentalAnalyzer — INFO — Calculating metric: collaboration_rate_percent
2025-10-15 23:31:45,122 — InterdepartmentalAnalyzer — INFO — Metric calculated: collaboration_rate_percent = 87.5%
2025-10-15 23:31:45,155 — InterdepartmentalAnalyzer — INFO — Interdepartmental Collaboration analysis completed successfully
2025-10-15 23:33:10,361 — InterdepartmentalAnalyzer — INFO — Initializing BaseAnalyzer
2025-10-15 23:33:10,361 — InterdepartmentalAnalyzer — INFO — Starting JSON load
2025-10-15 23:33:10,383 — InterdepartmentalAnalyzer — INFO — JSON loaded: meta=True, dep=30, emp=755, proj=100, eq=200
2025-10-15 23:33:10,403 — InterdepartmentalAnalyzer — INFO — Employees DF built: 21 rows for department_id=26
2025-10-15 23:33:10,414 — InterdepartmentalAnalyzer — INFO — Projects DF built: 8 rows with department_id=26 participation
2025-10-15 23:33:10,414 — InterdepartmentalAnalyzer — INFO — DF ready: employees=21 rows; projects=8 rows
2025-10-15 23:33:10,415 — InterdepartmentalAnalyzer — INFO — Starting Interdepartmental Collaboration analysis
2025-10-15 23:33:10,415 — InterdepartmentalAnalyzer — INFO — Calculating metric: collaboration_rate_percent
2025-10-15 23:33:10,416 — InterdepartmentalAnalyzer — INFO — Metric calculated: collaboration_rate_percent = 87.5%
2025-10-15 23:33:10,450 — InterdepartmentalAnalyzer — INFO — Interdepartmental Collaboration analysis completed successfully
2025-10-15 23:43:10,961 — InterdepartmentalAnalyzer — INFO — Initializing BaseAnalyzer
2025-10-15 23:43:10,962 — InterdepartmentalAnalyzer — INFO — Starting JSON load
2025-10-15 23:43:10,986 — InterdepartmentalAnalyzer — INFO — JSON loaded: meta=True, dep=30, emp=755, proj=100, eq=200
2025-10-15 23:43:11,003 — InterdepartmentalAnalyzer — INFO — Employees DF built: 21 rows for department_id=26
2025-10-15 23:43:11,011 — InterdepartmentalAnalyzer — INFO — Projects DF built: 8 rows with department_id=26 participation
2025-10-15 23:43:11,012 — InterdepartmentalAnalyzer — INFO — DF ready: employees=21 rows; projects=8 rows
2025-10-15 23:43:11,013 — InterdepartmentalAnalyzer — INFO — Starting Interdepartmental Collaboration analysis
2025-10-15 23:43:11,014 — InterdepartmentalAnalyzer — INFO — Calculating metric: collaboration_rate_percent
2025-10-15 23:43:11,015 — InterdepartmentalAnalyzer — INFO — Metric calculated: collaboration_rate_percent = 87.5%
2025-10-15 23:43:11,050 — InterdepartmentalAnalyzer — INFO — Interdepartmental Collaboration analysis completed successfully
2025-10-15 23:46:12,028 — InterdepartmentalAnalyzer — INFO — Initializing BaseAnalyzer
2025-10-15 23:46:12,029 — InterdepartmentalAnalyzer — INFO — Starting JSON load
2025-10-15 23:46:12,052 — InterdepartmentalAnalyzer — INFO — JSON loaded: meta=True, dep=30, emp=755, proj=100, eq=200
2025-10-15 23:46:12,069 — InterdepartmentalAnalyzer — INFO — Employees DF built: 21 rows for department_id=26
2025-10-15 23:46:12,080 — InterdepartmentalAnalyzer — INFO — Projects DF built: 8 rows with department_id=26 participation
2025-10-15 23:46:12,081 — InterdepartmentalAnalyzer — INFO — DF ready: employees=21 rows; projects=8 rows
2025-10-15 23:46:12,081 — InterdepartmentalAnalyzer — INFO — Starting Interdepartmental Collaboration analysis
2025-10-15 23:46:12,083 — InterdepartmentalAnalyzer — INFO — Calculating metric: collaboration_rate_percent
2025-10-15 23:46:12,084 — InterdepartmentalAnalyzer — INFO — Metric calculated: collaboration_rate_percent = 87.5%
2025-10-15 23:46:12,118 — InterdepartmentalAnalyzer — INFO — Interdepartmental Collaboration analysis completed successfully
2025-10-15 23:50:58,197 — InterdepartmentalAnalyzer — INFO — Initializing BaseAnalyzer
2025-10-15 23:50:58,197 — InterdepartmentalAnalyzer — INFO — Starting JSON load
2025-10-15 23:50:58,214 — InterdepartmentalAnalyzer — INFO — JSON loaded: meta=True, dep=30, emp=755, proj=100, eq=200
2025-10-15 23:50:58,228 — InterdepartmentalAnalyzer — INFO — Employees DF built: 21 rows for department_id=26
2025-10-15 23:50:58,238 — InterdepartmentalAnalyzer — INFO — Projects DF built: 8 rows with department_id=26 participation
2025-10-15 23:50:58,242 — InterdepartmentalAnalyzer — INFO — DF ready: employees=21 rows; projects=8 rows
2025-10-15 23:50:58,242 — InterdepartmentalAnalyzer — INFO — Starting Interdepartmental Collaboration analysis
2025-10-15 23:50:58,243 — InterdepartmentalAnalyzer — INFO — Calculating metric: collaboration_rate_percent
2025-10-15 23:50:58,243 — InterdepartmentalAnalyzer — INFO — Metric calculated: collaboration_rate_percent = 87.5%
2025-10-15 23:50:58,277 — InterdepartmentalAnalyzer — INFO — Interdepartmental Collaboration analysis completed successfully
