2025-10-13 13:50:13,514 — InterdepartmentalAnalyzer — INFO — Initializing BaseAnalyzer
2025-10-13 13:50:13,515 — InterdepartmentalAnalyzer — INFO — Starting JSON load
2025-10-13 13:50:13,536 — InterdepartmentalAnalyzer — INFO — JSON loaded: meta=True, dep=30, emp=755, proj=100, eq=200
2025-10-13 13:50:13,550 — InterdepartmentalAnalyzer — INFO — Employees DF built: 21 rows for department_id=26
2025-10-13 13:50:13,561 — InterdepartmentalAnalyzer — INFO — Projects DF built: 8 rows with department_id=26 participation
2025-10-13 13:50:13,569 — InterdepartmentalAnalyzer — INFO — DF ready: employees=21 rows; projects=8 rows
2025-10-13 13:50:13,571 — InterdepartmentalAnalyzer — INFO — Starting Interdepartmental Collaboration analysis
2025-10-13 13:50:13,572 — InterdepartmentalAnalyzer — INFO — Calculating metric: collaboration_rate_percent
2025-10-13 13:50:13,573 — InterdepartmentalAnalyzer — INFO — Metric calculated: collaboration_rate_percent = 87.5%
2025-10-13 13:50:13,623 — InterdepartmentalAnalyzer — INFO — Interdepartmental Collaboration analysis completed successfully
2025-10-13 13:50:54,804 — InterdepartmentalAnalyzer — INFO — Initializing BaseAnalyzer
2025-10-13 13:50:54,804 — InterdepartmentalAnalyzer — INFO — Starting JSON load
2025-10-13 13:50:54,833 — InterdepartmentalAnalyzer — INFO — JSON loaded: meta=True, dep=30, emp=755, proj=100, eq=200
2025-10-13 13:50:54,851 — InterdepartmentalAnalyzer — INFO — Employees DF built: 21 rows for department_id=26
2025-10-13 13:50:54,860 — InterdepartmentalAnalyzer — INFO — Projects DF built: 8 rows with department_id=26 participation
2025-10-13 13:50:54,861 — InterdepartmentalAnalyzer — INFO — DF ready: employees=21 rows; projects=8 rows
2025-10-13 13:50:54,861 — InterdepartmentalAnalyzer — INFO — Starting Interdepartmental Collaboration analysis
2025-10-13 13:50:54,862 — InterdepartmentalAnalyzer — INFO — Calculating metric: collaboration_rate_percent
2025-10-13 13:50:54,863 — InterdepartmentalAnalyzer — INFO — Metric calculated: collaboration_rate_percent = 87.5%
2025-10-13 13:50:54,892 — InterdepartmentalAnalyzer — INFO — Interdepartmental Collaboration analysis completed successfully
2025-10-13 13:51:14,246 — InterdepartmentalAnalyzer — INFO — Initializing BaseAnalyzer
2025-10-13 13:51:14,247 — InterdepartmentalAnalyzer — INFO — Starting JSON load
2025-10-13 13:51:14,267 — InterdepartmentalAnalyzer — INFO — JSON loaded: meta=True, dep=30, emp=755, proj=100, eq=200
2025-10-13 13:51:14,282 — InterdepartmentalAnalyzer — INFO — Employees DF built: 21 rows for department_id=26
2025-10-13 13:51:14,293 — InterdepartmentalAnalyzer — INFO — Projects DF built: 8 rows with department_id=26 participation
2025-10-13 13:51:14,294 — InterdepartmentalAnalyzer — INFO — DF ready: employees=21 rows; projects=8 rows
2025-10-13 13:51:14,294 — InterdepartmentalAnalyzer — INFO — Starting Interdepartmental Collaboration analysis
2025-10-13 13:51:14,295 — InterdepartmentalAnalyzer — INFO — Calculating metric: collaboration_rate_percent
2025-10-13 13:51:14,296 — InterdepartmentalAnalyzer — INFO — Metric calculated: collaboration_rate_percent = 87.5%
2025-10-13 13:51:14,330 — InterdepartmentalAnalyzer — INFO — Interdepartmental Collaboration analysis completed successfully
2025-10-13 13:57:43,279 — InterdepartmentalAnalyzer — INFO — Initializing BaseAnalyzer
2025-10-13 13:57:43,280 — InterdepartmentalAnalyzer — INFO — Starting JSON load
2025-10-13 13:57:43,301 — InterdepartmentalAnalyzer — INFO — JSON loaded: meta=True, dep=30, emp=755, proj=100, eq=200
2025-10-13 13:57:43,317 — InterdepartmentalAnalyzer — INFO — Employees DF built: 21 rows for department_id=26
2025-10-13 13:57:43,327 — InterdepartmentalAnalyzer — INFO — Projects DF built: 8 rows with department_id=26 participation
2025-10-13 13:57:43,328 — InterdepartmentalAnalyzer — INFO — DF ready: employees=21 rows; projects=8 rows
2025-10-13 13:57:43,328 — InterdepartmentalAnalyzer — INFO — Starting Interdepartmental Collaboration analysis
2025-10-13 13:57:43,329 — InterdepartmentalAnalyzer — INFO — Calculating metric: collaboration_rate_percent
2025-10-13 13:57:43,330 — InterdepartmentalAnalyzer — INFO — Metric calculated: collaboration_rate_percent = 87.5%
2025-10-13 13:57:43,359 — InterdepartmentalAnalyzer — INFO — Interdepartmental Collaboration analysis completed successfully
2025-10-13 14:06:35,242 — InterdepartmentalAnalyzer — INFO — Initializing BaseAnalyzer
2025-10-13 14:06:35,242 — InterdepartmentalAnalyzer — INFO — Starting JSON load
2025-10-13 14:06:35,262 — InterdepartmentalAnalyzer — INFO — JSON loaded: meta=True, dep=30, emp=755, proj=100, eq=200
2025-10-13 14:06:35,279 — InterdepartmentalAnalyzer — INFO — Employees DF built: 21 rows for department_id=26
2025-10-13 14:06:35,288 — InterdepartmentalAnalyzer — INFO — Projects DF built: 8 rows with department_id=26 participation
2025-10-13 14:06:35,289 — InterdepartmentalAnalyzer — INFO — DF ready: employees=21 rows; projects=8 rows
2025-10-13 14:06:35,289 — InterdepartmentalAnalyzer — INFO — Starting Interdepartmental Collaboration analysis
2025-10-13 14:06:35,289 — InterdepartmentalAnalyzer — INFO — Calculating metric: collaboration_rate_percent
2025-10-13 14:06:35,290 — InterdepartmentalAnalyzer — INFO — Metric calculated: collaboration_rate_percent = 87.5%
2025-10-13 14:06:35,317 — InterdepartmentalAnalyzer — INFO — Interdepartmental Collaboration analysis completed successfully
