2025-10-15 20:42:20,575 — ProjectAnalyzer — INFO — Initializing BaseAnalyzer
2025-10-15 20:42:20,576 — ProjectAnalyzer — INFO — Starting JSON load
2025-10-15 20:42:20,605 — ProjectAnalyzer — INFO — JSON loaded: meta=True, dep=30, emp=755, proj=100, eq=200
2025-10-15 20:42:20,618 — ProjectAnalyzer — INFO — Employees DF built: 21 rows for department_id=26
2025-10-15 20:42:20,630 — ProjectAnalyzer — INFO — Projects DF built: 8 rows with department_id=26 participation
2025-10-15 20:42:20,631 — ProjectAnalyzer — INFO — DF ready: employees=21 rows; projects=8 rows
2025-10-15 20:42:20,639 — ProjectAnalyzer — INFO — Starting Project Analysis analysis
2025-10-15 20:42:20,640 — ProjectAnalyzer — INFO — Calculating metric: avg_duration_days
2025-10-15 20:42:20,641 — ProjectAnalyzer — INFO — Metric calculated: avg_duration_days = 193.2
2025-10-15 20:42:20,642 — ProjectAnalyzer — INFO — Calculating metric: success_rate_percent
2025-10-15 20:42:20,643 — ProjectAnalyzer — INFO — Metric calculated: success_rate_percent = 50.0
2025-10-15 20:42:20,643 — ProjectAnalyzer — INFO — Calculating metric: longest_project
2025-10-15 20:42:20,645 — ProjectAnalyzer — INFO — Metric calculated: longest_project = 302
2025-10-15 20:42:20,646 — ProjectAnalyzer — INFO — Project Analysis analysis completed successfully
2025-10-15 20:58:08,059 — ProjectAnalyzer — INFO — Initializing BaseAnalyzer
2025-10-15 20:58:08,060 — ProjectAnalyzer — INFO — Starting JSON load
2025-10-15 20:58:08,081 — ProjectAnalyzer — INFO — JSON loaded: meta=True, dep=30, emp=755, proj=100, eq=200
2025-10-15 20:58:08,098 — ProjectAnalyzer — INFO — Employees DF built: 21 rows for department_id=26
2025-10-15 20:58:08,108 — ProjectAnalyzer — INFO — Projects DF built: 8 rows with department_id=26 participation
2025-10-15 20:58:08,109 — ProjectAnalyzer — INFO — DF ready: employees=21 rows; projects=8 rows
2025-10-15 20:58:08,109 — ProjectAnalyzer — INFO — Starting Project Analysis analysis
2025-10-15 20:58:08,110 — ProjectAnalyzer — INFO — Calculating metric: avg_duration_days
2025-10-15 20:58:08,111 — ProjectAnalyzer — INFO — Metric calculated: avg_duration_days = 193.2
2025-10-15 20:58:08,111 — ProjectAnalyzer — INFO — Calculating metric: success_rate_percent
2025-10-15 20:58:08,113 — ProjectAnalyzer — INFO — Metric calculated: success_rate_percent = 50.0
2025-10-15 20:58:08,113 — ProjectAnalyzer — INFO — Calculating metric: longest_project
2025-10-15 20:58:08,115 — ProjectAnalyzer — INFO — Metric calculated: longest_project = 302
2025-10-15 20:58:08,116 — ProjectAnalyzer — INFO — Project Analysis analysis completed successfully
2025-10-15 21:21:17,611 — ProjectAnalyzer — INFO — Initializing BaseAnalyzer
2025-10-15 21:21:17,612 — ProjectAnalyzer — INFO — Starting JSON load
2025-10-15 21:21:17,635 — ProjectAnalyzer — INFO — JSON loaded: meta=True, dep=30, emp=755, proj=100, eq=200
2025-10-15 21:21:17,648 — ProjectAnalyzer — INFO — Employees DF built: 21 rows for department_id=26
2025-10-15 21:21:17,659 — ProjectAnalyzer — INFO — Projects DF built: 8 rows with department_id=26 participation
2025-10-15 21:21:17,659 — ProjectAnalyzer — INFO — DF ready: employees=21 rows; projects=8 rows
2025-10-15 21:21:17,660 — ProjectAnalyzer — INFO — Starting Project Analysis analysis
2025-10-15 21:21:17,660 — ProjectAnalyzer — INFO — Calculating metric: avg_duration_days
2025-10-15 21:21:17,661 — ProjectAnalyzer — INFO — Metric calculated: avg_duration_days = 193.2
2025-10-15 21:21:17,661 — ProjectAnalyzer — INFO — Calculating metric: success_rate_percent
2025-10-15 21:21:17,663 — ProjectAnalyzer — INFO — Metric calculated: success_rate_percent = 50.0
2025-10-15 21:21:17,663 — ProjectAnalyzer — INFO — Calculating metric: longest_project
2025-10-15 21:21:17,666 — ProjectAnalyzer — INFO — Metric calculated: longest_project = 302
2025-10-15 21:21:17,668 — ProjectAnalyzer — INFO — Project Analysis analysis completed successfully
2025-10-15 21:23:03,423 — ProjectAnalyzer — INFO — Initializing BaseAnalyzer
2025-10-15 21:23:03,424 — ProjectAnalyzer — INFO — Starting JSON load
2025-10-15 21:23:03,449 — ProjectAnalyzer — INFO — JSON loaded: meta=True, dep=30, emp=755, proj=100, eq=200
2025-10-15 21:23:03,465 — ProjectAnalyzer — INFO — Employees DF built: 21 rows for department_id=26
2025-10-15 21:23:03,476 — ProjectAnalyzer — INFO — Projects DF built: 8 rows with department_id=26 participation
2025-10-15 21:23:03,477 — ProjectAnalyzer — INFO — DF ready: employees=21 rows; projects=8 rows
2025-10-15 21:23:03,478 — ProjectAnalyzer — INFO — Starting Project Analysis analysis
2025-10-15 21:23:03,478 — ProjectAnalyzer — INFO — Calculating metric: avg_duration_days
2025-10-15 21:23:03,479 — ProjectAnalyzer — INFO — Metric calculated: avg_duration_days = 193.2
2025-10-15 21:23:03,479 — ProjectAnalyzer — INFO — Calculating metric: success_rate_percent
2025-10-15 21:23:03,480 — ProjectAnalyzer — INFO — Metric calculated: success_rate_percent = 50.0
2025-10-15 21:23:03,480 — ProjectAnalyzer — INFO — Calculating metric: longest_project
2025-10-15 21:23:03,482 — ProjectAnalyzer — INFO — Metric calculated: longest_project = 302
2025-10-15 21:23:03,482 — ProjectAnalyzer — INFO — Project Analysis analysis completed successfully
2025-10-15 21:23:17,634 — ProjectAnalyzer — INFO — Initializing BaseAnalyzer
2025-10-15 21:23:17,634 — ProjectAnalyzer — INFO — Starting JSON load
2025-10-15 21:23:17,659 — ProjectAnalyzer — INFO — JSON loaded: meta=True, dep=30, emp=755, proj=100, eq=200
2025-10-15 21:23:17,674 — ProjectAnalyzer — INFO — Employees DF built: 21 rows for department_id=26
2025-10-15 21:23:17,687 — ProjectAnalyzer — INFO — Projects DF built: 8 rows with department_id=26 participation
2025-10-15 21:23:17,688 — ProjectAnalyzer — INFO — DF ready: employees=21 rows; projects=8 rows
2025-10-15 21:23:17,689 — ProjectAnalyzer — INFO — Starting Project Analysis analysis
2025-10-15 21:23:17,689 — ProjectAnalyzer — INFO — Calculating metric: avg_duration_days
2025-10-15 21:23:17,690 — ProjectAnalyzer — INFO — Metric calculated: avg_duration_days = 193.2
2025-10-15 21:23:17,690 — ProjectAnalyzer — INFO — Calculating metric: success_rate_percent
2025-10-15 21:23:17,691 — ProjectAnalyzer — INFO — Metric calculated: success_rate_percent = 50.0
2025-10-15 21:23:17,691 — ProjectAnalyzer — INFO — Calculating metric: longest_project
2025-10-15 21:23:17,693 — ProjectAnalyzer — INFO — Metric calculated: longest_project = 302
2025-10-15 21:23:17,694 — ProjectAnalyzer — INFO — Project Analysis analysis completed successfully
2025-10-15 21:23:24,346 — ProjectAnalyzer — INFO — Initializing BaseAnalyzer
2025-10-15 21:23:24,347 — ProjectAnalyzer — INFO — Starting JSON load
2025-10-15 21:23:24,372 — ProjectAnalyzer — INFO — JSON loaded: meta=True, dep=30, emp=755, proj=100, eq=200
2025-10-15 21:23:24,394 — ProjectAnalyzer — INFO — Employees DF built: 21 rows for department_id=26
2025-10-15 21:23:24,405 — ProjectAnalyzer — INFO — Projects DF built: 8 rows with department_id=26 participation
2025-10-15 21:23:24,405 — ProjectAnalyzer — INFO — DF ready: employees=21 rows; projects=8 rows
2025-10-15 21:23:24,406 — ProjectAnalyzer — INFO — Starting Project Analysis analysis
2025-10-15 21:23:24,406 — ProjectAnalyzer — INFO — Calculating metric: avg_duration_days
2025-10-15 21:23:24,407 — ProjectAnalyzer — INFO — Metric calculated: avg_duration_days = 193.2
2025-10-15 21:23:24,409 — ProjectAnalyzer — INFO — Calculating metric: success_rate_percent
2025-10-15 21:23:24,410 — ProjectAnalyzer — INFO — Metric calculated: success_rate_percent = 50.0
2025-10-15 21:23:24,410 — ProjectAnalyzer — INFO — Calculating metric: longest_project
2025-10-15 21:23:24,413 — ProjectAnalyzer — INFO — Metric calculated: longest_project = 302
2025-10-15 21:23:24,414 — ProjectAnalyzer — INFO — Project Analysis analysis completed successfully
2025-10-15 21:30:57,957 — ProjectAnalyzer — INFO — Initializing BaseAnalyzer
2025-10-15 21:30:57,957 — ProjectAnalyzer — INFO — Starting JSON load
2025-10-15 21:30:57,979 — ProjectAnalyzer — INFO — JSON loaded: meta=True, dep=30, emp=755, proj=100, eq=200
2025-10-15 21:30:57,997 — ProjectAnalyzer — INFO — Employees DF built: 21 rows for department_id=26
2025-10-15 21:30:58,006 — ProjectAnalyzer — INFO — Projects DF built: 8 rows with department_id=26 participation
2025-10-15 21:30:58,006 — ProjectAnalyzer — INFO — DF ready: employees=21 rows; projects=8 rows
2025-10-15 21:30:58,007 — ProjectAnalyzer — INFO — Starting Project Analysis analysis
2025-10-15 21:30:58,007 — ProjectAnalyzer — INFO — Calculating metric: avg_duration_days
2025-10-15 21:30:58,008 — ProjectAnalyzer — INFO — Metric calculated: avg_duration_days = 193.2
2025-10-15 21:30:58,008 — ProjectAnalyzer — INFO — Calculating metric: success_rate_percent
2025-10-15 21:30:58,009 — ProjectAnalyzer — INFO — Metric calculated: success_rate_percent = 50.0
2025-10-15 21:30:58,010 — ProjectAnalyzer — INFO — Calculating metric: longest_project
2025-10-15 21:30:58,012 — ProjectAnalyzer — INFO — Metric calculated: longest_project = 302
2025-10-15 21:30:58,012 — ProjectAnalyzer — INFO — Project Analysis analysis completed successfully
2025-10-15 21:31:31,820 — ProjectAnalyzer — INFO — Initializing BaseAnalyzer
2025-10-15 21:31:31,820 — ProjectAnalyzer — INFO — Starting JSON load
2025-10-15 21:31:31,842 — ProjectAnalyzer — INFO — JSON loaded: meta=True, dep=30, emp=755, proj=100, eq=200
2025-10-15 21:31:31,857 — ProjectAnalyzer — INFO — Employees DF built: 21 rows for department_id=26
2025-10-15 21:31:31,867 — ProjectAnalyzer — INFO — Projects DF built: 8 rows with department_id=26 participation
2025-10-15 21:31:31,868 — ProjectAnalyzer — INFO — DF ready: employees=21 rows; projects=8 rows
2025-10-15 21:31:31,868 — ProjectAnalyzer — INFO — Starting Project Analysis analysis
2025-10-15 21:31:31,869 — ProjectAnalyzer — INFO — Calculating metric: avg_duration_days
2025-10-15 21:31:31,869 — ProjectAnalyzer — INFO — Metric calculated: avg_duration_days = 193.2
2025-10-15 21:31:31,870 — ProjectAnalyzer — INFO — Calculating metric: success_rate_percent
2025-10-15 21:31:31,871 — ProjectAnalyzer — INFO — Metric calculated: success_rate_percent = 50.0
2025-10-15 21:31:31,871 — ProjectAnalyzer — INFO — Calculating metric: longest_project
2025-10-15 21:31:31,873 — ProjectAnalyzer — INFO — Metric calculated: longest_project = 302
2025-10-15 21:31:31,873 — ProjectAnalyzer — INFO — Project Analysis analysis completed successfully
2025-10-15 21:34:52,519 — ProjectAnalyzer — INFO — Initializing BaseAnalyzer
2025-10-15 21:34:52,519 — ProjectAnalyzer — INFO — Starting JSON load
2025-10-15 21:34:52,540 — ProjectAnalyzer — INFO — JSON loaded: meta=True, dep=30, emp=755, proj=100, eq=200
2025-10-15 21:34:52,558 — ProjectAnalyzer — INFO — Employees DF built: 21 rows for department_id=26
2025-10-15 21:34:52,567 — ProjectAnalyzer — INFO — Projects DF built: 8 rows with department_id=26 participation
2025-10-15 21:34:52,568 — ProjectAnalyzer — INFO — DF ready: employees=21 rows; projects=8 rows
2025-10-15 21:34:52,568 — ProjectAnalyzer — INFO — Starting Project Analysis analysis
2025-10-15 21:34:52,569 — ProjectAnalyzer — INFO — Calculating metric: avg_duration_days
2025-10-15 21:34:52,569 — ProjectAnalyzer — INFO — Metric calculated: avg_duration_days = 193.2
2025-10-15 21:34:52,570 — ProjectAnalyzer — INFO — Calculating metric: success_rate_percent
2025-10-15 21:34:52,571 — ProjectAnalyzer — INFO — Metric calculated: success_rate_percent = 50.0
2025-10-15 21:34:52,571 — ProjectAnalyzer — INFO — Calculating metric: longest_project
2025-10-15 21:34:52,573 — ProjectAnalyzer — INFO — Metric calculated: longest_project = 302
2025-10-15 21:34:52,574 — ProjectAnalyzer — INFO — Project Analysis analysis completed successfully
2025-10-15 21:37:47,568 — ProjectAnalyzer — INFO — Initializing BaseAnalyzer
2025-10-15 21:37:47,569 — ProjectAnalyzer — INFO — Starting JSON load
2025-10-15 21:37:47,591 — ProjectAnalyzer — INFO — JSON loaded: meta=True, dep=30, emp=755, proj=100, eq=200
2025-10-15 21:37:47,608 — ProjectAnalyzer — INFO — Employees DF built: 21 rows for department_id=26
2025-10-15 21:37:47,623 — ProjectAnalyzer — INFO — Projects DF built: 8 rows with department_id=26 participation
2025-10-15 21:37:47,624 — ProjectAnalyzer — INFO — DF ready: employees=21 rows; projects=8 rows
2025-10-15 21:37:47,624 — ProjectAnalyzer — INFO — Starting Project Analysis analysis
2025-10-15 21:37:47,625 — ProjectAnalyzer — INFO — Calculating metric: avg_duration_days
2025-10-15 21:37:47,626 — ProjectAnalyzer — INFO — Metric calculated: avg_duration_days = 193.2
2025-10-15 21:37:47,626 — ProjectAnalyzer — INFO — Calculating metric: success_rate_percent
2025-10-15 21:37:47,627 — ProjectAnalyzer — INFO — Metric calculated: success_rate_percent = 50.0
2025-10-15 21:37:47,627 — ProjectAnalyzer — INFO — Calculating metric: longest_project
2025-10-15 21:37:47,629 — ProjectAnalyzer — INFO — Metric calculated: longest_project = 302
2025-10-15 21:37:47,630 — ProjectAnalyzer — INFO — Project Analysis analysis completed successfully
2025-10-15 21:41:56,311 — ProjectAnalyzer — INFO — Initializing BaseAnalyzer
2025-10-15 21:41:56,311 — ProjectAnalyzer — INFO — Starting JSON load
2025-10-15 21:41:56,332 — ProjectAnalyzer — INFO — JSON loaded: meta=True, dep=30, emp=755, proj=100, eq=200
2025-10-15 21:41:56,349 — ProjectAnalyzer — INFO — Employees DF built: 21 rows for department_id=26
2025-10-15 21:41:56,360 — ProjectAnalyzer — INFO — Projects DF built: 8 rows with department_id=26 participation
2025-10-15 21:41:56,360 — ProjectAnalyzer — INFO — DF ready: employees=21 rows; projects=8 rows
2025-10-15 21:41:56,361 — ProjectAnalyzer — INFO — Starting Project Analysis analysis
2025-10-15 21:41:56,361 — ProjectAnalyzer — INFO — Calculating metric: avg_duration_days
2025-10-15 21:41:56,362 — ProjectAnalyzer — INFO — Metric calculated: avg_duration_days = 193.2
2025-10-15 21:41:56,363 — ProjectAnalyzer — INFO — Calculating metric: success_rate_percent
2025-10-15 21:41:56,364 — ProjectAnalyzer — INFO — Metric calculated: success_rate_percent = 50.0
2025-10-15 21:41:56,364 — ProjectAnalyzer — INFO — Calculating metric: longest_project
2025-10-15 21:41:56,367 — ProjectAnalyzer — INFO — Metric calculated: longest_project = 302
2025-10-15 21:41:56,370 — ProjectAnalyzer — INFO — Project Analysis analysis completed successfully
2025-10-15 21:44:12,525 — ProjectAnalyzer — INFO — Initializing BaseAnalyzer
2025-10-15 21:44:12,526 — ProjectAnalyzer — INFO — Starting JSON load
2025-10-15 21:44:12,550 — ProjectAnalyzer — INFO — JSON loaded: meta=True, dep=30, emp=755, proj=100, eq=200
2025-10-15 21:44:12,564 — ProjectAnalyzer — INFO — Employees DF built: 21 rows for department_id=26
2025-10-15 21:44:12,575 — ProjectAnalyzer — INFO — Projects DF built: 8 rows with department_id=26 participation
2025-10-15 21:44:12,575 — ProjectAnalyzer — INFO — DF ready: employees=21 rows; projects=8 rows
2025-10-15 21:44:12,576 — ProjectAnalyzer — INFO — Starting Project Analysis analysis
2025-10-15 21:44:12,577 — ProjectAnalyzer — INFO — Calculating metric: avg_duration_days
2025-10-15 21:44:12,578 — ProjectAnalyzer — INFO — Metric calculated: avg_duration_days = 193.2
2025-10-15 21:44:12,578 — ProjectAnalyzer — INFO — Calculating metric: success_rate_percent
2025-10-15 21:44:12,579 — ProjectAnalyzer — INFO — Metric calculated: success_rate_percent = 50.0
2025-10-15 21:44:12,580 — ProjectAnalyzer — INFO — Calculating metric: longest_project
2025-10-15 21:44:12,583 — ProjectAnalyzer — INFO — Metric calculated: longest_project = 302
2025-10-15 21:44:12,586 — ProjectAnalyzer — INFO — Project Analysis analysis completed successfully
2025-10-15 21:48:15,347 — ProjectAnalyzer — INFO — Initializing BaseAnalyzer
2025-10-15 21:48:15,347 — ProjectAnalyzer — INFO — Starting JSON load
2025-10-15 21:48:15,374 — ProjectAnalyzer — INFO — JSON loaded: meta=True, dep=30, emp=755, proj=100, eq=200
2025-10-15 21:48:15,393 — ProjectAnalyzer — INFO — Employees DF built: 21 rows for department_id=26
2025-10-15 21:48:15,404 — ProjectAnalyzer — INFO — Projects DF built: 8 rows with department_id=26 participation
2025-10-15 21:48:15,405 — ProjectAnalyzer — INFO — DF ready: employees=21 rows; projects=8 rows
2025-10-15 21:48:15,405 — ProjectAnalyzer — INFO — Starting Project Analysis analysis
2025-10-15 21:48:15,405 — ProjectAnalyzer — INFO — Calculating metric: avg_duration_days
2025-10-15 21:48:15,406 — ProjectAnalyzer — INFO — Metric calculated: avg_duration_days = 193.2
2025-10-15 21:48:15,407 — ProjectAnalyzer — INFO — Calculating metric: success_rate_percent
2025-10-15 21:48:15,408 — ProjectAnalyzer — INFO — Metric calculated: success_rate_percent = 50.0
2025-10-15 21:48:15,408 — ProjectAnalyzer — INFO — Calculating metric: longest_project
2025-10-15 21:48:15,410 — ProjectAnalyzer — INFO — Metric calculated: longest_project = 302
2025-10-15 21:48:15,412 — ProjectAnalyzer — INFO — Project Analysis analysis completed successfully
2025-10-15 21:56:34,861 — ProjectAnalyzer — INFO — Initializing BaseAnalyzer
2025-10-15 21:56:34,861 — ProjectAnalyzer — INFO — Starting JSON load
2025-10-15 21:56:34,888 — ProjectAnalyzer — INFO — JSON loaded: meta=True, dep=30, emp=755, proj=100, eq=200
2025-10-15 21:56:34,906 — ProjectAnalyzer — INFO — Employees DF built: 21 rows for department_id=26
2025-10-15 21:56:34,917 — ProjectAnalyzer — INFO — Projects DF built: 8 rows with department_id=26 participation
2025-10-15 21:56:34,918 — ProjectAnalyzer — INFO — DF ready: employees=21 rows; projects=8 rows
2025-10-15 21:56:34,918 — ProjectAnalyzer — INFO — Starting Project Analysis analysis
2025-10-15 21:56:34,919 — ProjectAnalyzer — INFO — Calculating metric: avg_duration_days
2025-10-15 21:56:34,919 — ProjectAnalyzer — INFO — Metric calculated: avg_duration_days = 193.2
2025-10-15 21:56:34,920 — ProjectAnalyzer — INFO — Calculating metric: success_rate_percent
2025-10-15 21:56:34,921 — ProjectAnalyzer — INFO — Metric calculated: success_rate_percent = 50.0
2025-10-15 21:56:34,921 — ProjectAnalyzer — INFO — Calculating metric: longest_project
2025-10-15 21:56:34,923 — ProjectAnalyzer — INFO — Metric calculated: longest_project = 302
2025-10-15 21:56:34,923 — ProjectAnalyzer — INFO — Project Analysis analysis completed successfully
2025-10-15 21:56:59,040 — ProjectAnalyzer — INFO — Initializing BaseAnalyzer
2025-10-15 21:56:59,040 — ProjectAnalyzer — INFO — Starting JSON load
2025-10-15 21:56:59,067 — ProjectAnalyzer — INFO — JSON loaded: meta=True, dep=30, emp=755, proj=100, eq=200
2025-10-15 21:56:59,082 — ProjectAnalyzer — INFO — Employees DF built: 21 rows for department_id=26
2025-10-15 21:56:59,093 — ProjectAnalyzer — INFO — Projects DF built: 8 rows with department_id=26 participation
2025-10-15 21:56:59,094 — ProjectAnalyzer — INFO — DF ready: employees=21 rows; projects=8 rows
2025-10-15 21:56:59,095 — ProjectAnalyzer — INFO — Starting Project Analysis analysis
2025-10-15 21:56:59,095 — ProjectAnalyzer — INFO — Calculating metric: avg_duration_days
2025-10-15 21:56:59,096 — ProjectAnalyzer — INFO — Metric calculated: avg_duration_days = 193.2
2025-10-15 21:56:59,097 — ProjectAnalyzer — INFO — Calculating metric: success_rate_percent
2025-10-15 21:56:59,098 — ProjectAnalyzer — INFO — Metric calculated: success_rate_percent = 50.0
2025-10-15 21:56:59,098 — ProjectAnalyzer — INFO — Calculating metric: longest_project
2025-10-15 21:56:59,101 — ProjectAnalyzer — INFO — Metric calculated: longest_project = 302
2025-10-15 21:56:59,101 — ProjectAnalyzer — INFO — Project Analysis analysis completed successfully
2025-10-15 22:00:04,944 — ProjectAnalyzer — INFO — Initializing BaseAnalyzer
2025-10-15 22:00:04,944 — ProjectAnalyzer — INFO — Starting JSON load
2025-10-15 22:00:04,965 — ProjectAnalyzer — INFO — JSON loaded: meta=True, dep=30, emp=755, proj=100, eq=200
2025-10-15 22:00:04,983 — ProjectAnalyzer — INFO — Employees DF built: 21 rows for department_id=26
2025-10-15 22:00:04,994 — ProjectAnalyzer — INFO — Projects DF built: 8 rows with department_id=26 participation
2025-10-15 22:00:04,995 — ProjectAnalyzer — INFO — DF ready: employees=21 rows; projects=8 rows
2025-10-15 22:00:04,995 — ProjectAnalyzer — INFO — Starting Project Analysis analysis
2025-10-15 22:00:04,996 — ProjectAnalyzer — INFO — Calculating metric: avg_duration_days
2025-10-15 22:00:04,997 — ProjectAnalyzer — INFO — Metric calculated: avg_duration_days = 193.2
2025-10-15 22:00:04,997 — ProjectAnalyzer — INFO — Calculating metric: success_rate_percent
2025-10-15 22:00:04,998 — ProjectAnalyzer — INFO — Metric calculated: success_rate_percent = 50.0
2025-10-15 22:00:04,999 — ProjectAnalyzer — INFO — Calculating metric: longest_project
2025-10-15 22:00:05,001 — ProjectAnalyzer — INFO — Metric calculated: longest_project = 302
2025-10-15 22:00:05,001 — ProjectAnalyzer — INFO — Project Analysis analysis completed successfully
2025-10-15 22:00:40,365 — ProjectAnalyzer — INFO — Initializing BaseAnalyzer
2025-10-15 22:00:40,365 — ProjectAnalyzer — INFO — Starting JSON load
2025-10-15 22:00:40,390 — ProjectAnalyzer — INFO — JSON loaded: meta=True, dep=30, emp=755, proj=100, eq=200
2025-10-15 22:00:40,405 — ProjectAnalyzer — INFO — Employees DF built: 21 rows for department_id=26
2025-10-15 22:00:40,414 — ProjectAnalyzer — INFO — Projects DF built: 8 rows with department_id=26 participation
2025-10-15 22:00:40,415 — ProjectAnalyzer — INFO — DF ready: employees=21 rows; projects=8 rows
2025-10-15 22:00:40,416 — ProjectAnalyzer — INFO — Starting Project Analysis analysis
2025-10-15 22:00:40,416 — ProjectAnalyzer — INFO — Calculating metric: avg_duration_days
2025-10-15 22:00:40,417 — ProjectAnalyzer — INFO — Metric calculated: avg_duration_days = 193.2
2025-10-15 22:00:40,418 — ProjectAnalyzer — INFO — Calculating metric: success_rate_percent
2025-10-15 22:00:40,419 — ProjectAnalyzer — INFO — Metric calculated: success_rate_percent = 50.0
2025-10-15 22:00:40,419 — ProjectAnalyzer — INFO — Calculating metric: longest_project
2025-10-15 22:00:40,421 — ProjectAnalyzer — INFO — Metric calculated: longest_project = 302
2025-10-15 22:00:40,422 — ProjectAnalyzer — INFO — Project Analysis analysis completed successfully
2025-10-15 22:00:59,037 — ProjectAnalyzer — INFO — Initializing BaseAnalyzer
2025-10-15 22:00:59,037 — ProjectAnalyzer — INFO — Starting JSON load
2025-10-15 22:00:59,057 — ProjectAnalyzer — INFO — JSON loaded: meta=True, dep=30, emp=755, proj=100, eq=200
2025-10-15 22:00:59,074 — ProjectAnalyzer — INFO — Employees DF built: 21 rows for department_id=26
2025-10-15 22:00:59,084 — ProjectAnalyzer — INFO — Projects DF built: 8 rows with department_id=26 participation
2025-10-15 22:00:59,084 — ProjectAnalyzer — INFO — DF ready: employees=21 rows; projects=8 rows
2025-10-15 22:00:59,085 — ProjectAnalyzer — INFO — Starting Project Analysis analysis
2025-10-15 22:00:59,085 — ProjectAnalyzer — INFO — Calculating metric: avg_duration_days
2025-10-15 22:00:59,086 — ProjectAnalyzer — INFO — Metric calculated: avg_duration_days = 193.2
2025-10-15 22:00:59,086 — ProjectAnalyzer — INFO — Calculating metric: success_rate_percent
2025-10-15 22:00:59,087 — ProjectAnalyzer — INFO — Metric calculated: success_rate_percent = 50.0
2025-10-15 22:00:59,087 — ProjectAnalyzer — INFO — Calculating metric: longest_project
2025-10-15 22:00:59,090 — ProjectAnalyzer — INFO — Metric calculated: longest_project = 302
2025-10-15 22:00:59,090 — ProjectAnalyzer — INFO — Project Analysis analysis completed successfully
2025-10-15 22:10:20,478 — ProjectAnalyzer — INFO — Initializing BaseAnalyzer
2025-10-15 22:10:20,478 — ProjectAnalyzer — INFO — Starting JSON load
2025-10-15 22:10:20,498 — ProjectAnalyzer — INFO — JSON loaded: meta=True, dep=30, emp=755, proj=100, eq=200
2025-10-15 22:10:20,512 — ProjectAnalyzer — INFO — Employees DF built: 21 rows for department_id=26
2025-10-15 22:10:20,521 — ProjectAnalyzer — INFO — Projects DF built: 8 rows with department_id=26 participation
2025-10-15 22:10:20,521 — ProjectAnalyzer — INFO — DF ready: employees=21 rows; projects=8 rows
2025-10-15 22:10:20,522 — ProjectAnalyzer — INFO — Starting Project Analysis analysis
2025-10-15 22:10:20,522 — ProjectAnalyzer — INFO — Calculating metric: avg_duration_days
2025-10-15 22:10:20,522 — ProjectAnalyzer — INFO — Metric calculated: avg_duration_days = 193.2
2025-10-15 22:10:20,523 — ProjectAnalyzer — INFO — Calculating metric: success_rate_percent
2025-10-15 22:10:20,524 — ProjectAnalyzer — INFO — Metric calculated: success_rate_percent = 50.0
2025-10-15 22:10:20,524 — ProjectAnalyzer — INFO — Calculating metric: longest_project
2025-10-15 22:10:20,526 — ProjectAnalyzer — INFO — Metric calculated: longest_project = 302
2025-10-15 22:10:20,526 — ProjectAnalyzer — INFO — Project Analysis analysis completed successfully
2025-10-15 22:10:55,049 — ProjectAnalyzer — INFO — Initializing BaseAnalyzer
2025-10-15 22:10:55,049 — ProjectAnalyzer — INFO — Starting JSON load
2025-10-15 22:10:55,070 — ProjectAnalyzer — INFO — JSON loaded: meta=True, dep=30, emp=755, proj=100, eq=200
2025-10-15 22:10:55,085 — ProjectAnalyzer — INFO — Employees DF built: 21 rows for department_id=26
2025-10-15 22:10:55,095 — ProjectAnalyzer — INFO — Projects DF built: 8 rows with department_id=26 participation
2025-10-15 22:10:55,095 — ProjectAnalyzer — INFO — DF ready: employees=21 rows; projects=8 rows
2025-10-15 22:10:55,096 — ProjectAnalyzer — INFO — Starting Project Analysis analysis
2025-10-15 22:10:55,097 — ProjectAnalyzer — INFO — Calculating metric: avg_duration_days
2025-10-15 22:10:55,098 — ProjectAnalyzer — INFO — Metric calculated: avg_duration_days = 193.2
2025-10-15 22:10:55,098 — ProjectAnalyzer — INFO — Calculating metric: success_rate_percent
2025-10-15 22:10:55,099 — ProjectAnalyzer — INFO — Metric calculated: success_rate_percent = 50.0
2025-10-15 22:10:55,099 — ProjectAnalyzer — INFO — Calculating metric: longest_project
2025-10-15 22:10:55,102 — ProjectAnalyzer — INFO — Metric calculated: longest_project = 302
2025-10-15 22:10:55,102 — ProjectAnalyzer — INFO — Project Analysis analysis completed successfully
2025-10-15 22:18:54,859 — ProjectAnalyzer — INFO — Initializing BaseAnalyzer
2025-10-15 22:18:54,859 — ProjectAnalyzer — INFO — Starting JSON load
2025-10-15 22:18:54,881 — ProjectAnalyzer — INFO — JSON loaded: meta=True, dep=30, emp=755, proj=100, eq=200
2025-10-15 22:18:54,895 — ProjectAnalyzer — INFO — Employees DF built: 21 rows for department_id=26
2025-10-15 22:18:54,905 — ProjectAnalyzer — INFO — Projects DF built: 8 rows with department_id=26 participation
2025-10-15 22:18:54,905 — ProjectAnalyzer — INFO — DF ready: employees=21 rows; projects=8 rows
2025-10-15 22:18:54,906 — ProjectAnalyzer — INFO — Starting Project Analysis analysis
2025-10-15 22:18:54,906 — ProjectAnalyzer — INFO — Calculating metric: avg_duration_days
2025-10-15 22:18:54,907 — ProjectAnalyzer — INFO — Metric calculated: avg_duration_days = 193.2
2025-10-15 22:18:54,907 — ProjectAnalyzer — INFO — Calculating metric: success_rate_percent
2025-10-15 22:18:54,908 — ProjectAnalyzer — INFO — Metric calculated: success_rate_percent = 50.0
2025-10-15 22:18:54,908 — ProjectAnalyzer — INFO — Calculating metric: longest_project
2025-10-15 22:18:54,910 — ProjectAnalyzer — INFO — Metric calculated: longest_project = 302
2025-10-15 22:18:54,911 — ProjectAnalyzer — INFO — Project Analysis analysis completed successfully
2025-10-15 22:25:55,469 — ProjectAnalyzer — INFO — Initializing BaseAnalyzer
2025-10-15 22:25:55,469 — ProjectAnalyzer — INFO — Starting JSON load
2025-10-15 22:25:55,488 — ProjectAnalyzer — INFO — JSON loaded: meta=True, dep=30, emp=755, proj=100, eq=200
2025-10-15 22:25:55,501 — ProjectAnalyzer — INFO — Employees DF built: 21 rows for department_id=26
2025-10-15 22:25:55,511 — ProjectAnalyzer — INFO — Projects DF built: 8 rows with department_id=26 participation
2025-10-15 22:25:55,511 — ProjectAnalyzer — INFO — DF ready: employees=21 rows; projects=8 rows
2025-10-15 22:25:55,511 — ProjectAnalyzer — INFO — Starting Project Analysis analysis
2025-10-15 22:25:55,512 — ProjectAnalyzer — INFO — Calculating metric: avg_duration_days
2025-10-15 22:25:55,513 — ProjectAnalyzer — INFO — Metric calculated: avg_duration_days = 193.2
2025-10-15 22:25:55,513 — ProjectAnalyzer — INFO — Calculating metric: success_rate_percent
2025-10-15 22:25:55,514 — ProjectAnalyzer — INFO — Metric calculated: success_rate_percent = 50.0
2025-10-15 22:25:55,514 — ProjectAnalyzer — INFO — Calculating metric: longest_project
2025-10-15 22:25:55,516 — ProjectAnalyzer — INFO — Metric calculated: longest_project = 302
2025-10-15 22:25:55,517 — ProjectAnalyzer — INFO — Project Analysis analysis completed successfully
2025-10-15 22:27:09,522 — ProjectAnalyzer — INFO — Initializing BaseAnalyzer
2025-10-15 22:27:09,523 — ProjectAnalyzer — INFO — Starting JSON load
2025-10-15 22:27:09,544 — ProjectAnalyzer — INFO — JSON loaded: meta=True, dep=30, emp=755, proj=100, eq=200
2025-10-15 22:27:09,566 — ProjectAnalyzer — INFO — Employees DF built: 21 rows for department_id=26
2025-10-15 22:27:09,579 — ProjectAnalyzer — INFO — Projects DF built: 8 rows with department_id=26 participation
2025-10-15 22:27:09,580 — ProjectAnalyzer — INFO — DF ready: employees=21 rows; projects=8 rows
2025-10-15 22:27:09,580 — ProjectAnalyzer — INFO — Starting Project Analysis analysis
2025-10-15 22:27:09,580 — ProjectAnalyzer — INFO — Calculating metric: avg_duration_days
2025-10-15 22:27:09,581 — ProjectAnalyzer — INFO — Metric calculated: avg_duration_days = 193.2
2025-10-15 22:27:09,582 — ProjectAnalyzer — INFO — Calculating metric: success_rate_percent
2025-10-15 22:27:09,583 — ProjectAnalyzer — INFO — Metric calculated: success_rate_percent = 50.0
2025-10-15 22:27:09,583 — ProjectAnalyzer — INFO — Calculating metric: longest_project
2025-10-15 22:27:09,586 — ProjectAnalyzer — INFO — Metric calculated: longest_project = 302
2025-10-15 22:27:09,586 — ProjectAnalyzer — INFO — Project Analysis analysis completed successfully
2025-10-15 22:41:25,211 — ProjectAnalyzer — INFO — Initializing BaseAnalyzer
2025-10-15 22:41:25,212 — ProjectAnalyzer — INFO — Starting JSON load
2025-10-15 22:41:25,231 — ProjectAnalyzer — INFO — JSON loaded: meta=True, dep=30, emp=755, proj=100, eq=200
2025-10-15 22:41:25,262 — ProjectAnalyzer — INFO — Employees DF built: 21 rows for department_id=26
2025-10-15 22:41:25,274 — ProjectAnalyzer — INFO — Projects DF built: 8 rows with department_id=26 participation
2025-10-15 22:41:25,275 — ProjectAnalyzer — INFO — DF ready: employees=21 rows; projects=8 rows
2025-10-15 22:41:25,275 — ProjectAnalyzer — INFO — Starting Project Analysis analysis
2025-10-15 22:41:25,276 — ProjectAnalyzer — INFO — Calculating metric: avg_duration_days
2025-10-15 22:41:25,276 — ProjectAnalyzer — INFO — Metric calculated: avg_duration_days = 193.2
2025-10-15 22:41:25,277 — ProjectAnalyzer — INFO — Calculating metric: success_rate_percent
2025-10-15 22:41:25,277 — ProjectAnalyzer — INFO — Metric calculated: success_rate_percent = 50.0
2025-10-15 22:41:25,278 — ProjectAnalyzer — INFO — Calculating metric: longest_project
2025-10-15 22:41:25,280 — ProjectAnalyzer — INFO — Metric calculated: longest_project = 302
2025-10-15 22:41:25,281 — ProjectAnalyzer — INFO — Project Analysis analysis completed successfully
2025-10-15 22:42:17,944 — ProjectAnalyzer — INFO — Initializing BaseAnalyzer
2025-10-15 22:42:17,944 — ProjectAnalyzer — INFO — Starting JSON load
2025-10-15 22:42:17,966 — ProjectAnalyzer — INFO — JSON loaded: meta=True, dep=30, emp=755, proj=100, eq=200
2025-10-15 22:42:17,982 — ProjectAnalyzer — INFO — Employees DF built: 21 rows for department_id=26
2025-10-15 22:42:17,991 — ProjectAnalyzer — INFO — Projects DF built: 8 rows with department_id=26 participation
2025-10-15 22:42:17,991 — ProjectAnalyzer — INFO — DF ready: employees=21 rows; projects=8 rows
2025-10-15 22:42:17,991 — ProjectAnalyzer — INFO — Starting Project Analysis analysis
2025-10-15 22:42:17,992 — ProjectAnalyzer — INFO — Calculating metric: avg_duration_days
2025-10-15 22:42:17,993 — ProjectAnalyzer — INFO — Metric calculated: avg_duration_days = 193.2
2025-10-15 22:42:17,993 — ProjectAnalyzer — INFO — Calculating metric: success_rate_percent
2025-10-15 22:42:17,994 — ProjectAnalyzer — INFO — Metric calculated: success_rate_percent = 50.0
2025-10-15 22:42:17,994 — ProjectAnalyzer — INFO — Calculating metric: longest_project
2025-10-15 22:42:17,996 — ProjectAnalyzer — INFO — Metric calculated: longest_project = 302
2025-10-15 22:42:17,996 — ProjectAnalyzer — INFO — Project Analysis analysis completed successfully
2025-10-15 22:54:15,366 — ProjectAnalyzer — INFO — Initializing BaseAnalyzer
2025-10-15 22:54:15,366 — ProjectAnalyzer — INFO — Starting JSON load
2025-10-15 22:54:15,387 — ProjectAnalyzer — INFO — JSON loaded: meta=True, dep=30, emp=755, proj=100, eq=200
2025-10-15 22:54:15,402 — ProjectAnalyzer — INFO — Employees DF built: 21 rows for department_id=26
2025-10-15 22:54:15,414 — ProjectAnalyzer — INFO — Projects DF built: 8 rows with department_id=26 participation
2025-10-15 22:54:15,415 — ProjectAnalyzer — INFO — DF ready: employees=21 rows; projects=8 rows
2025-10-15 22:54:15,415 — ProjectAnalyzer — INFO — Starting Project Analysis analysis
2025-10-15 22:54:15,416 — ProjectAnalyzer — INFO — Calculating metric: avg_duration_days
2025-10-15 22:54:15,417 — ProjectAnalyzer — INFO — Metric calculated: avg_duration_days = 193.2
2025-10-15 22:54:15,417 — ProjectAnalyzer — INFO — Calculating metric: success_rate_percent
2025-10-15 22:54:15,418 — ProjectAnalyzer — INFO — Metric calculated: success_rate_percent = 50.0
2025-10-15 22:54:15,419 — ProjectAnalyzer — INFO — Calculating metric: longest_project
2025-10-15 22:54:15,421 — ProjectAnalyzer — INFO — Metric calculated: longest_project = 302
2025-10-15 22:54:15,422 — ProjectAnalyzer — INFO — Project Analysis analysis completed successfully
2025-10-15 23:08:03,739 — ProjectAnalyzer — INFO — Initializing BaseAnalyzer
2025-10-15 23:08:03,740 — ProjectAnalyzer — INFO — Starting JSON load
2025-10-15 23:08:03,766 — ProjectAnalyzer — INFO — JSON loaded: meta=True, dep=30, emp=755, proj=100, eq=200
2025-10-15 23:08:03,792 — ProjectAnalyzer — INFO — Employees DF built: 21 rows for department_id=26
2025-10-15 23:08:03,803 — ProjectAnalyzer — INFO — Projects DF built: 8 rows with department_id=26 participation
2025-10-15 23:08:03,804 — ProjectAnalyzer — INFO — DF ready: employees=21 rows; projects=8 rows
2025-10-15 23:08:03,805 — ProjectAnalyzer — INFO — Starting Project Analysis analysis
2025-10-15 23:08:03,805 — ProjectAnalyzer — INFO — Calculating metric: avg_duration_days
2025-10-15 23:08:03,806 — ProjectAnalyzer — INFO — Metric calculated: avg_duration_days = 193.2
2025-10-15 23:08:03,806 — ProjectAnalyzer — INFO — Calculating metric: success_rate_percent
2025-10-15 23:08:03,808 — ProjectAnalyzer — INFO — Metric calculated: success_rate_percent = 50.0
2025-10-15 23:08:03,808 — ProjectAnalyzer — INFO — Calculating metric: longest_project
2025-10-15 23:08:03,810 — ProjectAnalyzer — INFO — Metric calculated: longest_project = 302
2025-10-15 23:08:03,811 — ProjectAnalyzer — INFO — Project Analysis analysis completed successfully
2025-10-15 23:08:35,186 — ProjectAnalyzer — INFO — Initializing BaseAnalyzer
2025-10-15 23:08:35,187 — ProjectAnalyzer — INFO — Starting JSON load
2025-10-15 23:08:35,211 — ProjectAnalyzer — INFO — JSON loaded: meta=True, dep=30, emp=755, proj=100, eq=200
2025-10-15 23:08:35,235 — ProjectAnalyzer — INFO — Employees DF built: 21 rows for department_id=26
2025-10-15 23:08:35,249 — ProjectAnalyzer — INFO — Projects DF built: 8 rows with department_id=26 participation
2025-10-15 23:08:35,249 — ProjectAnalyzer — INFO — DF ready: employees=21 rows; projects=8 rows
2025-10-15 23:08:35,249 — ProjectAnalyzer — INFO — Starting Project Analysis analysis
2025-10-15 23:08:35,250 — ProjectAnalyzer — INFO — Calculating metric: avg_duration_days
2025-10-15 23:08:35,251 — ProjectAnalyzer — INFO — Metric calculated: avg_duration_days = 193.2
2025-10-15 23:08:35,252 — ProjectAnalyzer — INFO — Calculating metric: success_rate_percent
2025-10-15 23:08:35,254 — ProjectAnalyzer — INFO — Metric calculated: success_rate_percent = 50.0
2025-10-15 23:08:35,254 — ProjectAnalyzer — INFO — Calculating metric: longest_project
2025-10-15 23:08:35,256 — ProjectAnalyzer — INFO — Metric calculated: longest_project = 302
2025-10-15 23:08:35,257 — ProjectAnalyzer — INFO — Project Analysis analysis completed successfully
2025-10-15 23:16:31,815 — ProjectAnalyzer — INFO — Initializing BaseAnalyzer
2025-10-15 23:16:31,816 — ProjectAnalyzer — INFO — Starting JSON load
2025-10-15 23:16:31,842 — ProjectAnalyzer — INFO — JSON loaded: meta=True, dep=30, emp=755, proj=100, eq=200
2025-10-15 23:16:31,857 — ProjectAnalyzer — INFO — Employees DF built: 21 rows for department_id=26
2025-10-15 23:16:31,869 — ProjectAnalyzer — INFO — Projects DF built: 8 rows with department_id=26 participation
2025-10-15 23:16:31,869 — ProjectAnalyzer — INFO — DF ready: employees=21 rows; projects=8 rows
2025-10-15 23:16:31,870 — ProjectAnalyzer — INFO — Starting Project Analysis analysis
2025-10-15 23:16:31,870 — ProjectAnalyzer — INFO — Calculating metric: avg_duration_days
2025-10-15 23:16:31,871 — ProjectAnalyzer — INFO — Metric calculated: avg_duration_days = 193.2
2025-10-15 23:16:31,871 — ProjectAnalyzer — INFO — Calculating metric: success_rate_percent
2025-10-15 23:16:31,874 — ProjectAnalyzer — INFO — Metric calculated: success_rate_percent = 50.0
2025-10-15 23:16:31,875 — ProjectAnalyzer — INFO — Calculating metric: longest_project
2025-10-15 23:16:31,879 — ProjectAnalyzer — INFO — Metric calculated: longest_project = 302
2025-10-15 23:16:31,879 — ProjectAnalyzer — INFO — Project Analysis analysis completed successfully
2025-10-15 23:21:43,322 — ProjectAnalyzer — INFO — Initializing BaseAnalyzer
2025-10-15 23:21:43,323 — ProjectAnalyzer — INFO — Starting JSON load
2025-10-15 23:21:43,344 — ProjectAnalyzer — INFO — JSON loaded: meta=True, dep=30, emp=755, proj=100, eq=200
2025-10-15 23:21:43,361 — ProjectAnalyzer — INFO — Employees DF built: 21 rows for department_id=26
2025-10-15 23:21:43,371 — ProjectAnalyzer — INFO — Projects DF built: 8 rows with department_id=26 participation
2025-10-15 23:21:43,372 — ProjectAnalyzer — INFO — DF ready: employees=21 rows; projects=8 rows
2025-10-15 23:21:43,373 — ProjectAnalyzer — INFO — Starting Project Analysis analysis
2025-10-15 23:21:43,374 — ProjectAnalyzer — INFO — Calculating metric: avg_duration_days
2025-10-15 23:21:43,374 — ProjectAnalyzer — INFO — Metric calculated: avg_duration_days = 193.2
2025-10-15 23:21:43,375 — ProjectAnalyzer — INFO — Calculating metric: success_rate_percent
2025-10-15 23:21:43,375 — ProjectAnalyzer — INFO — Metric calculated: success_rate_percent = 50.0
2025-10-15 23:21:43,376 — ProjectAnalyzer — INFO — Calculating metric: longest_project
2025-10-15 23:21:43,378 — ProjectAnalyzer — INFO — Metric calculated: longest_project = 302
2025-10-15 23:21:43,378 — ProjectAnalyzer — INFO — Project Analysis analysis completed successfully
2025-10-15 23:25:02,462 — ProjectAnalyzer — INFO — Initializing BaseAnalyzer
2025-10-15 23:25:02,462 — ProjectAnalyzer — INFO — Starting JSON load
2025-10-15 23:25:02,483 — ProjectAnalyzer — INFO — JSON loaded: meta=True, dep=30, emp=755, proj=100, eq=200
2025-10-15 23:25:02,503 — ProjectAnalyzer — INFO — Employees DF built: 21 rows for department_id=26
2025-10-15 23:25:02,514 — ProjectAnalyzer — INFO — Projects DF built: 8 rows with department_id=26 participation
2025-10-15 23:25:02,514 — ProjectAnalyzer — INFO — DF ready: employees=21 rows; projects=8 rows
2025-10-15 23:25:02,514 — ProjectAnalyzer — INFO — Starting Project Analysis analysis
2025-10-15 23:25:02,515 — ProjectAnalyzer — INFO — Calculating metric: avg_duration_days
2025-10-15 23:25:02,515 — ProjectAnalyzer — INFO — Metric calculated: avg_duration_days = 193.2
2025-10-15 23:25:02,516 — ProjectAnalyzer — INFO — Calculating metric: success_rate_percent
2025-10-15 23:25:02,517 — ProjectAnalyzer — INFO — Metric calculated: success_rate_percent = 50.0
2025-10-15 23:25:02,517 — ProjectAnalyzer — INFO — Calculating metric: longest_project
2025-10-15 23:25:02,520 — ProjectAnalyzer — INFO — Metric calculated: longest_project = 302
2025-10-15 23:25:02,521 — ProjectAnalyzer — INFO — Project Analysis analysis completed successfully
2025-10-15 23:31:04,212 — ProjectAnalyzer — INFO — Initializing BaseAnalyzer
2025-10-15 23:31:04,212 — ProjectAnalyzer — INFO — Starting JSON load
2025-10-15 23:31:04,230 — ProjectAnalyzer — INFO — JSON loaded: meta=True, dep=30, emp=755, proj=100, eq=200
2025-10-15 23:31:04,247 — ProjectAnalyzer — INFO — Employees DF built: 21 rows for department_id=26
2025-10-15 23:31:04,257 — ProjectAnalyzer — INFO — Projects DF built: 8 rows with department_id=26 participation
2025-10-15 23:31:04,258 — ProjectAnalyzer — INFO — DF ready: employees=21 rows; projects=8 rows
2025-10-15 23:31:04,258 — ProjectAnalyzer — INFO — Starting Project Analysis analysis
2025-10-15 23:31:04,259 — ProjectAnalyzer — INFO — Calculating metric: avg_duration_days
2025-10-15 23:31:04,259 — ProjectAnalyzer — INFO — Metric calculated: avg_duration_days = 193.2
2025-10-15 23:31:04,260 — ProjectAnalyzer — INFO — Calculating metric: success_rate_percent
2025-10-15 23:31:04,261 — ProjectAnalyzer — INFO — Metric calculated: success_rate_percent = 50.0
2025-10-15 23:31:04,262 — ProjectAnalyzer — INFO — Calculating metric: longest_project
2025-10-15 23:31:04,265 — ProjectAnalyzer — INFO — Metric calculated: longest_project = 302
2025-10-15 23:31:04,265 — ProjectAnalyzer — INFO — Project Analysis analysis completed successfully
2025-10-15 23:31:42,928 — ProjectAnalyzer — INFO — Initializing BaseAnalyzer
2025-10-15 23:31:42,928 — ProjectAnalyzer — INFO — Starting JSON load
2025-10-15 23:31:42,947 — ProjectAnalyzer — INFO — JSON loaded: meta=True, dep=30, emp=755, proj=100, eq=200
2025-10-15 23:31:42,969 — ProjectAnalyzer — INFO — Employees DF built: 21 rows for department_id=26
2025-10-15 23:31:42,980 — ProjectAnalyzer — INFO — Projects DF built: 8 rows with department_id=26 participation
2025-10-15 23:31:42,980 — ProjectAnalyzer — INFO — DF ready: employees=21 rows; projects=8 rows
2025-10-15 23:31:42,981 — ProjectAnalyzer — INFO — Starting Project Analysis analysis
2025-10-15 23:31:42,981 — ProjectAnalyzer — INFO — Calculating metric: avg_duration_days
2025-10-15 23:31:42,982 — ProjectAnalyzer — INFO — Metric calculated: avg_duration_days = 193.2
2025-10-15 23:31:42,982 — ProjectAnalyzer — INFO — Calculating metric: success_rate_percent
2025-10-15 23:31:42,982 — ProjectAnalyzer — INFO — Metric calculated: success_rate_percent = 50.0
2025-10-15 23:31:42,983 — ProjectAnalyzer — INFO — Calculating metric: longest_project
2025-10-15 23:31:42,986 — ProjectAnalyzer — INFO — Metric calculated: longest_project = 302
2025-10-15 23:31:42,987 — ProjectAnalyzer — INFO — Project Analysis analysis completed successfully
2025-10-15 23:33:08,290 — ProjectAnalyzer — INFO — Initializing BaseAnalyzer
2025-10-15 23:33:08,291 — ProjectAnalyzer — INFO — Starting JSON load
2025-10-15 23:33:08,316 — ProjectAnalyzer — INFO — JSON loaded: meta=True, dep=30, emp=755, proj=100, eq=200
2025-10-15 23:33:08,332 — ProjectAnalyzer — INFO — Employees DF built: 21 rows for department_id=26
2025-10-15 23:33:08,340 — ProjectAnalyzer — INFO — Projects DF built: 8 rows with department_id=26 participation
2025-10-15 23:33:08,341 — ProjectAnalyzer — INFO — DF ready: employees=21 rows; projects=8 rows
2025-10-15 23:33:08,341 — ProjectAnalyzer — INFO — Starting Project Analysis analysis
2025-10-15 23:33:08,342 — ProjectAnalyzer — INFO — Calculating metric: avg_duration_days
2025-10-15 23:33:08,343 — ProjectAnalyzer — INFO — Metric calculated: avg_duration_days = 193.2
2025-10-15 23:33:08,344 — ProjectAnalyzer — INFO — Calculating metric: success_rate_percent
2025-10-15 23:33:08,345 — ProjectAnalyzer — INFO — Metric calculated: success_rate_percent = 50.0
2025-10-15 23:33:08,345 — ProjectAnalyzer — INFO — Calculating metric: longest_project
2025-10-15 23:33:08,348 — ProjectAnalyzer — INFO — Metric calculated: longest_project = 302
2025-10-15 23:33:08,349 — ProjectAnalyzer — INFO — Project Analysis analysis completed successfully
2025-10-15 23:43:08,842 — ProjectAnalyzer — INFO — Initializing BaseAnalyzer
2025-10-15 23:43:08,843 — ProjectAnalyzer — INFO — Starting JSON load
2025-10-15 23:43:08,862 — ProjectAnalyzer — INFO — JSON loaded: meta=True, dep=30, emp=755, proj=100, eq=200
2025-10-15 23:43:08,877 — ProjectAnalyzer — INFO — Employees DF built: 21 rows for department_id=26
2025-10-15 23:43:08,890 — ProjectAnalyzer — INFO — Projects DF built: 8 rows with department_id=26 participation
2025-10-15 23:43:08,891 — ProjectAnalyzer — INFO — DF ready: employees=21 rows; projects=8 rows
2025-10-15 23:43:08,893 — ProjectAnalyzer — INFO — Starting Project Analysis analysis
2025-10-15 23:43:08,894 — ProjectAnalyzer — INFO — Calculating metric: avg_duration_days
2025-10-15 23:43:08,895 — ProjectAnalyzer — INFO — Metric calculated: avg_duration_days = 193.2
2025-10-15 23:43:08,895 — ProjectAnalyzer — INFO — Calculating metric: success_rate_percent
2025-10-15 23:43:08,897 — ProjectAnalyzer — INFO — Metric calculated: success_rate_percent = 50.0
2025-10-15 23:43:08,897 — ProjectAnalyzer — INFO — Calculating metric: longest_project
2025-10-15 23:43:08,900 — ProjectAnalyzer — INFO — Metric calculated: longest_project = 302
2025-10-15 23:43:08,901 — ProjectAnalyzer — INFO — Project Analysis analysis completed successfully
2025-10-15 23:46:09,974 — ProjectAnalyzer — INFO — Initializing BaseAnalyzer
2025-10-15 23:46:09,975 — ProjectAnalyzer — INFO — Starting JSON load
2025-10-15 23:46:09,995 — ProjectAnalyzer — INFO — JSON loaded: meta=True, dep=30, emp=755, proj=100, eq=200
2025-10-15 23:46:10,012 — ProjectAnalyzer — INFO — Employees DF built: 21 rows for department_id=26
2025-10-15 23:46:10,025 — ProjectAnalyzer — INFO — Projects DF built: 8 rows with department_id=26 participation
2025-10-15 23:46:10,025 — ProjectAnalyzer — INFO — DF ready: employees=21 rows; projects=8 rows
2025-10-15 23:46:10,026 — ProjectAnalyzer — INFO — Starting Project Analysis analysis
2025-10-15 23:46:10,026 — ProjectAnalyzer — INFO — Calculating metric: avg_duration_days
2025-10-15 23:46:10,027 — ProjectAnalyzer — INFO — Metric calculated: avg_duration_days = 193.2
2025-10-15 23:46:10,028 — ProjectAnalyzer — INFO — Calculating metric: success_rate_percent
2025-10-15 23:46:10,029 — ProjectAnalyzer — INFO — Metric calculated: success_rate_percent = 50.0
2025-10-15 23:46:10,029 — ProjectAnalyzer — INFO — Calculating metric: longest_project
2025-10-15 23:46:10,032 — ProjectAnalyzer — INFO — Metric calculated: longest_project = 302
2025-10-15 23:46:10,032 — ProjectAnalyzer — INFO — Project Analysis analysis completed successfully
2025-10-15 23:50:56,006 — ProjectAnalyzer — INFO — Initializing BaseAnalyzer
2025-10-15 23:50:56,007 — ProjectAnalyzer — INFO — Starting JSON load
2025-10-15 23:50:56,033 — ProjectAnalyzer — INFO — JSON loaded: meta=True, dep=30, emp=755, proj=100, eq=200
2025-10-15 23:50:56,052 — ProjectAnalyzer — INFO — Employees DF built: 21 rows for department_id=26
2025-10-15 23:50:56,065 — ProjectAnalyzer — INFO — Projects DF built: 8 rows with department_id=26 participation
2025-10-15 23:50:56,065 — ProjectAnalyzer — INFO — DF ready: employees=21 rows; projects=8 rows
2025-10-15 23:50:56,066 — ProjectAnalyzer — INFO — Starting Project Analysis analysis
2025-10-15 23:50:56,066 — ProjectAnalyzer — INFO — Calculating metric: avg_duration_days
2025-10-15 23:50:56,067 — ProjectAnalyzer — INFO — Metric calculated: avg_duration_days = 193.2
2025-10-15 23:50:56,067 — ProjectAnalyzer — INFO — Calculating metric: success_rate_percent
2025-10-15 23:50:56,068 — ProjectAnalyzer — INFO — Metric calculated: success_rate_percent = 50.0
2025-10-15 23:50:56,069 — ProjectAnalyzer — INFO — Calculating metric: longest_project
2025-10-15 23:50:56,071 — ProjectAnalyzer — INFO — Metric calculated: longest_project = 302
2025-10-15 23:50:56,072 — ProjectAnalyzer — INFO — Project Analysis analysis completed successfully
