2025-10-15 20:42:20,475 — ScientificAnalyzer — INFO — Initializing BaseAnalyzer
2025-10-15 20:42:20,476 — ScientificAnalyzer — INFO — Starting JSON load
2025-10-15 20:42:20,495 — ScientificAnalyzer — INFO — JSON loaded: meta=True, dep=30, emp=755, proj=100, eq=200
2025-10-15 20:42:20,528 — ScientificAnalyzer — INFO — Employees DF built: 21 rows for department_id=26
2025-10-15 20:42:20,547 — ScientificAnalyzer — INFO — Projects DF built: 8 rows with department_id=26 participation
2025-10-15 20:42:20,548 — ScientificAnalyzer — INFO — DF ready: employees=21 rows; projects=8 rows
2025-10-15 20:42:20,559 — ScientificAnalyzer — INFO — Starting Scientific Potential analysis
2025-10-15 20:42:20,560 — ScientificAnalyzer — INFO — Calculating metric: degree_distribution
2025-10-15 20:42:20,563 — ScientificAnalyzer — INFO — Metric calculated: degree_distribution = 21
2025-10-15 20:42:20,564 — ScientificAnalyzer — INFO — Calculating metric: avg_certificates_per_employee
2025-10-15 20:42:20,565 — ScientificAnalyzer — INFO — Metric calculated: avg_certificates_per_employee = 2.9
2025-10-15 20:42:20,565 — ScientificAnalyzer — INFO — Calculating metric: top_performers
2025-10-15 20:42:20,569 — ScientificAnalyzer — INFO — Metric calculated: top_performers = 2
2025-10-15 20:42:20,570 — ScientificAnalyzer — INFO — Scientific Potential analysis completed successfully
2025-10-15 20:58:07,986 — ScientificAnalyzer — INFO — Initializing BaseAnalyzer
2025-10-15 20:58:07,986 — ScientificAnalyzer — INFO — Starting JSON load
2025-10-15 20:58:08,007 — ScientificAnalyzer — INFO — JSON loaded: meta=True, dep=30, emp=755, proj=100, eq=200
2025-10-15 20:58:08,028 — ScientificAnalyzer — INFO — Employees DF built: 21 rows for department_id=26
2025-10-15 20:58:08,043 — ScientificAnalyzer — INFO — Projects DF built: 8 rows with department_id=26 participation
2025-10-15 20:58:08,043 — ScientificAnalyzer — INFO — DF ready: employees=21 rows; projects=8 rows
2025-10-15 20:58:08,044 — ScientificAnalyzer — INFO — Starting Scientific Potential analysis
2025-10-15 20:58:08,045 — ScientificAnalyzer — INFO — Calculating metric: degree_distribution
2025-10-15 20:58:08,047 — ScientificAnalyzer — INFO — Metric calculated: degree_distribution = 21
2025-10-15 20:58:08,047 — ScientificAnalyzer — INFO — Calculating metric: avg_certificates_per_employee
2025-10-15 20:58:08,048 — ScientificAnalyzer — INFO — Metric calculated: avg_certificates_per_employee = 2.9
2025-10-15 20:58:08,048 — ScientificAnalyzer — INFO — Calculating metric: top_performers
2025-10-15 20:58:08,052 — ScientificAnalyzer — INFO — Metric calculated: top_performers = 2
2025-10-15 20:58:08,052 — ScientificAnalyzer — INFO — Scientific Potential analysis completed successfully
2025-10-15 21:21:17,538 — ScientificAnalyzer — INFO — Initializing BaseAnalyzer
2025-10-15 21:21:17,539 — ScientificAnalyzer — INFO — Starting JSON load
2025-10-15 21:21:17,556 — ScientificAnalyzer — INFO — JSON loaded: meta=True, dep=30, emp=755, proj=100, eq=200
2025-10-15 21:21:17,579 — ScientificAnalyzer — INFO — Employees DF built: 21 rows for department_id=26
2025-10-15 21:21:17,595 — ScientificAnalyzer — INFO — Projects DF built: 8 rows with department_id=26 participation
2025-10-15 21:21:17,595 — ScientificAnalyzer — INFO — DF ready: employees=21 rows; projects=8 rows
2025-10-15 21:21:17,596 — ScientificAnalyzer — INFO — Starting Scientific Potential analysis
2025-10-15 21:21:17,596 — ScientificAnalyzer — INFO — Calculating metric: degree_distribution
2025-10-15 21:21:17,598 — ScientificAnalyzer — INFO — Metric calculated: degree_distribution = 21
2025-10-15 21:21:17,598 — ScientificAnalyzer — INFO — Calculating metric: avg_certificates_per_employee
2025-10-15 21:21:17,598 — ScientificAnalyzer — INFO — Metric calculated: avg_certificates_per_employee = 2.9
2025-10-15 21:21:17,599 — ScientificAnalyzer — INFO — Calculating metric: top_performers
2025-10-15 21:21:17,605 — ScientificAnalyzer — INFO — Metric calculated: top_performers = 2
2025-10-15 21:21:17,606 — ScientificAnalyzer — INFO — Scientific Potential analysis completed successfully
2025-10-15 21:22:35,329 — ScientificAnalyzer — INFO — Initializing BaseAnalyzer
2025-10-15 21:22:35,329 — ScientificAnalyzer — INFO — Starting JSON load
2025-10-15 21:22:35,352 — ScientificAnalyzer — INFO — JSON loaded: meta=True, dep=30, emp=755, proj=100, eq=200
2025-10-15 21:22:35,374 — ScientificAnalyzer — INFO — Employees DF built: 21 rows for department_id=26
2025-10-15 21:22:35,385 — ScientificAnalyzer — INFO — Projects DF built: 8 rows with department_id=26 participation
2025-10-15 21:22:35,386 — ScientificAnalyzer — INFO — DF ready: employees=21 rows; projects=8 rows
2025-10-15 21:22:35,386 — ScientificAnalyzer — INFO — Starting Scientific Potential analysis
2025-10-15 21:22:35,387 — ScientificAnalyzer — INFO — Calculating metric: degree_distribution
2025-10-15 21:22:35,389 — ScientificAnalyzer — INFO — Metric calculated: degree_distribution = 21
2025-10-15 21:22:35,389 — ScientificAnalyzer — INFO — Calculating metric: avg_certificates_per_employee
2025-10-15 21:22:35,390 — ScientificAnalyzer — INFO — Metric calculated: avg_certificates_per_employee = 2.9
2025-10-15 21:22:35,390 — ScientificAnalyzer — INFO — Calculating metric: top_performers
2025-10-15 21:22:35,393 — ScientificAnalyzer — INFO — Metric calculated: top_performers = 2
2025-10-15 21:22:35,394 — ScientificAnalyzer — INFO — Scientific Potential analysis completed successfully
2025-10-15 21:23:03,360 — ScientificAnalyzer — INFO — Initializing BaseAnalyzer
2025-10-15 21:23:03,361 — ScientificAnalyzer — INFO — Starting JSON load
2025-10-15 21:23:03,384 — ScientificAnalyzer — INFO — JSON loaded: meta=True, dep=30, emp=755, proj=100, eq=200
2025-10-15 21:23:03,402 — ScientificAnalyzer — INFO — Employees DF built: 21 rows for department_id=26
2025-10-15 21:23:03,414 — ScientificAnalyzer — INFO — Projects DF built: 8 rows with department_id=26 participation
2025-10-15 21:23:03,415 — ScientificAnalyzer — INFO — DF ready: employees=21 rows; projects=8 rows
2025-10-15 21:23:03,415 — ScientificAnalyzer — INFO — Starting Scientific Potential analysis
2025-10-15 21:23:03,415 — ScientificAnalyzer — INFO — Calculating metric: degree_distribution
2025-10-15 21:23:03,417 — ScientificAnalyzer — INFO — Metric calculated: degree_distribution = 21
2025-10-15 21:23:03,417 — ScientificAnalyzer — INFO — Calculating metric: avg_certificates_per_employee
2025-10-15 21:23:03,418 — ScientificAnalyzer — INFO — Metric calculated: avg_certificates_per_employee = 2.9
2025-10-15 21:23:03,418 — ScientificAnalyzer — INFO — Calculating metric: top_performers
2025-10-15 21:23:03,421 — ScientificAnalyzer — INFO — Metric calculated: top_performers = 2
2025-10-15 21:23:03,421 — ScientificAnalyzer — INFO — Scientific Potential analysis completed successfully
2025-10-15 21:23:17,559 — ScientificAnalyzer — INFO — Initializing BaseAnalyzer
2025-10-15 21:23:17,560 — ScientificAnalyzer — INFO — Starting JSON load
2025-10-15 21:23:17,586 — ScientificAnalyzer — INFO — JSON loaded: meta=True, dep=30, emp=755, proj=100, eq=200
2025-10-15 21:23:17,608 — ScientificAnalyzer — INFO — Employees DF built: 21 rows for department_id=26
2025-10-15 21:23:17,622 — ScientificAnalyzer — INFO — Projects DF built: 8 rows with department_id=26 participation
2025-10-15 21:23:17,622 — ScientificAnalyzer — INFO — DF ready: employees=21 rows; projects=8 rows
2025-10-15 21:23:17,623 — ScientificAnalyzer — INFO — Starting Scientific Potential analysis
2025-10-15 21:23:17,623 — ScientificAnalyzer — INFO — Calculating metric: degree_distribution
2025-10-15 21:23:17,625 — ScientificAnalyzer — INFO — Metric calculated: degree_distribution = 21
2025-10-15 21:23:17,625 — ScientificAnalyzer — INFO — Calculating metric: avg_certificates_per_employee
2025-10-15 21:23:17,626 — ScientificAnalyzer — INFO — Metric calculated: avg_certificates_per_employee = 2.9
2025-10-15 21:23:17,626 — ScientificAnalyzer — INFO — Calculating metric: top_performers
2025-10-15 21:23:17,630 — ScientificAnalyzer — INFO — Metric calculated: top_performers = 2
2025-10-15 21:23:17,631 — ScientificAnalyzer — INFO — Scientific Potential analysis completed successfully
2025-10-15 21:23:24,278 — ScientificAnalyzer — INFO — Initializing BaseAnalyzer
2025-10-15 21:23:24,278 — ScientificAnalyzer — INFO — Starting JSON load
2025-10-15 21:23:24,299 — ScientificAnalyzer — INFO — JSON loaded: meta=True, dep=30, emp=755, proj=100, eq=200
2025-10-15 21:23:24,321 — ScientificAnalyzer — INFO — Employees DF built: 21 rows for department_id=26
2025-10-15 21:23:24,332 — ScientificAnalyzer — INFO — Projects DF built: 8 rows with department_id=26 participation
2025-10-15 21:23:24,333 — ScientificAnalyzer — INFO — DF ready: employees=21 rows; projects=8 rows
2025-10-15 21:23:24,333 — ScientificAnalyzer — INFO — Starting Scientific Potential analysis
2025-10-15 21:23:24,335 — ScientificAnalyzer — INFO — Calculating metric: degree_distribution
2025-10-15 21:23:24,337 — ScientificAnalyzer — INFO — Metric calculated: degree_distribution = 21
2025-10-15 21:23:24,338 — ScientificAnalyzer — INFO — Calculating metric: avg_certificates_per_employee
2025-10-15 21:23:24,339 — ScientificAnalyzer — INFO — Metric calculated: avg_certificates_per_employee = 2.9
2025-10-15 21:23:24,339 — ScientificAnalyzer — INFO — Calculating metric: top_performers
2025-10-15 21:23:24,342 — ScientificAnalyzer — INFO — Metric calculated: top_performers = 2
2025-10-15 21:23:24,343 — ScientificAnalyzer — INFO — Scientific Potential analysis completed successfully
2025-10-15 21:30:57,874 — ScientificAnalyzer — INFO — Initializing BaseAnalyzer
2025-10-15 21:30:57,874 — ScientificAnalyzer — INFO — Starting JSON load
2025-10-15 21:30:57,895 — ScientificAnalyzer — INFO — JSON loaded: meta=True, dep=30, emp=755, proj=100, eq=200
2025-10-15 21:30:57,926 — ScientificAnalyzer — INFO — Employees DF built: 21 rows for department_id=26
2025-10-15 21:30:57,941 — ScientificAnalyzer — INFO — Projects DF built: 8 rows with department_id=26 participation
2025-10-15 21:30:57,942 — ScientificAnalyzer — INFO — DF ready: employees=21 rows; projects=8 rows
2025-10-15 21:30:57,943 — ScientificAnalyzer — INFO — Starting Scientific Potential analysis
2025-10-15 21:30:57,944 — ScientificAnalyzer — INFO — Calculating metric: degree_distribution
2025-10-15 21:30:57,946 — ScientificAnalyzer — INFO — Metric calculated: degree_distribution = 21
2025-10-15 21:30:57,946 — ScientificAnalyzer — INFO — Calculating metric: avg_certificates_per_employee
2025-10-15 21:30:57,947 — ScientificAnalyzer — INFO — Metric calculated: avg_certificates_per_employee = 2.9
2025-10-15 21:30:57,947 — ScientificAnalyzer — INFO — Calculating metric: top_performers
2025-10-15 21:30:57,952 — ScientificAnalyzer — INFO — Metric calculated: top_performers = 2
2025-10-15 21:30:57,952 — ScientificAnalyzer — INFO — Scientific Potential analysis completed successfully
2025-10-15 21:31:31,750 — ScientificAnalyzer — INFO — Initializing BaseAnalyzer
2025-10-15 21:31:31,751 — ScientificAnalyzer — INFO — Starting JSON load
2025-10-15 21:31:31,772 — ScientificAnalyzer — INFO — JSON loaded: meta=True, dep=30, emp=755, proj=100, eq=200
2025-10-15 21:31:31,793 — ScientificAnalyzer — INFO — Employees DF built: 21 rows for department_id=26
2025-10-15 21:31:31,806 — ScientificAnalyzer — INFO — Projects DF built: 8 rows with department_id=26 participation
2025-10-15 21:31:31,806 — ScientificAnalyzer — INFO — DF ready: employees=21 rows; projects=8 rows
2025-10-15 21:31:31,807 — ScientificAnalyzer — INFO — Starting Scientific Potential analysis
2025-10-15 21:31:31,807 — ScientificAnalyzer — INFO — Calculating metric: degree_distribution
2025-10-15 21:31:31,810 — ScientificAnalyzer — INFO — Metric calculated: degree_distribution = 21
2025-10-15 21:31:31,810 — ScientificAnalyzer — INFO — Calculating metric: avg_certificates_per_employee
2025-10-15 21:31:31,811 — ScientificAnalyzer — INFO — Metric calculated: avg_certificates_per_employee = 2.9
2025-10-15 21:31:31,811 — ScientificAnalyzer — INFO — Calculating metric: top_performers
2025-10-15 21:31:31,817 — ScientificAnalyzer — INFO — Metric calculated: top_performers = 2
2025-10-15 21:31:31,817 — ScientificAnalyzer — INFO — Scientific Potential analysis completed successfully
2025-10-15 21:34:52,452 — ScientificAnalyzer — INFO — Initializing BaseAnalyzer
2025-10-15 21:34:52,453 — ScientificAnalyzer — INFO — Starting JSON load
2025-10-15 21:34:52,471 — ScientificAnalyzer — INFO — JSON loaded: meta=True, dep=30, emp=755, proj=100, eq=200
2025-10-15 21:34:52,492 — ScientificAnalyzer — INFO — Employees DF built: 21 rows for department_id=26
2025-10-15 21:34:52,505 — ScientificAnalyzer — INFO — Projects DF built: 8 rows with department_id=26 participation
2025-10-15 21:34:52,505 — ScientificAnalyzer — INFO — DF ready: employees=21 rows; projects=8 rows
2025-10-15 21:34:52,506 — ScientificAnalyzer — INFO — Starting Scientific Potential analysis
2025-10-15 21:34:52,506 — ScientificAnalyzer — INFO — Calculating metric: degree_distribution
2025-10-15 21:34:52,509 — ScientificAnalyzer — INFO — Metric calculated: degree_distribution = 21
2025-10-15 21:34:52,510 — ScientificAnalyzer — INFO — Calculating metric: avg_certificates_per_employee
2025-10-15 21:34:52,511 — ScientificAnalyzer — INFO — Metric calculated: avg_certificates_per_employee = 2.9
2025-10-15 21:34:52,511 — ScientificAnalyzer — INFO — Calculating metric: top_performers
2025-10-15 21:34:52,515 — ScientificAnalyzer — INFO — Metric calculated: top_performers = 2
2025-10-15 21:34:52,515 — ScientificAnalyzer — INFO — Scientific Potential analysis completed successfully
2025-10-15 21:37:47,492 — ScientificAnalyzer — INFO — Initializing BaseAnalyzer
2025-10-15 21:37:47,493 — ScientificAnalyzer — INFO — Starting JSON load
2025-10-15 21:37:47,513 — ScientificAnalyzer — INFO — JSON loaded: meta=True, dep=30, emp=755, proj=100, eq=200
2025-10-15 21:37:47,534 — ScientificAnalyzer — INFO — Employees DF built: 21 rows for department_id=26
2025-10-15 21:37:47,545 — ScientificAnalyzer — INFO — Projects DF built: 8 rows with department_id=26 participation
2025-10-15 21:37:47,546 — ScientificAnalyzer — INFO — DF ready: employees=21 rows; projects=8 rows
2025-10-15 21:37:47,546 — ScientificAnalyzer — INFO — Starting Scientific Potential analysis
2025-10-15 21:37:47,547 — ScientificAnalyzer — INFO — Calculating metric: degree_distribution
2025-10-15 21:37:47,548 — ScientificAnalyzer — INFO — Metric calculated: degree_distribution = 21
2025-10-15 21:37:47,549 — ScientificAnalyzer — INFO — Calculating metric: avg_certificates_per_employee
2025-10-15 21:37:47,549 — ScientificAnalyzer — INFO — Metric calculated: avg_certificates_per_employee = 2.9
2025-10-15 21:37:47,550 — ScientificAnalyzer — INFO — Calculating metric: top_performers
2025-10-15 21:37:47,554 — ScientificAnalyzer — INFO — Metric calculated: top_performers = 2
2025-10-15 21:37:47,566 — ScientificAnalyzer — INFO — Scientific Potential analysis completed successfully
2025-10-15 21:41:56,240 — ScientificAnalyzer — INFO — Initializing BaseAnalyzer
2025-10-15 21:41:56,241 — ScientificAnalyzer — INFO — Starting JSON load
2025-10-15 21:41:56,264 — ScientificAnalyzer — INFO — JSON loaded: meta=True, dep=30, emp=755, proj=100, eq=200
2025-10-15 21:41:56,286 — ScientificAnalyzer — INFO — Employees DF built: 21 rows for department_id=26
2025-10-15 21:41:56,297 — ScientificAnalyzer — INFO — Projects DF built: 8 rows with department_id=26 participation
2025-10-15 21:41:56,297 — ScientificAnalyzer — INFO — DF ready: employees=21 rows; projects=8 rows
2025-10-15 21:41:56,298 — ScientificAnalyzer — INFO — Starting Scientific Potential analysis
2025-10-15 21:41:56,299 — ScientificAnalyzer — INFO — Calculating metric: degree_distribution
2025-10-15 21:41:56,302 — ScientificAnalyzer — INFO — Metric calculated: degree_distribution = 21
2025-10-15 21:41:56,302 — ScientificAnalyzer — INFO — Calculating metric: avg_certificates_per_employee
2025-10-15 21:41:56,303 — ScientificAnalyzer — INFO — Metric calculated: avg_certificates_per_employee = 2.9
2025-10-15 21:41:56,303 — ScientificAnalyzer — INFO — Calculating metric: top_performers
2025-10-15 21:41:56,308 — ScientificAnalyzer — INFO — Metric calculated: top_performers = 2
2025-10-15 21:41:56,308 — ScientificAnalyzer — INFO — Scientific Potential analysis completed successfully
2025-10-15 21:44:12,451 — ScientificAnalyzer — INFO — Initializing BaseAnalyzer
2025-10-15 21:44:12,451 — ScientificAnalyzer — INFO — Starting JSON load
2025-10-15 21:44:12,478 — ScientificAnalyzer — INFO — JSON loaded: meta=True, dep=30, emp=755, proj=100, eq=200
2025-10-15 21:44:12,496 — ScientificAnalyzer — INFO — Employees DF built: 21 rows for department_id=26
2025-10-15 21:44:12,510 — ScientificAnalyzer — INFO — Projects DF built: 8 rows with department_id=26 participation
2025-10-15 21:44:12,511 — ScientificAnalyzer — INFO — DF ready: employees=21 rows; projects=8 rows
2025-10-15 21:44:12,511 — ScientificAnalyzer — INFO — Starting Scientific Potential analysis
2025-10-15 21:44:12,512 — ScientificAnalyzer — INFO — Calculating metric: degree_distribution
2025-10-15 21:44:12,513 — ScientificAnalyzer — INFO — Metric calculated: degree_distribution = 21
2025-10-15 21:44:12,513 — ScientificAnalyzer — INFO — Calculating metric: avg_certificates_per_employee
2025-10-15 21:44:12,514 — ScientificAnalyzer — INFO — Metric calculated: avg_certificates_per_employee = 2.9
2025-10-15 21:44:12,515 — ScientificAnalyzer — INFO — Calculating metric: top_performers
2025-10-15 21:44:12,520 — ScientificAnalyzer — INFO — Metric calculated: top_performers = 2
2025-10-15 21:44:12,521 — ScientificAnalyzer — INFO — Scientific Potential analysis completed successfully
2025-10-15 21:48:15,264 — ScientificAnalyzer — INFO — Initializing BaseAnalyzer
2025-10-15 21:48:15,264 — ScientificAnalyzer — INFO — Starting JSON load
2025-10-15 21:48:15,297 — ScientificAnalyzer — INFO — JSON loaded: meta=True, dep=30, emp=755, proj=100, eq=200
2025-10-15 21:48:15,318 — ScientificAnalyzer — INFO — Employees DF built: 21 rows for department_id=26
2025-10-15 21:48:15,330 — ScientificAnalyzer — INFO — Projects DF built: 8 rows with department_id=26 participation
2025-10-15 21:48:15,330 — ScientificAnalyzer — INFO — DF ready: employees=21 rows; projects=8 rows
2025-10-15 21:48:15,330 — ScientificAnalyzer — INFO — Starting Scientific Potential analysis
2025-10-15 21:48:15,331 — ScientificAnalyzer — INFO — Calculating metric: degree_distribution
2025-10-15 21:48:15,335 — ScientificAnalyzer — INFO — Metric calculated: degree_distribution = 21
2025-10-15 21:48:15,335 — ScientificAnalyzer — INFO — Calculating metric: avg_certificates_per_employee
2025-10-15 21:48:15,336 — ScientificAnalyzer — INFO — Metric calculated: avg_certificates_per_employee = 2.9
2025-10-15 21:48:15,336 — ScientificAnalyzer — INFO — Calculating metric: top_performers
2025-10-15 21:48:15,343 — ScientificAnalyzer — INFO — Metric calculated: top_performers = 2
2025-10-15 21:48:15,344 — ScientificAnalyzer — INFO — Scientific Potential analysis completed successfully
2025-10-15 21:56:34,777 — ScientificAnalyzer — INFO — Initializing BaseAnalyzer
2025-10-15 21:56:34,777 — ScientificAnalyzer — INFO — Starting JSON load
2025-10-15 21:56:34,807 — ScientificAnalyzer — INFO — JSON loaded: meta=True, dep=30, emp=755, proj=100, eq=200
2025-10-15 21:56:34,829 — ScientificAnalyzer — INFO — Employees DF built: 21 rows for department_id=26
2025-10-15 21:56:34,841 — ScientificAnalyzer — INFO — Projects DF built: 8 rows with department_id=26 participation
2025-10-15 21:56:34,842 — ScientificAnalyzer — INFO — DF ready: employees=21 rows; projects=8 rows
2025-10-15 21:56:34,842 — ScientificAnalyzer — INFO — Starting Scientific Potential analysis
2025-10-15 21:56:34,843 — ScientificAnalyzer — INFO — Calculating metric: degree_distribution
2025-10-15 21:56:34,845 — ScientificAnalyzer — INFO — Metric calculated: degree_distribution = 21
2025-10-15 21:56:34,846 — ScientificAnalyzer — INFO — Calculating metric: avg_certificates_per_employee
2025-10-15 21:56:34,847 — ScientificAnalyzer — INFO — Metric calculated: avg_certificates_per_employee = 2.9
2025-10-15 21:56:34,848 — ScientificAnalyzer — INFO — Calculating metric: top_performers
2025-10-15 21:56:34,856 — ScientificAnalyzer — INFO — Metric calculated: top_performers = 2
2025-10-15 21:56:34,857 — ScientificAnalyzer — INFO — Scientific Potential analysis completed successfully
2025-10-15 21:56:58,969 — ScientificAnalyzer — INFO — Initializing BaseAnalyzer
2025-10-15 21:56:58,969 — ScientificAnalyzer — INFO — Starting JSON load
2025-10-15 21:56:58,993 — ScientificAnalyzer — INFO — JSON loaded: meta=True, dep=30, emp=755, proj=100, eq=200
2025-10-15 21:56:59,017 — ScientificAnalyzer — INFO — Employees DF built: 21 rows for department_id=26
2025-10-15 21:56:59,029 — ScientificAnalyzer — INFO — Projects DF built: 8 rows with department_id=26 participation
2025-10-15 21:56:59,030 — ScientificAnalyzer — INFO — DF ready: employees=21 rows; projects=8 rows
2025-10-15 21:56:59,030 — ScientificAnalyzer — INFO — Starting Scientific Potential analysis
2025-10-15 21:56:59,031 — ScientificAnalyzer — INFO — Calculating metric: degree_distribution
2025-10-15 21:56:59,032 — ScientificAnalyzer — INFO — Metric calculated: degree_distribution = 21
2025-10-15 21:56:59,033 — ScientificAnalyzer — INFO — Calculating metric: avg_certificates_per_employee
2025-10-15 21:56:59,033 — ScientificAnalyzer — INFO — Metric calculated: avg_certificates_per_employee = 2.9
2025-10-15 21:56:59,034 — ScientificAnalyzer — INFO — Calculating metric: top_performers
2025-10-15 21:56:59,037 — ScientificAnalyzer — INFO — Metric calculated: top_performers = 2
2025-10-15 21:56:59,038 — ScientificAnalyzer — INFO — Scientific Potential analysis completed successfully
2025-10-15 22:00:04,866 — ScientificAnalyzer — INFO — Initializing BaseAnalyzer
2025-10-15 22:00:04,866 — ScientificAnalyzer — INFO — Starting JSON load
2025-10-15 22:00:04,888 — ScientificAnalyzer — INFO — JSON loaded: meta=True, dep=30, emp=755, proj=100, eq=200
2025-10-15 22:00:04,917 — ScientificAnalyzer — INFO — Employees DF built: 21 rows for department_id=26
2025-10-15 22:00:04,929 — ScientificAnalyzer — INFO — Projects DF built: 8 rows with department_id=26 participation
2025-10-15 22:00:04,930 — ScientificAnalyzer — INFO — DF ready: employees=21 rows; projects=8 rows
2025-10-15 22:00:04,930 — ScientificAnalyzer — INFO — Starting Scientific Potential analysis
2025-10-15 22:00:04,931 — ScientificAnalyzer — INFO — Calculating metric: degree_distribution
2025-10-15 22:00:04,932 — ScientificAnalyzer — INFO — Metric calculated: degree_distribution = 21
2025-10-15 22:00:04,933 — ScientificAnalyzer — INFO — Calculating metric: avg_certificates_per_employee
2025-10-15 22:00:04,933 — ScientificAnalyzer — INFO — Metric calculated: avg_certificates_per_employee = 2.9
2025-10-15 22:00:04,934 — ScientificAnalyzer — INFO — Calculating metric: top_performers
2025-10-15 22:00:04,940 — ScientificAnalyzer — INFO — Metric calculated: top_performers = 2
2025-10-15 22:00:04,940 — ScientificAnalyzer — INFO — Scientific Potential analysis completed successfully
2025-10-15 22:00:40,272 — ScientificAnalyzer — INFO — Initializing BaseAnalyzer
2025-10-15 22:00:40,273 — ScientificAnalyzer — INFO — Starting JSON load
2025-10-15 22:00:40,300 — ScientificAnalyzer — INFO — JSON loaded: meta=True, dep=30, emp=755, proj=100, eq=200
2025-10-15 22:00:40,327 — ScientificAnalyzer — INFO — Employees DF built: 21 rows for department_id=26
2025-10-15 22:00:40,349 — ScientificAnalyzer — INFO — Projects DF built: 8 rows with department_id=26 participation
2025-10-15 22:00:40,350 — ScientificAnalyzer — INFO — DF ready: employees=21 rows; projects=8 rows
2025-10-15 22:00:40,351 — ScientificAnalyzer — INFO — Starting Scientific Potential analysis
2025-10-15 22:00:40,352 — ScientificAnalyzer — INFO — Calculating metric: degree_distribution
2025-10-15 22:00:40,353 — ScientificAnalyzer — INFO — Metric calculated: degree_distribution = 21
2025-10-15 22:00:40,354 — ScientificAnalyzer — INFO — Calculating metric: avg_certificates_per_employee
2025-10-15 22:00:40,355 — ScientificAnalyzer — INFO — Metric calculated: avg_certificates_per_employee = 2.9
2025-10-15 22:00:40,355 — ScientificAnalyzer — INFO — Calculating metric: top_performers
2025-10-15 22:00:40,360 — ScientificAnalyzer — INFO — Metric calculated: top_performers = 2
2025-10-15 22:00:40,361 — ScientificAnalyzer — INFO — Scientific Potential analysis completed successfully
2025-10-15 22:00:58,966 — ScientificAnalyzer — INFO — Initializing BaseAnalyzer
2025-10-15 22:00:58,967 — ScientificAnalyzer — INFO — Starting JSON load
2025-10-15 22:00:58,990 — ScientificAnalyzer — INFO — JSON loaded: meta=True, dep=30, emp=755, proj=100, eq=200
2025-10-15 22:00:59,009 — ScientificAnalyzer — INFO — Employees DF built: 21 rows for department_id=26
2025-10-15 22:00:59,024 — ScientificAnalyzer — INFO — Projects DF built: 8 rows with department_id=26 participation
2025-10-15 22:00:59,025 — ScientificAnalyzer — INFO — DF ready: employees=21 rows; projects=8 rows
2025-10-15 22:00:59,025 — ScientificAnalyzer — INFO — Starting Scientific Potential analysis
2025-10-15 22:00:59,026 — ScientificAnalyzer — INFO — Calculating metric: degree_distribution
2025-10-15 22:00:59,028 — ScientificAnalyzer — INFO — Metric calculated: degree_distribution = 21
2025-10-15 22:00:59,028 — ScientificAnalyzer — INFO — Calculating metric: avg_certificates_per_employee
2025-10-15 22:00:59,029 — ScientificAnalyzer — INFO — Metric calculated: avg_certificates_per_employee = 2.9
2025-10-15 22:00:59,030 — ScientificAnalyzer — INFO — Calculating metric: top_performers
2025-10-15 22:00:59,034 — ScientificAnalyzer — INFO — Metric calculated: top_performers = 2
2025-10-15 22:00:59,034 — ScientificAnalyzer — INFO — Scientific Potential analysis completed successfully
2025-10-15 22:10:19,274 — ScientificAnalyzer — INFO — Initializing BaseAnalyzer
2025-10-15 22:10:19,274 — ScientificAnalyzer — INFO — Starting JSON load
2025-10-15 22:10:19,298 — ScientificAnalyzer — INFO — JSON loaded: meta=True, dep=30, emp=755, proj=100, eq=200
2025-10-15 22:10:19,317 — ScientificAnalyzer — INFO — Employees DF built: 21 rows for department_id=26
2025-10-15 22:10:19,327 — ScientificAnalyzer — INFO — Projects DF built: 8 rows with department_id=26 participation
2025-10-15 22:10:19,328 — ScientificAnalyzer — INFO — DF ready: employees=21 rows; projects=8 rows
2025-10-15 22:10:19,328 — ScientificAnalyzer — INFO — Starting Scientific Potential analysis
2025-10-15 22:10:19,329 — ScientificAnalyzer — INFO — Calculating metric: degree_distribution
2025-10-15 22:10:19,331 — ScientificAnalyzer — INFO — Metric calculated: degree_distribution = 21
2025-10-15 22:10:19,331 — ScientificAnalyzer — INFO — Calculating metric: avg_certificates_per_employee
2025-10-15 22:10:19,332 — ScientificAnalyzer — INFO — Metric calculated: avg_certificates_per_employee = 2.9
2025-10-15 22:10:19,333 — ScientificAnalyzer — INFO — Calculating metric: top_performers
2025-10-15 22:10:19,336 — ScientificAnalyzer — INFO — Metric calculated: top_performers = 2
2025-10-15 22:10:19,336 — ScientificAnalyzer — INFO — Scientific Potential analysis completed successfully
2025-10-15 22:10:53,884 — ScientificAnalyzer — INFO — Initializing BaseAnalyzer
2025-10-15 22:10:53,884 — ScientificAnalyzer — INFO — Starting JSON load
2025-10-15 22:10:53,904 — ScientificAnalyzer — INFO — JSON loaded: meta=True, dep=30, emp=755, proj=100, eq=200
2025-10-15 22:10:53,925 — ScientificAnalyzer — INFO — Employees DF built: 21 rows for department_id=26
2025-10-15 22:10:53,934 — ScientificAnalyzer — INFO — Projects DF built: 8 rows with department_id=26 participation
2025-10-15 22:10:53,935 — ScientificAnalyzer — INFO — DF ready: employees=21 rows; projects=8 rows
2025-10-15 22:10:53,936 — ScientificAnalyzer — INFO — Starting Scientific Potential analysis
2025-10-15 22:10:53,937 — ScientificAnalyzer — INFO — Calculating metric: degree_distribution
2025-10-15 22:10:53,939 — ScientificAnalyzer — INFO — Metric calculated: degree_distribution = 21
2025-10-15 22:10:53,939 — ScientificAnalyzer — INFO — Calculating metric: avg_certificates_per_employee
2025-10-15 22:10:53,940 — ScientificAnalyzer — INFO — Metric calculated: avg_certificates_per_employee = 2.9
2025-10-15 22:10:53,941 — ScientificAnalyzer — INFO — Calculating metric: top_performers
2025-10-15 22:10:53,945 — ScientificAnalyzer — INFO — Metric calculated: top_performers = 2
2025-10-15 22:10:53,946 — ScientificAnalyzer — INFO — Scientific Potential analysis completed successfully
2025-10-15 22:16:28,911 — ScientificAnalyzer — INFO — Initializing BaseAnalyzer
2025-10-15 22:16:28,911 — ScientificAnalyzer — INFO — Starting JSON load
2025-10-15 22:16:28,942 — ScientificAnalyzer — INFO — JSON loaded: meta=True, dep=30, emp=755, proj=100, eq=200
2025-10-15 22:16:28,972 — ScientificAnalyzer — INFO — Employees DF built: 21 rows for department_id=26
2025-10-15 22:16:28,986 — ScientificAnalyzer — INFO — Projects DF built: 8 rows with department_id=26 participation
2025-10-15 22:16:28,987 — ScientificAnalyzer — INFO — DF ready: employees=21 rows; projects=8 rows
2025-10-15 22:16:28,987 — ScientificAnalyzer — INFO — Starting Scientific Potential analysis
2025-10-15 22:16:28,988 — ScientificAnalyzer — INFO — Calculating metric: degree_distribution
2025-10-15 22:16:28,990 — ScientificAnalyzer — INFO — Metric calculated: degree_distribution = 21
2025-10-15 22:16:28,991 — ScientificAnalyzer — INFO — Calculating metric: avg_certificates_per_employee
2025-10-15 22:16:28,992 — ScientificAnalyzer — INFO — Metric calculated: avg_certificates_per_employee = 2.9
2025-10-15 22:16:28,993 — ScientificAnalyzer — INFO — Calculating metric: top_performers
2025-10-15 22:16:28,998 — ScientificAnalyzer — INFO — Metric calculated: top_performers = 2
2025-10-15 22:16:28,998 — ScientificAnalyzer — INFO — Scientific Potential analysis completed successfully
2025-10-15 22:17:00,591 — ScientificAnalyzer — INFO — Initializing BaseAnalyzer
2025-10-15 22:17:00,591 — ScientificAnalyzer — INFO — Starting JSON load
2025-10-15 22:17:00,626 — ScientificAnalyzer — INFO — JSON loaded: meta=True, dep=30, emp=755, proj=100, eq=200
2025-10-15 22:17:00,648 — ScientificAnalyzer — INFO — Employees DF built: 21 rows for department_id=26
2025-10-15 22:17:00,660 — ScientificAnalyzer — INFO — Projects DF built: 8 rows with department_id=26 participation
2025-10-15 22:17:00,661 — ScientificAnalyzer — INFO — DF ready: employees=21 rows; projects=8 rows
2025-10-15 22:17:00,662 — ScientificAnalyzer — INFO — Starting Scientific Potential analysis
2025-10-15 22:17:00,670 — ScientificAnalyzer — INFO — Calculating metric: degree_distribution
2025-10-15 22:17:00,672 — ScientificAnalyzer — INFO — Metric calculated: degree_distribution = 21
2025-10-15 22:17:00,673 — ScientificAnalyzer — INFO — Calculating metric: avg_certificates_per_employee
2025-10-15 22:17:00,674 — ScientificAnalyzer — INFO — Metric calculated: avg_certificates_per_employee = 2.9
2025-10-15 22:17:00,674 — ScientificAnalyzer — INFO — Calculating metric: top_performers
2025-10-15 22:17:00,677 — ScientificAnalyzer — INFO — Metric calculated: top_performers = 2
2025-10-15 22:17:00,678 — ScientificAnalyzer — INFO — Scientific Potential analysis completed successfully
2025-10-15 22:18:53,990 — ScientificAnalyzer — INFO — Initializing BaseAnalyzer
2025-10-15 22:18:53,990 — ScientificAnalyzer — INFO — Starting JSON load
2025-10-15 22:18:54,010 — ScientificAnalyzer — INFO — JSON loaded: meta=True, dep=30, emp=755, proj=100, eq=200
2025-10-15 22:18:54,035 — ScientificAnalyzer — INFO — Employees DF built: 21 rows for department_id=26
2025-10-15 22:18:54,052 — ScientificAnalyzer — INFO — Projects DF built: 8 rows with department_id=26 participation
2025-10-15 22:18:54,052 — ScientificAnalyzer — INFO — DF ready: employees=21 rows; projects=8 rows
2025-10-15 22:18:54,053 — ScientificAnalyzer — INFO — Starting Scientific Potential analysis
2025-10-15 22:18:54,053 — ScientificAnalyzer — INFO — Calculating metric: degree_distribution
2025-10-15 22:18:54,055 — ScientificAnalyzer — INFO — Metric calculated: degree_distribution = 21
2025-10-15 22:18:54,056 — ScientificAnalyzer — INFO — Calculating metric: avg_certificates_per_employee
2025-10-15 22:18:54,056 — ScientificAnalyzer — INFO — Metric calculated: avg_certificates_per_employee = 2.9
2025-10-15 22:18:54,057 — ScientificAnalyzer — INFO — Calculating metric: top_performers
2025-10-15 22:18:54,060 — ScientificAnalyzer — INFO — Metric calculated: top_performers = 2
2025-10-15 22:18:54,060 — ScientificAnalyzer — INFO — Scientific Potential analysis completed successfully
2025-10-15 22:25:54,519 — ScientificAnalyzer — INFO — Initializing BaseAnalyzer
2025-10-15 22:25:54,519 — ScientificAnalyzer — INFO — Starting JSON load
2025-10-15 22:25:54,538 — ScientificAnalyzer — INFO — JSON loaded: meta=True, dep=30, emp=755, proj=100, eq=200
2025-10-15 22:25:54,565 — ScientificAnalyzer — INFO — Employees DF built: 21 rows for department_id=26
2025-10-15 22:25:54,576 — ScientificAnalyzer — INFO — Projects DF built: 8 rows with department_id=26 participation
2025-10-15 22:25:54,576 — ScientificAnalyzer — INFO — DF ready: employees=21 rows; projects=8 rows
2025-10-15 22:25:54,577 — ScientificAnalyzer — INFO — Starting Scientific Potential analysis
2025-10-15 22:25:54,577 — ScientificAnalyzer — INFO — Calculating metric: degree_distribution
2025-10-15 22:25:54,579 — ScientificAnalyzer — INFO — Metric calculated: degree_distribution = 21
2025-10-15 22:25:54,580 — ScientificAnalyzer — INFO — Calculating metric: avg_certificates_per_employee
2025-10-15 22:25:54,581 — ScientificAnalyzer — INFO — Metric calculated: avg_certificates_per_employee = 2.9
2025-10-15 22:25:54,581 — ScientificAnalyzer — INFO — Calculating metric: top_performers
2025-10-15 22:25:54,585 — ScientificAnalyzer — INFO — Metric calculated: top_performers = 2
2025-10-15 22:25:54,586 — ScientificAnalyzer — INFO — Scientific Potential analysis completed successfully
2025-10-15 22:27:08,634 — ScientificAnalyzer — INFO — Initializing BaseAnalyzer
2025-10-15 22:27:08,635 — ScientificAnalyzer — INFO — Starting JSON load
2025-10-15 22:27:08,660 — ScientificAnalyzer — INFO — JSON loaded: meta=True, dep=30, emp=755, proj=100, eq=200
2025-10-15 22:27:08,682 — ScientificAnalyzer — INFO — Employees DF built: 21 rows for department_id=26
2025-10-15 22:27:08,698 — ScientificAnalyzer — INFO — Projects DF built: 8 rows with department_id=26 participation
2025-10-15 22:27:08,698 — ScientificAnalyzer — INFO — DF ready: employees=21 rows; projects=8 rows
2025-10-15 22:27:08,699 — ScientificAnalyzer — INFO — Starting Scientific Potential analysis
2025-10-15 22:27:08,700 — ScientificAnalyzer — INFO — Calculating metric: degree_distribution
2025-10-15 22:27:08,702 — ScientificAnalyzer — INFO — Metric calculated: degree_distribution = 21
2025-10-15 22:27:08,702 — ScientificAnalyzer — INFO — Calculating metric: avg_certificates_per_employee
2025-10-15 22:27:08,703 — ScientificAnalyzer — INFO — Metric calculated: avg_certificates_per_employee = 2.9
2025-10-15 22:27:08,703 — ScientificAnalyzer — INFO — Calculating metric: top_performers
2025-10-15 22:27:08,707 — ScientificAnalyzer — INFO — Metric calculated: top_performers = 2
2025-10-15 22:27:08,707 — ScientificAnalyzer — INFO — Scientific Potential analysis completed successfully
2025-10-15 22:41:24,298 — ScientificAnalyzer — INFO — Initializing BaseAnalyzer
2025-10-15 22:41:24,299 — ScientificAnalyzer — INFO — Starting JSON load
2025-10-15 22:41:24,317 — ScientificAnalyzer — INFO — JSON loaded: meta=True, dep=30, emp=755, proj=100, eq=200
2025-10-15 22:41:24,344 — ScientificAnalyzer — INFO — Employees DF built: 21 rows for department_id=26
2025-10-15 22:41:24,357 — ScientificAnalyzer — INFO — Projects DF built: 8 rows with department_id=26 participation
2025-10-15 22:41:24,357 — ScientificAnalyzer — INFO — DF ready: employees=21 rows; projects=8 rows
2025-10-15 22:41:24,358 — ScientificAnalyzer — INFO — Starting Scientific Potential analysis
2025-10-15 22:41:24,359 — ScientificAnalyzer — INFO — Calculating metric: degree_distribution
2025-10-15 22:41:24,361 — ScientificAnalyzer — INFO — Metric calculated: degree_distribution = 21
2025-10-15 22:41:24,361 — ScientificAnalyzer — INFO — Calculating metric: avg_certificates_per_employee
2025-10-15 22:41:24,362 — ScientificAnalyzer — INFO — Metric calculated: avg_certificates_per_employee = 2.9
2025-10-15 22:41:24,363 — ScientificAnalyzer — INFO — Calculating metric: top_performers
2025-10-15 22:41:24,366 — ScientificAnalyzer — INFO — Metric calculated: top_performers = 2
2025-10-15 22:41:24,367 — ScientificAnalyzer — INFO — Scientific Potential analysis completed successfully
2025-10-15 22:42:17,077 — ScientificAnalyzer — INFO — Initializing BaseAnalyzer
2025-10-15 22:42:17,077 — ScientificAnalyzer — INFO — Starting JSON load
2025-10-15 22:42:17,102 — ScientificAnalyzer — INFO — JSON loaded: meta=True, dep=30, emp=755, proj=100, eq=200
2025-10-15 22:42:17,120 — ScientificAnalyzer — INFO — Employees DF built: 21 rows for department_id=26
2025-10-15 22:42:17,133 — ScientificAnalyzer — INFO — Projects DF built: 8 rows with department_id=26 participation
2025-10-15 22:42:17,134 — ScientificAnalyzer — INFO — DF ready: employees=21 rows; projects=8 rows
2025-10-15 22:42:17,134 — ScientificAnalyzer — INFO — Starting Scientific Potential analysis
2025-10-15 22:42:17,135 — ScientificAnalyzer — INFO — Calculating metric: degree_distribution
2025-10-15 22:42:17,136 — ScientificAnalyzer — INFO — Metric calculated: degree_distribution = 21
2025-10-15 22:42:17,136 — ScientificAnalyzer — INFO — Calculating metric: avg_certificates_per_employee
2025-10-15 22:42:17,137 — ScientificAnalyzer — INFO — Metric calculated: avg_certificates_per_employee = 2.9
2025-10-15 22:42:17,137 — ScientificAnalyzer — INFO — Calculating metric: top_performers
2025-10-15 22:42:17,140 — ScientificAnalyzer — INFO — Metric calculated: top_performers = 2
2025-10-15 22:42:17,141 — ScientificAnalyzer — INFO — Scientific Potential analysis completed successfully
2025-10-15 22:54:14,455 — ScientificAnalyzer — INFO — Initializing BaseAnalyzer
2025-10-15 22:54:14,455 — ScientificAnalyzer — INFO — Starting JSON load
2025-10-15 22:54:14,474 — ScientificAnalyzer — INFO — JSON loaded: meta=True, dep=30, emp=755, proj=100, eq=200
2025-10-15 22:54:14,491 — ScientificAnalyzer — INFO — Employees DF built: 21 rows for department_id=26
2025-10-15 22:54:14,500 — ScientificAnalyzer — INFO — Projects DF built: 8 rows with department_id=26 participation
2025-10-15 22:54:14,501 — ScientificAnalyzer — INFO — DF ready: employees=21 rows; projects=8 rows
2025-10-15 22:54:14,501 — ScientificAnalyzer — INFO — Starting Scientific Potential analysis
2025-10-15 22:54:14,502 — ScientificAnalyzer — INFO — Calculating metric: degree_distribution
2025-10-15 22:54:14,504 — ScientificAnalyzer — INFO — Metric calculated: degree_distribution = 21
2025-10-15 22:54:14,504 — ScientificAnalyzer — INFO — Calculating metric: avg_certificates_per_employee
2025-10-15 22:54:14,505 — ScientificAnalyzer — INFO — Metric calculated: avg_certificates_per_employee = 2.9
2025-10-15 22:54:14,506 — ScientificAnalyzer — INFO — Calculating metric: top_performers
2025-10-15 22:54:14,514 — ScientificAnalyzer — INFO — Metric calculated: top_performers = 2
2025-10-15 22:54:14,515 — ScientificAnalyzer — INFO — Scientific Potential analysis completed successfully
2025-10-15 23:08:02,872 — ScientificAnalyzer — INFO — Initializing BaseAnalyzer
2025-10-15 23:08:02,872 — ScientificAnalyzer — INFO — Starting JSON load
2025-10-15 23:08:02,891 — ScientificAnalyzer — INFO — JSON loaded: meta=True, dep=30, emp=755, proj=100, eq=200
2025-10-15 23:08:02,914 — ScientificAnalyzer — INFO — Employees DF built: 21 rows for department_id=26
2025-10-15 23:08:02,928 — ScientificAnalyzer — INFO — Projects DF built: 8 rows with department_id=26 participation
2025-10-15 23:08:02,929 — ScientificAnalyzer — INFO — DF ready: employees=21 rows; projects=8 rows
2025-10-15 23:08:02,930 — ScientificAnalyzer — INFO — Starting Scientific Potential analysis
2025-10-15 23:08:02,930 — ScientificAnalyzer — INFO — Calculating metric: degree_distribution
2025-10-15 23:08:02,932 — ScientificAnalyzer — INFO — Metric calculated: degree_distribution = 21
2025-10-15 23:08:02,933 — ScientificAnalyzer — INFO — Calculating metric: avg_certificates_per_employee
2025-10-15 23:08:02,934 — ScientificAnalyzer — INFO — Metric calculated: avg_certificates_per_employee = 2.9
2025-10-15 23:08:02,934 — ScientificAnalyzer — INFO — Calculating metric: top_performers
2025-10-15 23:08:02,939 — ScientificAnalyzer — INFO — Metric calculated: top_performers = 2
2025-10-15 23:08:02,940 — ScientificAnalyzer — INFO — Scientific Potential analysis completed successfully
2025-10-15 23:08:34,288 — ScientificAnalyzer — INFO — Initializing BaseAnalyzer
2025-10-15 23:08:34,288 — ScientificAnalyzer — INFO — Starting JSON load
2025-10-15 23:08:34,320 — ScientificAnalyzer — INFO — JSON loaded: meta=True, dep=30, emp=755, proj=100, eq=200
2025-10-15 23:08:34,344 — ScientificAnalyzer — INFO — Employees DF built: 21 rows for department_id=26
2025-10-15 23:08:34,356 — ScientificAnalyzer — INFO — Projects DF built: 8 rows with department_id=26 participation
2025-10-15 23:08:34,357 — ScientificAnalyzer — INFO — DF ready: employees=21 rows; projects=8 rows
2025-10-15 23:08:34,357 — ScientificAnalyzer — INFO — Starting Scientific Potential analysis
2025-10-15 23:08:34,358 — ScientificAnalyzer — INFO — Calculating metric: degree_distribution
2025-10-15 23:08:34,360 — ScientificAnalyzer — INFO — Metric calculated: degree_distribution = 21
2025-10-15 23:08:34,360 — ScientificAnalyzer — INFO — Calculating metric: avg_certificates_per_employee
2025-10-15 23:08:34,361 — ScientificAnalyzer — INFO — Metric calculated: avg_certificates_per_employee = 2.9
2025-10-15 23:08:34,362 — ScientificAnalyzer — INFO — Calculating metric: top_performers
2025-10-15 23:08:34,366 — ScientificAnalyzer — INFO — Metric calculated: top_performers = 2
2025-10-15 23:08:34,366 — ScientificAnalyzer — INFO — Scientific Potential analysis completed successfully
2025-10-15 23:16:30,900 — ScientificAnalyzer — INFO — Initializing BaseAnalyzer
2025-10-15 23:16:30,900 — ScientificAnalyzer — INFO — Starting JSON load
2025-10-15 23:16:30,927 — ScientificAnalyzer — INFO — JSON loaded: meta=True, dep=30, emp=755, proj=100, eq=200
2025-10-15 23:16:30,950 — ScientificAnalyzer — INFO — Employees DF built: 21 rows for department_id=26
2025-10-15 23:16:30,961 — ScientificAnalyzer — INFO — Projects DF built: 8 rows with department_id=26 participation
2025-10-15 23:16:30,962 — ScientificAnalyzer — INFO — DF ready: employees=21 rows; projects=8 rows
2025-10-15 23:16:30,962 — ScientificAnalyzer — INFO — Starting Scientific Potential analysis
2025-10-15 23:16:30,963 — ScientificAnalyzer — INFO — Calculating metric: degree_distribution
2025-10-15 23:16:30,967 — ScientificAnalyzer — INFO — Metric calculated: degree_distribution = 21
2025-10-15 23:16:30,968 — ScientificAnalyzer — INFO — Calculating metric: avg_certificates_per_employee
2025-10-15 23:16:30,969 — ScientificAnalyzer — INFO — Metric calculated: avg_certificates_per_employee = 2.9
2025-10-15 23:16:30,969 — ScientificAnalyzer — INFO — Calculating metric: top_performers
2025-10-15 23:16:30,975 — ScientificAnalyzer — INFO — Metric calculated: top_performers = 2
2025-10-15 23:16:30,975 — ScientificAnalyzer — INFO — Scientific Potential analysis completed successfully
2025-10-15 23:21:42,331 — ScientificAnalyzer — INFO — Initializing BaseAnalyzer
2025-10-15 23:21:42,331 — ScientificAnalyzer — INFO — Starting JSON load
2025-10-15 23:21:42,353 — ScientificAnalyzer — INFO — JSON loaded: meta=True, dep=30, emp=755, proj=100, eq=200
2025-10-15 23:21:42,383 — ScientificAnalyzer — INFO — Employees DF built: 21 rows for department_id=26
2025-10-15 23:21:42,415 — ScientificAnalyzer — INFO — Projects DF built: 8 rows with department_id=26 participation
2025-10-15 23:21:42,416 — ScientificAnalyzer — INFO — DF ready: employees=21 rows; projects=8 rows
2025-10-15 23:21:42,417 — ScientificAnalyzer — INFO — Starting Scientific Potential analysis
2025-10-15 23:21:42,420 — ScientificAnalyzer — INFO — Calculating metric: degree_distribution
2025-10-15 23:21:42,424 — ScientificAnalyzer — INFO — Metric calculated: degree_distribution = 21
2025-10-15 23:21:42,424 — ScientificAnalyzer — INFO — Calculating metric: avg_certificates_per_employee
2025-10-15 23:21:42,425 — ScientificAnalyzer — INFO — Metric calculated: avg_certificates_per_employee = 2.9
2025-10-15 23:21:42,426 — ScientificAnalyzer — INFO — Calculating metric: top_performers
2025-10-15 23:21:42,433 — ScientificAnalyzer — INFO — Metric calculated: top_performers = 2
2025-10-15 23:21:42,433 — ScientificAnalyzer — INFO — Scientific Potential analysis completed successfully
2025-10-15 23:25:01,378 — ScientificAnalyzer — INFO — Initializing BaseAnalyzer
2025-10-15 23:25:01,378 — ScientificAnalyzer — INFO — Starting JSON load
2025-10-15 23:25:01,400 — ScientificAnalyzer — INFO — JSON loaded: meta=True, dep=30, emp=755, proj=100, eq=200
2025-10-15 23:25:01,422 — ScientificAnalyzer — INFO — Employees DF built: 21 rows for department_id=26
2025-10-15 23:25:01,433 — ScientificAnalyzer — INFO — Projects DF built: 8 rows with department_id=26 participation
2025-10-15 23:25:01,434 — ScientificAnalyzer — INFO — DF ready: employees=21 rows; projects=8 rows
2025-10-15 23:25:01,435 — ScientificAnalyzer — INFO — Starting Scientific Potential analysis
2025-10-15 23:25:01,435 — ScientificAnalyzer — INFO — Calculating metric: degree_distribution
2025-10-15 23:25:01,438 — ScientificAnalyzer — INFO — Metric calculated: degree_distribution = 21
2025-10-15 23:25:01,439 — ScientificAnalyzer — INFO — Calculating metric: avg_certificates_per_employee
2025-10-15 23:25:01,439 — ScientificAnalyzer — INFO — Metric calculated: avg_certificates_per_employee = 2.9
2025-10-15 23:25:01,440 — ScientificAnalyzer — INFO — Calculating metric: top_performers
2025-10-15 23:25:01,443 — ScientificAnalyzer — INFO — Metric calculated: top_performers = 2
2025-10-15 23:25:01,443 — ScientificAnalyzer — INFO — Scientific Potential analysis completed successfully
2025-10-15 23:31:03,330 — ScientificAnalyzer — INFO — Initializing BaseAnalyzer
2025-10-15 23:31:03,330 — ScientificAnalyzer — INFO — Starting JSON load
2025-10-15 23:31:03,351 — ScientificAnalyzer — INFO — JSON loaded: meta=True, dep=30, emp=755, proj=100, eq=200
2025-10-15 23:31:03,374 — ScientificAnalyzer — INFO — Employees DF built: 21 rows for department_id=26
2025-10-15 23:31:03,387 — ScientificAnalyzer — INFO — Projects DF built: 8 rows with department_id=26 participation
2025-10-15 23:31:03,388 — ScientificAnalyzer — INFO — DF ready: employees=21 rows; projects=8 rows
2025-10-15 23:31:03,388 — ScientificAnalyzer — INFO — Starting Scientific Potential analysis
2025-10-15 23:31:03,389 — ScientificAnalyzer — INFO — Calculating metric: degree_distribution
2025-10-15 23:31:03,390 — ScientificAnalyzer — INFO — Metric calculated: degree_distribution = 21
2025-10-15 23:31:03,390 — ScientificAnalyzer — INFO — Calculating metric: avg_certificates_per_employee
2025-10-15 23:31:03,391 — ScientificAnalyzer — INFO — Metric calculated: avg_certificates_per_employee = 2.9
2025-10-15 23:31:03,391 — ScientificAnalyzer — INFO — Calculating metric: top_performers
2025-10-15 23:31:03,395 — ScientificAnalyzer — INFO — Metric calculated: top_performers = 2
2025-10-15 23:31:03,397 — ScientificAnalyzer — INFO — Scientific Potential analysis completed successfully
2025-10-15 23:31:42,050 — ScientificAnalyzer — INFO — Initializing BaseAnalyzer
2025-10-15 23:31:42,051 — ScientificAnalyzer — INFO — Starting JSON load
2025-10-15 23:31:42,078 — ScientificAnalyzer — INFO — JSON loaded: meta=True, dep=30, emp=755, proj=100, eq=200
2025-10-15 23:31:42,101 — ScientificAnalyzer — INFO — Employees DF built: 21 rows for department_id=26
2025-10-15 23:31:42,113 — ScientificAnalyzer — INFO — Projects DF built: 8 rows with department_id=26 participation
2025-10-15 23:31:42,113 — ScientificAnalyzer — INFO — DF ready: employees=21 rows; projects=8 rows
2025-10-15 23:31:42,113 — ScientificAnalyzer — INFO — Starting Scientific Potential analysis
2025-10-15 23:31:42,113 — ScientificAnalyzer — INFO — Calculating metric: degree_distribution
2025-10-15 23:31:42,115 — ScientificAnalyzer — INFO — Metric calculated: degree_distribution = 21
2025-10-15 23:31:42,116 — ScientificAnalyzer — INFO — Calculating metric: avg_certificates_per_employee
2025-10-15 23:31:42,116 — ScientificAnalyzer — INFO — Metric calculated: avg_certificates_per_employee = 2.9
2025-10-15 23:31:42,117 — ScientificAnalyzer — INFO — Calculating metric: top_performers
2025-10-15 23:31:42,121 — ScientificAnalyzer — INFO — Metric calculated: top_performers = 2
2025-10-15 23:31:42,122 — ScientificAnalyzer — INFO — Scientific Potential analysis completed successfully
2025-10-15 23:33:07,400 — ScientificAnalyzer — INFO — Initializing BaseAnalyzer
2025-10-15 23:33:07,400 — ScientificAnalyzer — INFO — Starting JSON load
2025-10-15 23:33:07,420 — ScientificAnalyzer — INFO — JSON loaded: meta=True, dep=30, emp=755, proj=100, eq=200
2025-10-15 23:33:07,438 — ScientificAnalyzer — INFO — Employees DF built: 21 rows for department_id=26
2025-10-15 23:33:07,457 — ScientificAnalyzer — INFO — Projects DF built: 8 rows with department_id=26 participation
2025-10-15 23:33:07,459 — ScientificAnalyzer — INFO — DF ready: employees=21 rows; projects=8 rows
2025-10-15 23:33:07,461 — ScientificAnalyzer — INFO — Starting Scientific Potential analysis
2025-10-15 23:33:07,461 — ScientificAnalyzer — INFO — Calculating metric: degree_distribution
2025-10-15 23:33:07,463 — ScientificAnalyzer — INFO — Metric calculated: degree_distribution = 21
2025-10-15 23:33:07,464 — ScientificAnalyzer — INFO — Calculating metric: avg_certificates_per_employee
2025-10-15 23:33:07,464 — ScientificAnalyzer — INFO — Metric calculated: avg_certificates_per_employee = 2.9
2025-10-15 23:33:07,465 — ScientificAnalyzer — INFO — Calculating metric: top_performers
2025-10-15 23:33:07,468 — ScientificAnalyzer — INFO — Metric calculated: top_performers = 2
2025-10-15 23:33:07,468 — ScientificAnalyzer — INFO — Scientific Potential analysis completed successfully
2025-10-15 23:43:07,927 — ScientificAnalyzer — INFO — Initializing BaseAnalyzer
2025-10-15 23:43:07,929 — ScientificAnalyzer — INFO — Starting JSON load
2025-10-15 23:43:07,958 — ScientificAnalyzer — INFO — JSON loaded: meta=True, dep=30, emp=755, proj=100, eq=200
2025-10-15 23:43:07,982 — ScientificAnalyzer — INFO — Employees DF built: 21 rows for department_id=26
2025-10-15 23:43:07,991 — ScientificAnalyzer — INFO — Projects DF built: 8 rows with department_id=26 participation
2025-10-15 23:43:07,992 — ScientificAnalyzer — INFO — DF ready: employees=21 rows; projects=8 rows
2025-10-15 23:43:07,993 — ScientificAnalyzer — INFO — Starting Scientific Potential analysis
2025-10-15 23:43:07,994 — ScientificAnalyzer — INFO — Calculating metric: degree_distribution
2025-10-15 23:43:07,996 — ScientificAnalyzer — INFO — Metric calculated: degree_distribution = 21
2025-10-15 23:43:07,996 — ScientificAnalyzer — INFO — Calculating metric: avg_certificates_per_employee
2025-10-15 23:43:07,997 — ScientificAnalyzer — INFO — Metric calculated: avg_certificates_per_employee = 2.9
2025-10-15 23:43:07,998 — ScientificAnalyzer — INFO — Calculating metric: top_performers
2025-10-15 23:43:08,002 — ScientificAnalyzer — INFO — Metric calculated: top_performers = 2
2025-10-15 23:43:08,002 — ScientificAnalyzer — INFO — Scientific Potential analysis completed successfully
2025-10-15 23:46:09,095 — ScientificAnalyzer — INFO — Initializing BaseAnalyzer
2025-10-15 23:46:09,095 — ScientificAnalyzer — INFO — Starting JSON load
2025-10-15 23:46:09,117 — ScientificAnalyzer — INFO — JSON loaded: meta=True, dep=30, emp=755, proj=100, eq=200
2025-10-15 23:46:09,139 — ScientificAnalyzer — INFO — Employees DF built: 21 rows for department_id=26
2025-10-15 23:46:09,151 — ScientificAnalyzer — INFO — Projects DF built: 8 rows with department_id=26 participation
2025-10-15 23:46:09,152 — ScientificAnalyzer — INFO — DF ready: employees=21 rows; projects=8 rows
2025-10-15 23:46:09,152 — ScientificAnalyzer — INFO — Starting Scientific Potential analysis
2025-10-15 23:46:09,152 — ScientificAnalyzer — INFO — Calculating metric: degree_distribution
2025-10-15 23:46:09,153 — ScientificAnalyzer — INFO — Metric calculated: degree_distribution = 21
2025-10-15 23:46:09,154 — ScientificAnalyzer — INFO — Calculating metric: avg_certificates_per_employee
2025-10-15 23:46:09,155 — ScientificAnalyzer — INFO — Metric calculated: avg_certificates_per_employee = 2.9
2025-10-15 23:46:09,155 — ScientificAnalyzer — INFO — Calculating metric: top_performers
2025-10-15 23:46:09,160 — ScientificAnalyzer — INFO — Metric calculated: top_performers = 2
2025-10-15 23:46:09,160 — ScientificAnalyzer — INFO — Scientific Potential analysis completed successfully
2025-10-15 23:50:55,086 — ScientificAnalyzer — INFO — Initializing BaseAnalyzer
2025-10-15 23:50:55,087 — ScientificAnalyzer — INFO — Starting JSON load
2025-10-15 23:50:55,116 — ScientificAnalyzer — INFO — JSON loaded: meta=True, dep=30, emp=755, proj=100, eq=200
2025-10-15 23:50:55,143 — ScientificAnalyzer — INFO — Employees DF built: 21 rows for department_id=26
2025-10-15 23:50:55,157 — ScientificAnalyzer — INFO — Projects DF built: 8 rows with department_id=26 participation
2025-10-15 23:50:55,158 — ScientificAnalyzer — INFO — DF ready: employees=21 rows; projects=8 rows
2025-10-15 23:50:55,158 — ScientificAnalyzer — INFO — Starting Scientific Potential analysis
2025-10-15 23:50:55,159 — ScientificAnalyzer — INFO — Calculating metric: degree_distribution
2025-10-15 23:50:55,161 — ScientificAnalyzer — INFO — Metric calculated: degree_distribution = 21
2025-10-15 23:50:55,162 — ScientificAnalyzer — INFO — Calculating metric: avg_certificates_per_employee
2025-10-15 23:50:55,163 — ScientificAnalyzer — INFO — Metric calculated: avg_certificates_per_employee = 2.9
2025-10-15 23:50:55,163 — ScientificAnalyzer — INFO — Calculating metric: top_performers
2025-10-15 23:50:55,166 — ScientificAnalyzer — INFO — Metric calculated: top_performers = 2
2025-10-15 23:50:55,167 — ScientificAnalyzer — INFO — Scientific Potential analysis completed successfully
