2025-10-16 00:03:10,771 — StrategyAnalyzer — INFO — Initializing BaseAnalyzer
2025-10-16 00:03:10,772 — StrategyAnalyzer — INFO — Starting JSON load
2025-10-16 00:03:10,809 — StrategyAnalyzer — INFO — JSON loaded: meta=True, dep=30, emp=755, proj=100, eq=200
2025-10-16 00:03:10,825 — StrategyAnalyzer — INFO — Employees DF built: 21 rows for department_id=26
2025-10-16 00:03:10,834 — StrategyAnalyzer — INFO — Projects DF built: 8 rows with department_id=26 participation
2025-10-16 00:03:10,835 — StrategyAnalyzer — INFO — DF ready: employees=21 rows; projects=8 rows
2025-10-16 00:03:10,844 — StrategyAnalyzer — INFO — Starting Development Strategy — dept=26 (allocation-based, simplified) analysis
2025-10-16 00:03:10,857 — StrategyAnalyzer — INFO — Development Strategy — dept=26 (allocation-based, simplified) analysis completed successfully
2025-10-16 00:05:12,723 — StrategyAnalyzer — INFO — Initializing BaseAnalyzer
2025-10-16 00:05:12,723 — StrategyAnalyzer — INFO — Starting JSON load
2025-10-16 00:05:12,771 — StrategyAnalyzer — INFO — JSON loaded: meta=True, dep=30, emp=755, proj=100, eq=200
2025-10-16 00:05:12,788 — StrategyAnalyzer — INFO — Employees DF built: 21 rows for department_id=26
2025-10-16 00:05:12,798 — StrategyAnalyzer — INFO — Projects DF built: 8 rows with department_id=26 participation
2025-10-16 00:05:12,799 — StrategyAnalyzer — INFO — DF ready: employees=21 rows; projects=8 rows
2025-10-16 00:05:12,799 — StrategyAnalyzer — INFO — Starting Development Strategy — dept=26 (allocation-based, simplified) analysis
2025-10-16 00:05:12,812 — StrategyAnalyzer — INFO — Development Strategy — dept=26 (allocation-based, simplified) analysis completed successfully
2025-10-16 00:06:38,172 — StrategyAnalyzer — INFO — Initializing BaseAnalyzer
2025-10-16 00:06:38,173 — StrategyAnalyzer — INFO — Starting JSON load
2025-10-16 00:06:38,211 — StrategyAnalyzer — INFO — JSON loaded: meta=True, dep=30, emp=755, proj=100, eq=200
2025-10-16 00:06:38,226 — StrategyAnalyzer — INFO — Employees DF built: 21 rows for department_id=26
2025-10-16 00:06:38,236 — StrategyAnalyzer — INFO — Projects DF built: 8 rows with department_id=26 participation
2025-10-16 00:06:38,236 — StrategyAnalyzer — INFO — DF ready: employees=21 rows; projects=8 rows
2025-10-16 00:06:38,237 — StrategyAnalyzer — INFO — Starting Development Strategy — dept=26 (allocation-based, simplified) analysis
2025-10-16 00:06:38,247 — StrategyAnalyzer — INFO — Development Strategy — dept=26 (allocation-based, simplified) analysis completed successfully
2025-10-16 00:08:37,156 — StrategyAnalyzer — INFO — Initializing BaseAnalyzer
2025-10-16 00:08:37,156 — StrategyAnalyzer — INFO — Starting JSON load
2025-10-16 00:08:37,207 — StrategyAnalyzer — INFO — JSON loaded: meta=True, dep=30, emp=755, proj=100, eq=200
2025-10-16 00:08:37,219 — StrategyAnalyzer — INFO — Employees DF built: 21 rows for department_id=26
2025-10-16 00:08:37,234 — StrategyAnalyzer — INFO — Projects DF built: 8 rows with department_id=26 participation
2025-10-16 00:08:37,234 — StrategyAnalyzer — INFO — DF ready: employees=21 rows; projects=8 rows
2025-10-16 00:08:37,235 — StrategyAnalyzer — INFO — Starting Development Strategy — dept=26 (allocation-based, simplified) analysis
2025-10-16 00:08:37,244 — StrategyAnalyzer — INFO — Development Strategy — dept=26 (allocation-based, simplified) analysis completed successfully
2025-10-16 00:17:40,359 - StrategyAnalyzer - INFO - Initializing BaseAnalyzer
2025-10-16 00:17:40,360 - StrategyAnalyzer - INFO - Starting JSON load
2025-10-16 00:17:40,407 - StrategyAnalyzer - INFO - JSON loaded: meta=True, dep=30, emp=755, proj=100, eq=200
2025-10-16 00:17:40,426 - StrategyAnalyzer - INFO - Employees DF built: 21 rows for department_id=26
2025-10-16 00:17:40,438 - StrategyAnalyzer - INFO - Projects DF built: 8 rows with department_id=26 participation
2025-10-16 00:17:40,439 - StrategyAnalyzer - INFO - DF ready: employees=21 rows; projects=8 rows
2025-10-16 00:17:40,439 - StrategyAnalyzer - INFO - Starting Development Strategy - dept=26 (allocation-based, simplified) analysis
2025-10-16 00:17:40,451 - StrategyAnalyzer - INFO - Development Strategy - dept=26 (allocation-based, simplified) analysis completed successfully
2025-10-16 00:21:16,819 - StrategyAnalyzer - INFO - Initializing BaseAnalyzer
2025-10-16 00:21:16,820 - StrategyAnalyzer - INFO - Starting JSON load
2025-10-16 00:21:16,865 - StrategyAnalyzer - INFO - JSON loaded: meta=True, dep=30, emp=755, proj=100, eq=200
2025-10-16 00:21:16,884 - StrategyAnalyzer - INFO - Employees DF built: 21 rows for department_id=26
2025-10-16 00:21:16,892 - StrategyAnalyzer - INFO - Projects DF built: 8 rows with department_id=26 participation
2025-10-16 00:21:16,893 - StrategyAnalyzer - INFO - DF ready: employees=21 rows; projects=8 rows
2025-10-16 00:21:16,893 - StrategyAnalyzer - INFO - Starting Development Strategy - dept=26 (allocation-based, simplified) analysis
2025-10-16 00:21:16,907 - StrategyAnalyzer - INFO - Development Strategy - dept=26 (allocation-based, simplified) analysis completed successfully
2025-10-16 00:23:14,876 - StrategyAnalyzer - INFO - Initializing BaseAnalyzer
2025-10-16 00:23:14,876 - StrategyAnalyzer - INFO - Starting JSON load
2025-10-16 00:23:14,913 - StrategyAnalyzer - INFO - JSON loaded: meta=True, dep=30, emp=755, proj=100, eq=200
2025-10-16 00:23:14,930 - StrategyAnalyzer - INFO - Employees DF built: 21 rows for department_id=26
2025-10-16 00:23:14,961 - StrategyAnalyzer - INFO - Projects DF built: 8 rows with department_id=26 participation
2025-10-16 00:23:14,962 - StrategyAnalyzer - INFO - DF ready: employees=21 rows; projects=8 rows
2025-10-16 00:23:14,962 - StrategyAnalyzer - INFO - Starting Development Strategy - dept=26 (allocation-based, simplified) analysis
2025-10-16 00:23:14,986 - StrategyAnalyzer - INFO - Development Strategy - dept=26 (allocation-based, simplified) analysis completed successfully
2025-10-16 00:23:51,312 - StrategyAnalyzer - INFO - Initializing BaseAnalyzer
2025-10-16 00:23:51,312 - StrategyAnalyzer - INFO - Starting JSON load
2025-10-16 00:23:51,363 - StrategyAnalyzer - INFO - JSON loaded: meta=True, dep=30, emp=755, proj=100, eq=200
2025-10-16 00:23:51,384 - StrategyAnalyzer - INFO - Employees DF built: 21 rows for department_id=26
2025-10-16 00:23:51,393 - StrategyAnalyzer - INFO - Projects DF built: 8 rows with department_id=26 participation
2025-10-16 00:23:51,394 - StrategyAnalyzer - INFO - DF ready: employees=21 rows; projects=8 rows
2025-10-16 00:23:51,394 - StrategyAnalyzer - INFO - Starting Development Strategy - dept=26 (allocation-based, simplified) analysis
2025-10-16 00:23:51,407 - StrategyAnalyzer - INFO - Development Strategy - dept=26 (allocation-based, simplified) analysis completed successfully
2025-10-16 00:35:23,600 - StrategyAnalyzer - INFO - Initializing BaseAnalyzer
2025-10-16 00:35:23,600 - StrategyAnalyzer - INFO - Starting JSON load
2025-10-16 00:35:23,652 - StrategyAnalyzer - INFO - JSON loaded: meta=True, dep=30, emp=755, proj=100, eq=200
2025-10-16 00:35:23,670 - StrategyAnalyzer - INFO - Employees DF built: 21 rows for department_id=26
2025-10-16 00:35:23,681 - StrategyAnalyzer - INFO - Projects DF built: 8 rows with department_id=26 participation
2025-10-16 00:35:23,682 - StrategyAnalyzer - INFO - DF ready: employees=21 rows; projects=8 rows
2025-10-16 00:35:23,682 - StrategyAnalyzer - INFO - Starting Development Strategy - dept=26 (allocation-based, simplified) analysis
2025-10-16 00:35:23,693 - StrategyAnalyzer - INFO - Development Strategy - dept=26 (allocation-based, simplified) analysis completed successfully
2025-10-16 00:39:31,159 - StrategyAnalyzer - INFO - Initializing BaseAnalyzer
2025-10-16 00:39:31,159 - StrategyAnalyzer - INFO - Starting JSON load
2025-10-16 00:39:31,202 - StrategyAnalyzer - INFO - JSON loaded: meta=True, dep=30, emp=755, proj=100, eq=200
2025-10-16 00:39:31,220 - StrategyAnalyzer - INFO - Employees DF built: 21 rows for department_id=26
2025-10-16 00:39:31,232 - StrategyAnalyzer - INFO - Projects DF built: 8 rows with department_id=26 participation
2025-10-16 00:39:31,232 - StrategyAnalyzer - INFO - DF ready: employees=21 rows; projects=8 rows
2025-10-16 00:39:31,232 - StrategyAnalyzer - INFO - Starting Development Strategy - dept=26 (allocation-based, simplified) analysis
2025-10-16 00:39:31,246 - StrategyAnalyzer - INFO - Development Strategy - dept=26 (allocation-based, simplified) analysis completed successfully
2025-10-16 00:43:23,617 - StrategyAnalyzer - INFO - Initializing BaseAnalyzer
2025-10-16 00:43:23,618 - StrategyAnalyzer - INFO - Starting JSON load
2025-10-16 00:43:23,653 - StrategyAnalyzer - INFO - JSON loaded: meta=True, dep=30, emp=755, proj=100, eq=200
2025-10-16 00:43:23,669 - StrategyAnalyzer - INFO - Employees DF built: 21 rows for department_id=26
2025-10-16 00:43:23,681 - StrategyAnalyzer - INFO - Projects DF built: 8 rows with department_id=26 participation
2025-10-16 00:43:23,682 - StrategyAnalyzer - INFO - DF ready: employees=21 rows; projects=8 rows
2025-10-16 00:43:23,682 - StrategyAnalyzer - INFO - Starting Development Strategy - dept=26 (allocation-based, simplified) analysis
2025-10-16 00:43:23,693 - StrategyAnalyzer - INFO - Development Strategy - dept=26 (allocation-based, simplified) analysis completed successfully
2025-10-16 00:44:43,298 - StrategyAnalyzer - INFO - Initializing BaseAnalyzer
2025-10-16 00:44:43,298 - StrategyAnalyzer - INFO - Starting JSON load
2025-10-16 00:44:43,343 - StrategyAnalyzer - INFO - JSON loaded: meta=True, dep=30, emp=755, proj=100, eq=200
2025-10-16 00:44:43,361 - StrategyAnalyzer - INFO - Employees DF built: 21 rows for department_id=26
2025-10-16 00:44:43,372 - StrategyAnalyzer - INFO - Projects DF built: 8 rows with department_id=26 participation
2025-10-16 00:44:43,372 - StrategyAnalyzer - INFO - DF ready: employees=21 rows; projects=8 rows
2025-10-16 00:44:43,372 - StrategyAnalyzer - INFO - Starting Development Strategy - dept=26 (allocation-based, simplified) analysis
2025-10-16 00:44:43,384 - StrategyAnalyzer - INFO - Development Strategy - dept=26 (allocation-based, simplified) analysis completed successfully
2025-10-16 00:48:22,102 - StrategyAnalyzer - INFO - Initializing BaseAnalyzer
2025-10-16 00:48:22,103 - StrategyAnalyzer - INFO - Starting JSON load
2025-10-16 00:48:22,143 - StrategyAnalyzer - INFO - JSON loaded: meta=True, dep=30, emp=755, proj=100, eq=200
2025-10-16 00:48:22,193 - StrategyAnalyzer - INFO - Employees DF built: 21 rows for department_id=26
2025-10-16 00:48:22,216 - StrategyAnalyzer - INFO - Projects DF built: 8 rows with department_id=26 participation
2025-10-16 00:48:22,216 - StrategyAnalyzer - INFO - DF ready: employees=21 rows; projects=8 rows
2025-10-16 00:48:22,217 - StrategyAnalyzer - INFO - Starting Development Strategy - dept=26 (allocation-based, simplified) analysis
2025-10-16 00:48:22,229 - StrategyAnalyzer - INFO - Development Strategy - dept=26 (allocation-based, simplified) analysis completed successfully
2025-10-16 00:50:39,713 - StrategyAnalyzer - INFO - Initializing BaseAnalyzer
2025-10-16 00:50:39,713 - StrategyAnalyzer - INFO - Starting JSON load
2025-10-16 00:50:39,756 - StrategyAnalyzer - INFO - JSON loaded: meta=True, dep=30, emp=755, proj=100, eq=200
2025-10-16 00:50:39,772 - StrategyAnalyzer - INFO - Employees DF built: 21 rows for department_id=26
2025-10-16 00:50:39,782 - StrategyAnalyzer - INFO - Projects DF built: 8 rows with department_id=26 participation
2025-10-16 00:50:39,783 - StrategyAnalyzer - INFO - DF ready: employees=21 rows; projects=8 rows
2025-10-16 00:50:39,783 - StrategyAnalyzer - INFO - Starting Development Strategy - dept=26 (allocation-based, simplified) analysis
2025-10-16 00:50:39,796 - StrategyAnalyzer - INFO - Development Strategy - dept=26 (allocation-based, simplified) analysis completed successfully
2025-10-16 00:50:53,978 - StrategyAnalyzer - INFO - Initializing BaseAnalyzer
2025-10-16 00:50:53,978 - StrategyAnalyzer - INFO - Starting JSON load
2025-10-16 00:50:54,034 - StrategyAnalyzer - INFO - JSON loaded: meta=True, dep=30, emp=755, proj=100, eq=200
2025-10-16 00:50:54,053 - StrategyAnalyzer - INFO - Employees DF built: 21 rows for department_id=26
2025-10-16 00:50:54,062 - StrategyAnalyzer - INFO - Projects DF built: 8 rows with department_id=26 participation
2025-10-16 00:50:54,062 - StrategyAnalyzer - INFO - DF ready: employees=21 rows; projects=8 rows
2025-10-16 00:50:54,064 - StrategyAnalyzer - INFO - Starting Development Strategy - dept=26 (allocation-based, simplified) analysis
2025-10-16 00:50:54,079 - StrategyAnalyzer - INFO - Development Strategy - dept=26 (allocation-based, simplified) analysis completed successfully
2025-10-16 00:56:13,352 - StrategyAnalyzer - INFO - Initializing BaseAnalyzer
2025-10-16 00:56:13,352 - StrategyAnalyzer - INFO - Starting JSON load
2025-10-16 00:56:13,403 - StrategyAnalyzer - INFO - JSON loaded: meta=True, dep=30, emp=755, proj=100, eq=200
2025-10-16 00:56:13,418 - StrategyAnalyzer - INFO - Employees DF built: 21 rows for department_id=26
2025-10-16 00:56:13,435 - StrategyAnalyzer - INFO - Projects DF built: 8 rows with department_id=26 participation
2025-10-16 00:56:13,435 - StrategyAnalyzer - INFO - DF ready: employees=21 rows; projects=8 rows
2025-10-16 00:56:13,436 - StrategyAnalyzer - INFO - Starting Development Strategy - dept=26 (allocation-based, simplified) analysis
2025-10-16 00:56:13,455 - StrategyAnalyzer - INFO - Development Strategy - dept=26 (allocation-based, simplified) analysis completed successfully
2025-10-16 00:57:39,310 - StrategyAnalyzer - INFO - Initializing BaseAnalyzer
2025-10-16 00:57:39,310 - StrategyAnalyzer - INFO - Starting JSON load
2025-10-16 00:57:39,349 - StrategyAnalyzer - INFO - JSON loaded: meta=True, dep=30, emp=755, proj=100, eq=200
2025-10-16 00:57:39,363 - StrategyAnalyzer - INFO - Employees DF built: 21 rows for department_id=26
2025-10-16 00:57:39,372 - StrategyAnalyzer - INFO - Projects DF built: 8 rows with department_id=26 participation
2025-10-16 00:57:39,373 - StrategyAnalyzer - INFO - DF ready: employees=21 rows; projects=8 rows
2025-10-16 00:57:39,373 - StrategyAnalyzer - INFO - Starting Development Strategy - dept=26 (allocation-based, simplified) analysis
2025-10-16 00:57:39,386 - StrategyAnalyzer - INFO - Development Strategy - dept=26 (allocation-based, simplified) analysis completed successfully
2025-10-16 00:59:21,433 - StrategyAnalyzer - INFO - Initializing BaseAnalyzer
2025-10-16 00:59:21,434 - StrategyAnalyzer - INFO - Starting JSON load
2025-10-16 00:59:21,483 - StrategyAnalyzer - INFO - JSON loaded: meta=True, dep=30, emp=755, proj=100, eq=200
2025-10-16 00:59:21,497 - StrategyAnalyzer - INFO - Employees DF built: 21 rows for department_id=26
2025-10-16 00:59:21,507 - StrategyAnalyzer - INFO - Projects DF built: 8 rows with department_id=26 participation
2025-10-16 00:59:21,507 - StrategyAnalyzer - INFO - DF ready: employees=21 rows; projects=8 rows
2025-10-16 00:59:21,508 - StrategyAnalyzer - INFO - Starting Development Strategy - dept=26 (allocation-based, simplified) analysis
2025-10-16 00:59:21,520 - StrategyAnalyzer - INFO - Development Strategy - dept=26 (allocation-based, simplified) analysis completed successfully
2025-10-16 01:19:15,266 - StrategyAnalyzer - INFO - Initializing BaseAnalyzer
2025-10-16 01:19:15,266 - StrategyAnalyzer - INFO - Starting JSON load
2025-10-16 01:19:15,305 - StrategyAnalyzer - INFO - JSON loaded: meta=True, dep=30, emp=755, proj=100, eq=200
2025-10-16 01:19:15,325 - StrategyAnalyzer - INFO - Employees DF built: 21 rows for department_id=26
2025-10-16 01:19:15,335 - StrategyAnalyzer - INFO - Projects DF built: 8 rows with department_id=26 participation
2025-10-16 01:19:15,335 - StrategyAnalyzer - INFO - DF ready: employees=21 rows; projects=8 rows
2025-10-16 01:19:15,335 - StrategyAnalyzer - INFO - Starting Development Strategy - dept=26 (allocation-based, simplified) analysis
2025-10-16 01:19:15,348 - StrategyAnalyzer - INFO - Development Strategy - dept=26 (allocation-based, simplified) analysis completed successfully
